[2021-06-18 08:55:12][handler_excel: 46][HandlerExcel][[1;34mDEBUG[0m] "sheet to be removed: 'overview'"
[2021-06-18 08:55:12][handler_excel: 46][HandlerExcel][[1;34mDEBUG[0m] "sheet to be removed: 'Automation team workspace'"
[2021-06-18 08:55:12][handler_excel: 46][HandlerExcel][[1;34mDEBUG[0m] "sheet to be removed: 'Core team workspace'"
[2021-06-18 08:55:12][handler_excel: 46][HandlerExcel][[1;34mDEBUG[0m] "sheet to be removed: 'OEE'"
[2021-06-18 08:55:12][handler_excel: 46][HandlerExcel][[1;34mDEBUG[0m] "sheet to be removed: 'ST_Main'"
[2021-06-18 08:55:12][handler_excel: 46][HandlerExcel][[1;34mDEBUG[0m] "sheet to be removed: 'ST_Constant'"
[2021-06-18 08:55:12][handler_excel: 46][HandlerExcel][[1;34mDEBUG[0m] "sheet to be removed: 'EX_Constant'"
[2021-06-18 08:55:12][handler_excel: 46][HandlerExcel][[1;34mDEBUG[0m] "sheet to be removed: 'TP_Main'"
[2021-06-18 08:55:12][handler_excel: 46][HandlerExcel][[1;34mDEBUG[0m] "sheet to be removed: 'TP_Constant'"
[2021-06-18 08:55:12][handler_excel: 46][HandlerExcel][[1;34mDEBUG[0m] "sheet to be removed: 'EM'"
[2021-06-18 08:55:12][handler_excel: 46][HandlerExcel][[1;34mDEBUG[0m] "sheet to be removed: 'data resource'"
[2021-06-18 08:58:53][handler_excel: 46][HandlerExcel][[1;34mDEBUG[0m] "sheet to be removed: 'overview'"
[2021-06-18 08:58:53][handler_excel: 46][HandlerExcel][[1;34mDEBUG[0m] "sheet to be removed: 'Automation team workspace'"
[2021-06-18 08:58:53][handler_excel: 46][HandlerExcel][[1;34mDEBUG[0m] "sheet to be removed: 'Core team workspace'"
[2021-06-18 08:58:53][handler_excel: 46][HandlerExcel][[1;34mDEBUG[0m] "sheet to be removed: 'OEE'"
[2021-06-18 08:58:53][handler_excel: 46][HandlerExcel][[1;34mDEBUG[0m] "sheet to be removed: 'ST_Main'"
[2021-06-18 08:58:53][handler_excel: 46][HandlerExcel][[1;34mDEBUG[0m] "sheet to be removed: 'ST_Constant'"
[2021-06-18 08:58:53][handler_excel: 46][HandlerExcel][[1;34mDEBUG[0m] "sheet to be removed: 'EX_Constant'"
[2021-06-18 08:58:53][handler_excel: 46][HandlerExcel][[1;34mDEBUG[0m] "sheet to be removed: 'TP_Main'"
[2021-06-18 08:58:53][handler_excel: 46][HandlerExcel][[1;34mDEBUG[0m] "sheet to be removed: 'TP_Constant'"
[2021-06-18 08:58:53][handler_excel: 46][HandlerExcel][[1;34mDEBUG[0m] "sheet to be removed: 'EM'"
[2021-06-18 08:58:53][handler_excel: 46][HandlerExcel][[1;34mDEBUG[0m] "sheet to be removed: 'data resource'"
[2021-06-18 08:59:18][handler_excel: 46][HandlerExcel][[1;34mDEBUG[0m] "sheet to be removed: 'overview'"
[2021-06-18 08:59:18][handler_excel: 46][HandlerExcel][[1;34mDEBUG[0m] "sheet to be removed: 'Automation team workspace'"
[2021-06-18 08:59:18][handler_excel: 46][HandlerExcel][[1;34mDEBUG[0m] "sheet to be removed: 'Core team workspace'"
[2021-06-18 08:59:18][handler_excel: 46][HandlerExcel][[1;34mDEBUG[0m] "sheet to be removed: 'OEE'"
[2021-06-18 08:59:18][handler_excel: 46][HandlerExcel][[1;34mDEBUG[0m] "sheet to be removed: 'ST_Main'"
[2021-06-18 08:59:18][handler_excel: 46][HandlerExcel][[1;34mDEBUG[0m] "sheet to be removed: 'ST_Constant'"
[2021-06-18 08:59:18][handler_excel: 46][HandlerExcel][[1;34mDEBUG[0m] "sheet to be removed: 'EX_Constant'"
[2021-06-18 08:59:18][handler_excel: 46][HandlerExcel][[1;34mDEBUG[0m] "sheet to be removed: 'TP_Main'"
[2021-06-18 08:59:18][handler_excel: 46][HandlerExcel][[1;34mDEBUG[0m] "sheet to be removed: 'TP_Constant'"
[2021-06-18 08:59:18][handler_excel: 46][HandlerExcel][[1;34mDEBUG[0m] "sheet to be removed: 'EM'"
[2021-06-18 08:59:18][handler_excel: 46][HandlerExcel][[1;34mDEBUG[0m] "sheet to be removed: 'data resource'"
[2021-06-18 09:02:42][handler_excel: 46][HandlerExcel][[1;34mDEBUG[0m] "sheet to be removed: 'overview'"
[2021-06-18 09:02:42][handler_excel: 46][HandlerExcel][[1;34mDEBUG[0m] "sheet to be removed: 'Automation team workspace'"
[2021-06-18 09:02:42][handler_excel: 46][HandlerExcel][[1;34mDEBUG[0m] "sheet to be removed: 'Core team workspace'"
[2021-06-18 09:02:42][handler_excel: 46][HandlerExcel][[1;34mDEBUG[0m] "sheet to be removed: 'OEE'"
[2021-06-18 09:02:42][handler_excel: 46][HandlerExcel][[1;34mDEBUG[0m] "sheet to be removed: 'ST_Main'"
[2021-06-18 09:02:42][handler_excel: 46][HandlerExcel][[1;34mDEBUG[0m] "sheet to be removed: 'ST_Constant'"
[2021-06-18 09:02:42][handler_excel: 46][HandlerExcel][[1;34mDEBUG[0m] "sheet to be removed: 'EX_Constant'"
[2021-06-18 09:02:42][handler_excel: 46][HandlerExcel][[1;34mDEBUG[0m] "sheet to be removed: 'TP_Main'"
[2021-06-18 09:02:42][handler_excel: 46][HandlerExcel][[1;34mDEBUG[0m] "sheet to be removed: 'TP_Constant'"
[2021-06-18 09:02:42][handler_excel: 46][HandlerExcel][[1;34mDEBUG[0m] "sheet to be removed: 'EM'"
[2021-06-18 09:02:42][handler_excel: 46][HandlerExcel][[1;34mDEBUG[0m] "sheet to be removed: 'data resource'"
[2021-06-18 09:08:46][handler_excel: 46][HandlerExcel][[1;34mDEBUG[0m] "sheet to be removed: 'overview'"
[2021-06-18 09:08:46][handler_excel: 46][HandlerExcel][[1;34mDEBUG[0m] "sheet to be removed: 'Automation team workspace'"
[2021-06-18 09:08:46][handler_excel: 46][HandlerExcel][[1;34mDEBUG[0m] "sheet to be removed: 'Core team workspace'"
[2021-06-18 09:08:46][handler_excel: 46][HandlerExcel][[1;34mDEBUG[0m] "sheet to be removed: 'OEE'"
[2021-06-18 09:08:46][handler_excel: 46][HandlerExcel][[1;34mDEBUG[0m] "sheet to be removed: 'ST_Main'"
[2021-06-18 09:08:46][handler_excel: 46][HandlerExcel][[1;34mDEBUG[0m] "sheet to be removed: 'ST_Constant'"
[2021-06-18 09:08:46][handler_excel: 46][HandlerExcel][[1;34mDEBUG[0m] "sheet to be removed: 'EX_Constant'"
[2021-06-18 09:08:46][handler_excel: 46][HandlerExcel][[1;34mDEBUG[0m] "sheet to be removed: 'TP_Main'"
[2021-06-18 09:08:46][handler_excel: 46][HandlerExcel][[1;34mDEBUG[0m] "sheet to be removed: 'TP_Constant'"
[2021-06-18 09:08:46][handler_excel: 46][HandlerExcel][[1;34mDEBUG[0m] "sheet to be removed: 'EM'"
[2021-06-18 09:08:46][handler_excel: 46][HandlerExcel][[1;34mDEBUG[0m] "sheet to be removed: 'data resource'"
[2021-06-18 09:14:32][handler_excel: 46][HandlerExcel][[1;34mDEBUG[0m] "sheet to be removed: 'overview'"
[2021-06-18 09:14:32][handler_excel: 46][HandlerExcel][[1;34mDEBUG[0m] "sheet to be removed: 'Automation team workspace'"
[2021-06-18 09:14:32][handler_excel: 46][HandlerExcel][[1;34mDEBUG[0m] "sheet to be removed: 'Core team workspace'"
[2021-06-18 09:14:32][handler_excel: 46][HandlerExcel][[1;34mDEBUG[0m] "sheet to be removed: 'OEE'"
[2021-06-18 09:14:32][handler_excel: 46][HandlerExcel][[1;34mDEBUG[0m] "sheet to be removed: 'ST_Main'"
[2021-06-18 09:14:32][handler_excel: 46][HandlerExcel][[1;34mDEBUG[0m] "sheet to be removed: 'ST_Constant'"
[2021-06-18 09:14:32][handler_excel: 46][HandlerExcel][[1;34mDEBUG[0m] "sheet to be removed: 'EX_Constant'"
[2021-06-18 09:14:32][handler_excel: 46][HandlerExcel][[1;34mDEBUG[0m] "sheet to be removed: 'TP_Main'"
[2021-06-18 09:14:32][handler_excel: 46][HandlerExcel][[1;34mDEBUG[0m] "sheet to be removed: 'TP_Constant'"
[2021-06-18 09:14:32][handler_excel: 46][HandlerExcel][[1;34mDEBUG[0m] "sheet to be removed: 'EM'"
[2021-06-18 09:14:32][handler_excel: 46][HandlerExcel][[1;34mDEBUG[0m] "sheet to be removed: 'data resource'"
[2021-06-18 09:16:36][handler_excel: 46][HandlerExcel][[1;34mDEBUG[0m] "sheet to be removed: 'overview'"
[2021-06-18 09:16:36][handler_excel: 46][HandlerExcel][[1;34mDEBUG[0m] "sheet to be removed: 'Automation team workspace'"
[2021-06-18 09:16:36][handler_excel: 46][HandlerExcel][[1;34mDEBUG[0m] "sheet to be removed: 'Core team workspace'"
[2021-06-18 09:16:36][handler_excel: 46][HandlerExcel][[1;34mDEBUG[0m] "sheet to be removed: 'OEE'"
[2021-06-18 09:16:36][handler_excel: 46][HandlerExcel][[1;34mDEBUG[0m] "sheet to be removed: 'ST_Main'"
[2021-06-18 09:16:36][handler_excel: 46][HandlerExcel][[1;34mDEBUG[0m] "sheet to be removed: 'ST_Constant'"
[2021-06-18 09:16:36][handler_excel: 46][HandlerExcel][[1;34mDEBUG[0m] "sheet to be removed: 'EX_Constant'"
[2021-06-18 09:16:36][handler_excel: 46][HandlerExcel][[1;34mDEBUG[0m] "sheet to be removed: 'TP_Main'"
[2021-06-18 09:16:36][handler_excel: 46][HandlerExcel][[1;34mDEBUG[0m] "sheet to be removed: 'TP_Constant'"
[2021-06-18 09:16:36][handler_excel: 46][HandlerExcel][[1;34mDEBUG[0m] "sheet to be removed: 'EM'"
[2021-06-18 09:16:36][handler_excel: 46][HandlerExcel][[1;34mDEBUG[0m] "sheet to be removed: 'data resource'"
[2021-06-18 09:18:06][handler_excel: 46][HandlerExcel][[1;34mDEBUG[0m] "sheet to be removed: 'overview'"
[2021-06-18 09:18:06][handler_excel: 46][HandlerExcel][[1;34mDEBUG[0m] "sheet to be removed: 'Automation team workspace'"
[2021-06-18 09:18:06][handler_excel: 46][HandlerExcel][[1;34mDEBUG[0m] "sheet to be removed: 'Core team workspace'"
[2021-06-18 09:18:06][handler_excel: 46][HandlerExcel][[1;34mDEBUG[0m] "sheet to be removed: 'OEE'"
[2021-06-18 09:18:06][handler_excel: 46][HandlerExcel][[1;34mDEBUG[0m] "sheet to be removed: 'ST_Main'"
[2021-06-18 09:18:06][handler_excel: 46][HandlerExcel][[1;34mDEBUG[0m] "sheet to be removed: 'ST_Constant'"
[2021-06-18 09:18:06][handler_excel: 46][HandlerExcel][[1;34mDEBUG[0m] "sheet to be removed: 'EX_Constant'"
[2021-06-18 09:18:06][handler_excel: 46][HandlerExcel][[1;34mDEBUG[0m] "sheet to be removed: 'TP_Main'"
[2021-06-18 09:18:06][handler_excel: 46][HandlerExcel][[1;34mDEBUG[0m] "sheet to be removed: 'TP_Constant'"
[2021-06-18 09:18:06][handler_excel: 46][HandlerExcel][[1;34mDEBUG[0m] "sheet to be removed: 'EM'"
[2021-06-18 09:18:06][handler_excel: 46][HandlerExcel][[1;34mDEBUG[0m] "sheet to be removed: 'data resource'"
[2021-06-18 09:20:26][handler_excel: 46][HandlerExcel][[1;34mDEBUG[0m] "sheet to be removed: 'overview'"
[2021-06-18 09:20:26][handler_excel: 46][HandlerExcel][[1;34mDEBUG[0m] "sheet to be removed: 'Automation team workspace'"
[2021-06-18 09:20:26][handler_excel: 46][HandlerExcel][[1;34mDEBUG[0m] "sheet to be removed: 'Core team workspace'"
[2021-06-18 09:20:26][handler_excel: 46][HandlerExcel][[1;34mDEBUG[0m] "sheet to be removed: 'OEE'"
[2021-06-18 09:20:26][handler_excel: 46][HandlerExcel][[1;34mDEBUG[0m] "sheet to be removed: 'ST_Main'"
[2021-06-18 09:20:26][handler_excel: 46][HandlerExcel][[1;34mDEBUG[0m] "sheet to be removed: 'ST_Constant'"
[2021-06-18 09:20:26][handler_excel: 46][HandlerExcel][[1;34mDEBUG[0m] "sheet to be removed: 'EX_Constant'"
[2021-06-18 09:20:26][handler_excel: 46][HandlerExcel][[1;34mDEBUG[0m] "sheet to be removed: 'TP_Main'"
[2021-06-18 09:20:26][handler_excel: 46][HandlerExcel][[1;34mDEBUG[0m] "sheet to be removed: 'TP_Constant'"
[2021-06-18 09:20:26][handler_excel: 46][HandlerExcel][[1;34mDEBUG[0m] "sheet to be removed: 'EM'"
[2021-06-18 09:20:26][handler_excel: 46][HandlerExcel][[1;34mDEBUG[0m] "sheet to be removed: 'data resource'"
[2021-06-18 09:22:02][handler_excel: 46][HandlerExcel][[1;34mDEBUG[0m] "sheet to be removed: 'overview'"
[2021-06-18 09:22:02][handler_excel: 46][HandlerExcel][[1;34mDEBUG[0m] "sheet to be removed: 'Automation team workspace'"
[2021-06-18 09:22:02][handler_excel: 46][HandlerExcel][[1;34mDEBUG[0m] "sheet to be removed: 'Core team workspace'"
[2021-06-18 09:22:02][handler_excel: 46][HandlerExcel][[1;34mDEBUG[0m] "sheet to be removed: 'OEE'"
[2021-06-18 09:22:02][handler_excel: 46][HandlerExcel][[1;34mDEBUG[0m] "sheet to be removed: 'ST_Main'"
[2021-06-18 09:22:02][handler_excel: 46][HandlerExcel][[1;34mDEBUG[0m] "sheet to be removed: 'ST_Constant'"
[2021-06-18 09:22:02][handler_excel: 46][HandlerExcel][[1;34mDEBUG[0m] "sheet to be removed: 'EX_Constant'"
[2021-06-18 09:22:02][handler_excel: 46][HandlerExcel][[1;34mDEBUG[0m] "sheet to be removed: 'TP_Main'"
[2021-06-18 09:22:02][handler_excel: 46][HandlerExcel][[1;34mDEBUG[0m] "sheet to be removed: 'TP_Constant'"
[2021-06-18 09:22:02][handler_excel: 46][HandlerExcel][[1;34mDEBUG[0m] "sheet to be removed: 'EM'"
[2021-06-18 09:22:02][handler_excel: 46][HandlerExcel][[1;34mDEBUG[0m] "sheet to be removed: 'data resource'"
[2021-06-18 09:30:20][handler_excel: 46][HandlerExcel][[1;34mDEBUG[0m] "sheet to be removed: 'overview'"
[2021-06-18 09:30:20][handler_excel: 46][HandlerExcel][[1;34mDEBUG[0m] "sheet to be removed: 'Automation team workspace'"
[2021-06-18 09:30:20][handler_excel: 46][HandlerExcel][[1;34mDEBUG[0m] "sheet to be removed: 'Core team workspace'"
[2021-06-18 09:30:20][handler_excel: 46][HandlerExcel][[1;34mDEBUG[0m] "sheet to be removed: 'OEE'"
[2021-06-18 09:30:20][handler_excel: 46][HandlerExcel][[1;34mDEBUG[0m] "sheet to be removed: 'ST_Main'"
[2021-06-18 09:30:20][handler_excel: 46][HandlerExcel][[1;34mDEBUG[0m] "sheet to be removed: 'ST_Constant'"
[2021-06-18 09:30:20][handler_excel: 46][HandlerExcel][[1;34mDEBUG[0m] "sheet to be removed: 'EX_Constant'"
[2021-06-18 09:30:20][handler_excel: 46][HandlerExcel][[1;34mDEBUG[0m] "sheet to be removed: 'TP_Main'"
[2021-06-18 09:30:20][handler_excel: 46][HandlerExcel][[1;34mDEBUG[0m] "sheet to be removed: 'TP_Constant'"
[2021-06-18 09:30:20][handler_excel: 46][HandlerExcel][[1;34mDEBUG[0m] "sheet to be removed: 'EM'"
[2021-06-18 09:30:20][handler_excel: 46][HandlerExcel][[1;34mDEBUG[0m] "sheet to be removed: 'data resource'"
[2021-06-18 09:35:29][handler_excel: 46][HandlerExcel][[1;34mDEBUG[0m] "sheet to be removed: 'overview'"
[2021-06-18 09:35:29][handler_excel: 46][HandlerExcel][[1;34mDEBUG[0m] "sheet to be removed: 'Automation team workspace'"
[2021-06-18 09:35:29][handler_excel: 46][HandlerExcel][[1;34mDEBUG[0m] "sheet to be removed: 'Core team workspace'"
[2021-06-18 09:35:29][handler_excel: 46][HandlerExcel][[1;34mDEBUG[0m] "sheet to be removed: 'OEE'"
[2021-06-18 09:35:29][handler_excel: 46][HandlerExcel][[1;34mDEBUG[0m] "sheet to be removed: 'ST_Main'"
[2021-06-18 09:35:29][handler_excel: 46][HandlerExcel][[1;34mDEBUG[0m] "sheet to be removed: 'ST_Constant'"
[2021-06-18 09:35:29][handler_excel: 46][HandlerExcel][[1;34mDEBUG[0m] "sheet to be removed: 'EX_Constant'"
[2021-06-18 09:35:29][handler_excel: 46][HandlerExcel][[1;34mDEBUG[0m] "sheet to be removed: 'TP_Main'"
[2021-06-18 09:35:29][handler_excel: 46][HandlerExcel][[1;34mDEBUG[0m] "sheet to be removed: 'TP_Constant'"
[2021-06-18 09:35:29][handler_excel: 46][HandlerExcel][[1;34mDEBUG[0m] "sheet to be removed: 'EM'"
[2021-06-18 09:35:29][handler_excel: 46][HandlerExcel][[1;34mDEBUG[0m] "sheet to be removed: 'data resource'"
[2021-06-18 09:41:15][handler_excel: 46][HandlerExcel][[1;34mDEBUG[0m] "sheet to be removed: 'overview'"
[2021-06-18 09:41:15][handler_excel: 46][HandlerExcel][[1;34mDEBUG[0m] "sheet to be removed: 'Automation team workspace'"
[2021-06-18 09:41:15][handler_excel: 46][HandlerExcel][[1;34mDEBUG[0m] "sheet to be removed: 'Core team workspace'"
[2021-06-18 09:41:15][handler_excel: 46][HandlerExcel][[1;34mDEBUG[0m] "sheet to be removed: 'OEE'"
[2021-06-18 09:41:15][handler_excel: 46][HandlerExcel][[1;34mDEBUG[0m] "sheet to be removed: 'ST_Main'"
[2021-06-18 09:41:15][handler_excel: 46][HandlerExcel][[1;34mDEBUG[0m] "sheet to be removed: 'ST_Constant'"
[2021-06-18 09:41:15][handler_excel: 46][HandlerExcel][[1;34mDEBUG[0m] "sheet to be removed: 'EX_Constant'"
[2021-06-18 09:41:15][handler_excel: 46][HandlerExcel][[1;34mDEBUG[0m] "sheet to be removed: 'TP_Main'"
[2021-06-18 09:41:15][handler_excel: 46][HandlerExcel][[1;34mDEBUG[0m] "sheet to be removed: 'TP_Constant'"
[2021-06-18 09:41:15][handler_excel: 46][HandlerExcel][[1;34mDEBUG[0m] "sheet to be removed: 'EM'"
[2021-06-18 09:41:15][handler_excel: 46][HandlerExcel][[1;34mDEBUG[0m] "sheet to be removed: 'data resource'"
[2021-06-18 09:47:51][handler_excel: 46][HandlerExcel][[1;34mDEBUG[0m] "sheet to be removed: 'overview'"
[2021-06-18 09:47:51][handler_excel: 46][HandlerExcel][[1;34mDEBUG[0m] "sheet to be removed: 'Automation team workspace'"
[2021-06-18 09:47:51][handler_excel: 46][HandlerExcel][[1;34mDEBUG[0m] "sheet to be removed: 'Core team workspace'"
[2021-06-18 09:47:51][handler_excel: 46][HandlerExcel][[1;34mDEBUG[0m] "sheet to be removed: 'OEE'"
[2021-06-18 09:47:51][handler_excel: 46][HandlerExcel][[1;34mDEBUG[0m] "sheet to be removed: 'ST_Main'"
[2021-06-18 09:47:51][handler_excel: 46][HandlerExcel][[1;34mDEBUG[0m] "sheet to be removed: 'ST_Constant'"
[2021-06-18 09:47:51][handler_excel: 46][HandlerExcel][[1;34mDEBUG[0m] "sheet to be removed: 'EX_Constant'"
[2021-06-18 09:47:51][handler_excel: 46][HandlerExcel][[1;34mDEBUG[0m] "sheet to be removed: 'TP_Main'"
[2021-06-18 09:47:51][handler_excel: 46][HandlerExcel][[1;34mDEBUG[0m] "sheet to be removed: 'TP_Constant'"
[2021-06-18 09:47:51][handler_excel: 46][HandlerExcel][[1;34mDEBUG[0m] "sheet to be removed: 'EM'"
[2021-06-18 09:47:51][handler_excel: 46][HandlerExcel][[1;34mDEBUG[0m] "sheet to be removed: 'data resource'"
[2021-06-18 09:50:13][handler_excel: 46][HandlerExcel][[1;34mDEBUG[0m] "sheet to be removed: 'overview'"
[2021-06-18 09:50:13][handler_excel: 46][HandlerExcel][[1;34mDEBUG[0m] "sheet to be removed: 'Automation team workspace'"
[2021-06-18 09:50:13][handler_excel: 46][HandlerExcel][[1;34mDEBUG[0m] "sheet to be removed: 'Core team workspace'"
[2021-06-18 09:50:13][handler_excel: 46][HandlerExcel][[1;34mDEBUG[0m] "sheet to be removed: 'OEE'"
[2021-06-18 09:50:13][handler_excel: 46][HandlerExcel][[1;34mDEBUG[0m] "sheet to be removed: 'ST_Main'"
[2021-06-18 09:50:13][handler_excel: 46][HandlerExcel][[1;34mDEBUG[0m] "sheet to be removed: 'ST_Constant'"
[2021-06-18 09:50:13][handler_excel: 46][HandlerExcel][[1;34mDEBUG[0m] "sheet to be removed: 'EX_Constant'"
[2021-06-18 09:50:13][handler_excel: 46][HandlerExcel][[1;34mDEBUG[0m] "sheet to be removed: 'TP_Main'"
[2021-06-18 09:50:13][handler_excel: 46][HandlerExcel][[1;34mDEBUG[0m] "sheet to be removed: 'TP_Constant'"
[2021-06-18 09:50:13][handler_excel: 46][HandlerExcel][[1;34mDEBUG[0m] "sheet to be removed: 'EM'"
[2021-06-18 09:50:13][handler_excel: 46][HandlerExcel][[1;34mDEBUG[0m] "sheet to be removed: 'data resource'"
[2021-06-18 09:51:36][handler_excel: 46][HandlerExcel][[1;34mDEBUG[0m] "sheet to be removed: 'overview'"
[2021-06-18 09:51:36][handler_excel: 46][HandlerExcel][[1;34mDEBUG[0m] "sheet to be removed: 'Automation team workspace'"
[2021-06-18 09:51:36][handler_excel: 46][HandlerExcel][[1;34mDEBUG[0m] "sheet to be removed: 'Core team workspace'"
[2021-06-18 09:51:36][handler_excel: 46][HandlerExcel][[1;34mDEBUG[0m] "sheet to be removed: 'OEE'"
[2021-06-18 09:51:36][handler_excel: 46][HandlerExcel][[1;34mDEBUG[0m] "sheet to be removed: 'ST_Main'"
[2021-06-18 09:51:36][handler_excel: 46][HandlerExcel][[1;34mDEBUG[0m] "sheet to be removed: 'ST_Constant'"
[2021-06-18 09:51:36][handler_excel: 46][HandlerExcel][[1;34mDEBUG[0m] "sheet to be removed: 'EX_Constant'"
[2021-06-18 09:51:36][handler_excel: 46][HandlerExcel][[1;34mDEBUG[0m] "sheet to be removed: 'TP_Main'"
[2021-06-18 09:51:36][handler_excel: 46][HandlerExcel][[1;34mDEBUG[0m] "sheet to be removed: 'TP_Constant'"
[2021-06-18 09:51:36][handler_excel: 46][HandlerExcel][[1;34mDEBUG[0m] "sheet to be removed: 'EM'"
[2021-06-18 09:51:36][handler_excel: 46][HandlerExcel][[1;34mDEBUG[0m] "sheet to be removed: 'data resource'"
[2021-06-18 09:57:16][handler_excel: 46][HandlerExcel][[1;34mDEBUG[0m] "sheet to be removed: 'overview'"
[2021-06-18 09:57:16][handler_excel: 46][HandlerExcel][[1;34mDEBUG[0m] "sheet to be removed: 'Automation team workspace'"
[2021-06-18 09:57:16][handler_excel: 46][HandlerExcel][[1;34mDEBUG[0m] "sheet to be removed: 'Core team workspace'"
[2021-06-18 09:57:16][handler_excel: 46][HandlerExcel][[1;34mDEBUG[0m] "sheet to be removed: 'OEE'"
[2021-06-18 09:57:16][handler_excel: 46][HandlerExcel][[1;34mDEBUG[0m] "sheet to be removed: 'ST_Main'"
[2021-06-18 09:57:16][handler_excel: 46][HandlerExcel][[1;34mDEBUG[0m] "sheet to be removed: 'ST_Constant'"
[2021-06-18 09:57:16][handler_excel: 46][HandlerExcel][[1;34mDEBUG[0m] "sheet to be removed: 'EX_Constant'"
[2021-06-18 09:57:16][handler_excel: 46][HandlerExcel][[1;34mDEBUG[0m] "sheet to be removed: 'TP_Main'"
[2021-06-18 09:57:16][handler_excel: 46][HandlerExcel][[1;34mDEBUG[0m] "sheet to be removed: 'TP_Constant'"
[2021-06-18 09:57:16][handler_excel: 46][HandlerExcel][[1;34mDEBUG[0m] "sheet to be removed: 'EM'"
[2021-06-18 09:57:16][handler_excel: 46][HandlerExcel][[1;34mDEBUG[0m] "sheet to be removed: 'data resource'"
[2021-06-18 10:10:48][handler_excel: 46][HandlerExcel][[1;34mDEBUG[0m] "sheet to be removed: 'overview'"
[2021-06-18 10:10:48][handler_excel: 46][HandlerExcel][[1;34mDEBUG[0m] "sheet to be removed: 'Automation team workspace'"
[2021-06-18 10:10:48][handler_excel: 46][HandlerExcel][[1;34mDEBUG[0m] "sheet to be removed: 'Core team workspace'"
[2021-06-18 10:10:48][handler_excel: 46][HandlerExcel][[1;34mDEBUG[0m] "sheet to be removed: 'OEE'"
[2021-06-18 10:10:48][handler_excel: 46][HandlerExcel][[1;34mDEBUG[0m] "sheet to be removed: 'ST_Main'"
[2021-06-18 10:10:48][handler_excel: 46][HandlerExcel][[1;34mDEBUG[0m] "sheet to be removed: 'ST_Constant'"
[2021-06-18 10:10:48][handler_excel: 46][HandlerExcel][[1;34mDEBUG[0m] "sheet to be removed: 'EX_Constant'"
[2021-06-18 10:10:48][handler_excel: 46][HandlerExcel][[1;34mDEBUG[0m] "sheet to be removed: 'TP_Main'"
[2021-06-18 10:10:48][handler_excel: 46][HandlerExcel][[1;34mDEBUG[0m] "sheet to be removed: 'TP_Constant'"
[2021-06-18 10:10:48][handler_excel: 46][HandlerExcel][[1;34mDEBUG[0m] "sheet to be removed: 'EM'"
[2021-06-18 10:10:48][handler_excel: 46][HandlerExcel][[1;34mDEBUG[0m] "sheet to be removed: 'data resource'"
[2021-06-18 10:12:00][handler_excel: 46][HandlerExcel][[1;34mDEBUG[0m] "sheet to be removed: 'overview'"
[2021-06-18 10:12:00][handler_excel: 46][HandlerExcel][[1;34mDEBUG[0m] "sheet to be removed: 'Automation team workspace'"
[2021-06-18 10:12:00][handler_excel: 46][HandlerExcel][[1;34mDEBUG[0m] "sheet to be removed: 'Core team workspace'"
[2021-06-18 10:12:00][handler_excel: 46][HandlerExcel][[1;34mDEBUG[0m] "sheet to be removed: 'OEE'"
[2021-06-18 10:12:00][handler_excel: 46][HandlerExcel][[1;34mDEBUG[0m] "sheet to be removed: 'ST_Main'"
[2021-06-18 10:12:00][handler_excel: 46][HandlerExcel][[1;34mDEBUG[0m] "sheet to be removed: 'ST_Constant'"
[2021-06-18 10:12:00][handler_excel: 46][HandlerExcel][[1;34mDEBUG[0m] "sheet to be removed: 'EX_Constant'"
[2021-06-18 10:12:00][handler_excel: 46][HandlerExcel][[1;34mDEBUG[0m] "sheet to be removed: 'TP_Main'"
[2021-06-18 10:12:00][handler_excel: 46][HandlerExcel][[1;34mDEBUG[0m] "sheet to be removed: 'TP_Constant'"
[2021-06-18 10:12:00][handler_excel: 46][HandlerExcel][[1;34mDEBUG[0m] "sheet to be removed: 'EM'"
[2021-06-18 10:12:00][handler_excel: 46][HandlerExcel][[1;34mDEBUG[0m] "sheet to be removed: 'data resource'"
[2021-06-18 10:13:36][handler_excel: 46][HandlerExcel][[1;34mDEBUG[0m] "sheet to be removed: 'overview'"
[2021-06-18 10:13:36][handler_excel: 46][HandlerExcel][[1;34mDEBUG[0m] "sheet to be removed: 'Automation team workspace'"
[2021-06-18 10:13:36][handler_excel: 46][HandlerExcel][[1;34mDEBUG[0m] "sheet to be removed: 'Core team workspace'"
[2021-06-18 10:13:36][handler_excel: 46][HandlerExcel][[1;34mDEBUG[0m] "sheet to be removed: 'OEE'"
[2021-06-18 10:13:36][handler_excel: 46][HandlerExcel][[1;34mDEBUG[0m] "sheet to be removed: 'ST_Main'"
[2021-06-18 10:13:36][handler_excel: 46][HandlerExcel][[1;34mDEBUG[0m] "sheet to be removed: 'ST_Constant'"
[2021-06-18 10:13:36][handler_excel: 46][HandlerExcel][[1;34mDEBUG[0m] "sheet to be removed: 'EX_Constant'"
[2021-06-18 10:13:36][handler_excel: 46][HandlerExcel][[1;34mDEBUG[0m] "sheet to be removed: 'TP_Main'"
[2021-06-18 10:13:36][handler_excel: 46][HandlerExcel][[1;34mDEBUG[0m] "sheet to be removed: 'TP_Constant'"
[2021-06-18 10:13:36][handler_excel: 46][HandlerExcel][[1;34mDEBUG[0m] "sheet to be removed: 'EM'"
[2021-06-18 10:13:36][handler_excel: 46][HandlerExcel][[1;34mDEBUG[0m] "sheet to be removed: 'data resource'"
[2021-06-18 10:20:03][handler_excel: 46][HandlerExcel][[1;34mDEBUG[0m] "sheet to be removed: 'overview'"
[2021-06-18 10:20:03][handler_excel: 46][HandlerExcel][[1;34mDEBUG[0m] "sheet to be removed: 'Automation team workspace'"
[2021-06-18 10:20:03][handler_excel: 46][HandlerExcel][[1;34mDEBUG[0m] "sheet to be removed: 'Core team workspace'"
[2021-06-18 10:20:03][handler_excel: 46][HandlerExcel][[1;34mDEBUG[0m] "sheet to be removed: 'OEE'"
[2021-06-18 10:20:03][handler_excel: 46][HandlerExcel][[1;34mDEBUG[0m] "sheet to be removed: 'ST_Main'"
[2021-06-18 10:20:03][handler_excel: 46][HandlerExcel][[1;34mDEBUG[0m] "sheet to be removed: 'ST_Constant'"
[2021-06-18 10:20:03][handler_excel: 46][HandlerExcel][[1;34mDEBUG[0m] "sheet to be removed: 'EX_Constant'"
[2021-06-18 10:20:03][handler_excel: 46][HandlerExcel][[1;34mDEBUG[0m] "sheet to be removed: 'TP_Main'"
[2021-06-18 10:20:03][handler_excel: 46][HandlerExcel][[1;34mDEBUG[0m] "sheet to be removed: 'TP_Constant'"
[2021-06-18 10:20:03][handler_excel: 46][HandlerExcel][[1;34mDEBUG[0m] "sheet to be removed: 'EM'"
[2021-06-18 10:20:03][handler_excel: 46][HandlerExcel][[1;34mDEBUG[0m] "sheet to be removed: 'data resource'"
[2021-06-18 10:22:35][handler_excel: 46][HandlerExcel][[1;34mDEBUG[0m] "sheet to be removed: 'overview'"
[2021-06-18 10:22:35][handler_excel: 46][HandlerExcel][[1;34mDEBUG[0m] "sheet to be removed: 'Automation team workspace'"
[2021-06-18 10:22:35][handler_excel: 46][HandlerExcel][[1;34mDEBUG[0m] "sheet to be removed: 'Core team workspace'"
[2021-06-18 10:22:35][handler_excel: 46][HandlerExcel][[1;34mDEBUG[0m] "sheet to be removed: 'OEE'"
[2021-06-18 10:22:35][handler_excel: 46][HandlerExcel][[1;34mDEBUG[0m] "sheet to be removed: 'ST_Main'"
[2021-06-18 10:22:35][handler_excel: 46][HandlerExcel][[1;34mDEBUG[0m] "sheet to be removed: 'ST_Constant'"
[2021-06-18 10:22:35][handler_excel: 46][HandlerExcel][[1;34mDEBUG[0m] "sheet to be removed: 'EX_Constant'"
[2021-06-18 10:22:35][handler_excel: 46][HandlerExcel][[1;34mDEBUG[0m] "sheet to be removed: 'TP_Main'"
[2021-06-18 10:22:35][handler_excel: 46][HandlerExcel][[1;34mDEBUG[0m] "sheet to be removed: 'TP_Constant'"
[2021-06-18 10:22:35][handler_excel: 46][HandlerExcel][[1;34mDEBUG[0m] "sheet to be removed: 'EM'"
[2021-06-18 10:22:35][handler_excel: 46][HandlerExcel][[1;34mDEBUG[0m] "sheet to be removed: 'data resource'"
[2021-06-18 10:23:23][handler_excel: 46][HandlerExcel][[1;34mDEBUG[0m] "sheet to be removed: 'overview'"
[2021-06-18 10:23:23][handler_excel: 46][HandlerExcel][[1;34mDEBUG[0m] "sheet to be removed: 'Automation team workspace'"
[2021-06-18 10:23:23][handler_excel: 46][HandlerExcel][[1;34mDEBUG[0m] "sheet to be removed: 'Core team workspace'"
[2021-06-18 10:23:23][handler_excel: 46][HandlerExcel][[1;34mDEBUG[0m] "sheet to be removed: 'OEE'"
[2021-06-18 10:23:23][handler_excel: 46][HandlerExcel][[1;34mDEBUG[0m] "sheet to be removed: 'ST_Main'"
[2021-06-18 10:23:23][handler_excel: 46][HandlerExcel][[1;34mDEBUG[0m] "sheet to be removed: 'ST_Constant'"
[2021-06-18 10:23:23][handler_excel: 46][HandlerExcel][[1;34mDEBUG[0m] "sheet to be removed: 'EX_Constant'"
[2021-06-18 10:23:23][handler_excel: 46][HandlerExcel][[1;34mDEBUG[0m] "sheet to be removed: 'TP_Main'"
[2021-06-18 10:23:23][handler_excel: 46][HandlerExcel][[1;34mDEBUG[0m] "sheet to be removed: 'TP_Constant'"
[2021-06-18 10:23:23][handler_excel: 46][HandlerExcel][[1;34mDEBUG[0m] "sheet to be removed: 'EM'"
[2021-06-18 10:23:23][handler_excel: 46][HandlerExcel][[1;34mDEBUG[0m] "sheet to be removed: 'data resource'"
[2021-06-18 10:24:37][handler_excel: 46][HandlerExcel][[1;34mDEBUG[0m] "sheet to be removed: 'overview'"
[2021-06-18 10:24:37][handler_excel: 46][HandlerExcel][[1;34mDEBUG[0m] "sheet to be removed: 'Automation team workspace'"
[2021-06-18 10:24:37][handler_excel: 46][HandlerExcel][[1;34mDEBUG[0m] "sheet to be removed: 'Core team workspace'"
[2021-06-18 10:24:37][handler_excel: 46][HandlerExcel][[1;34mDEBUG[0m] "sheet to be removed: 'OEE'"
[2021-06-18 10:24:37][handler_excel: 46][HandlerExcel][[1;34mDEBUG[0m] "sheet to be removed: 'ST_Main'"
[2021-06-18 10:24:37][handler_excel: 46][HandlerExcel][[1;34mDEBUG[0m] "sheet to be removed: 'ST_Constant'"
[2021-06-18 10:24:37][handler_excel: 46][HandlerExcel][[1;34mDEBUG[0m] "sheet to be removed: 'EX_Constant'"
[2021-06-18 10:24:37][handler_excel: 46][HandlerExcel][[1;34mDEBUG[0m] "sheet to be removed: 'TP_Main'"
[2021-06-18 10:24:37][handler_excel: 46][HandlerExcel][[1;34mDEBUG[0m] "sheet to be removed: 'TP_Constant'"
[2021-06-18 10:24:37][handler_excel: 46][HandlerExcel][[1;34mDEBUG[0m] "sheet to be removed: 'EM'"
[2021-06-18 10:24:37][handler_excel: 46][HandlerExcel][[1;34mDEBUG[0m] "sheet to be removed: 'data resource'"
[2021-06-18 10:27:03][handler_excel: 46][HandlerExcel][[1;34mDEBUG[0m] "sheet to be removed: 'overview'"
[2021-06-18 10:27:03][handler_excel: 46][HandlerExcel][[1;34mDEBUG[0m] "sheet to be removed: 'Automation team workspace'"
[2021-06-18 10:27:03][handler_excel: 46][HandlerExcel][[1;34mDEBUG[0m] "sheet to be removed: 'Core team workspace'"
[2021-06-18 10:27:03][handler_excel: 46][HandlerExcel][[1;34mDEBUG[0m] "sheet to be removed: 'OEE'"
[2021-06-18 10:27:03][handler_excel: 46][HandlerExcel][[1;34mDEBUG[0m] "sheet to be removed: 'ST_Main'"
[2021-06-18 10:27:03][handler_excel: 46][HandlerExcel][[1;34mDEBUG[0m] "sheet to be removed: 'ST_Constant'"
[2021-06-18 10:27:03][handler_excel: 46][HandlerExcel][[1;34mDEBUG[0m] "sheet to be removed: 'EX_Constant'"
[2021-06-18 10:27:03][handler_excel: 46][HandlerExcel][[1;34mDEBUG[0m] "sheet to be removed: 'TP_Main'"
[2021-06-18 10:27:03][handler_excel: 46][HandlerExcel][[1;34mDEBUG[0m] "sheet to be removed: 'TP_Constant'"
[2021-06-18 10:27:03][handler_excel: 46][HandlerExcel][[1;34mDEBUG[0m] "sheet to be removed: 'EM'"
[2021-06-18 10:27:03][handler_excel: 46][HandlerExcel][[1;34mDEBUG[0m] "sheet to be removed: 'data resource'"
[2021-06-18 10:46:45][handler_excel: 46][HandlerExcel][[1;34mDEBUG[0m] "sheet to be removed: 'overview'"
[2021-06-18 10:46:45][handler_excel: 46][HandlerExcel][[1;34mDEBUG[0m] "sheet to be removed: 'Automation team workspace'"
[2021-06-18 10:46:45][handler_excel: 46][HandlerExcel][[1;34mDEBUG[0m] "sheet to be removed: 'Core team workspace'"
[2021-06-18 10:46:45][handler_excel: 46][HandlerExcel][[1;34mDEBUG[0m] "sheet to be removed: 'OEE'"
[2021-06-18 10:46:45][handler_excel: 46][HandlerExcel][[1;34mDEBUG[0m] "sheet to be removed: 'ST_Main'"
[2021-06-18 10:46:45][handler_excel: 46][HandlerExcel][[1;34mDEBUG[0m] "sheet to be removed: 'ST_Constant'"
[2021-06-18 10:46:45][handler_excel: 46][HandlerExcel][[1;34mDEBUG[0m] "sheet to be removed: 'EX_Constant'"
[2021-06-18 10:46:45][handler_excel: 46][HandlerExcel][[1;34mDEBUG[0m] "sheet to be removed: 'TP_Main'"
[2021-06-18 10:46:45][handler_excel: 46][HandlerExcel][[1;34mDEBUG[0m] "sheet to be removed: 'TP_Constant'"
[2021-06-18 10:46:45][handler_excel: 46][HandlerExcel][[1;34mDEBUG[0m] "sheet to be removed: 'EM'"
[2021-06-18 10:46:45][handler_excel: 46][HandlerExcel][[1;34mDEBUG[0m] "sheet to be removed: 'data resource'"
[2021-06-18 10:48:04][handler_excel: 46][HandlerExcel][[1;34mDEBUG[0m] "sheet to be removed: 'overview'"
[2021-06-18 10:48:04][handler_excel: 46][HandlerExcel][[1;34mDEBUG[0m] "sheet to be removed: 'Automation team workspace'"
[2021-06-18 10:48:04][handler_excel: 46][HandlerExcel][[1;34mDEBUG[0m] "sheet to be removed: 'Core team workspace'"
[2021-06-18 10:48:04][handler_excel: 46][HandlerExcel][[1;34mDEBUG[0m] "sheet to be removed: 'OEE'"
[2021-06-18 10:48:04][handler_excel: 46][HandlerExcel][[1;34mDEBUG[0m] "sheet to be removed: 'ST_Main'"
[2021-06-18 10:48:04][handler_excel: 46][HandlerExcel][[1;34mDEBUG[0m] "sheet to be removed: 'ST_Constant'"
[2021-06-18 10:48:04][handler_excel: 46][HandlerExcel][[1;34mDEBUG[0m] "sheet to be removed: 'EX_Constant'"
[2021-06-18 10:48:04][handler_excel: 46][HandlerExcel][[1;34mDEBUG[0m] "sheet to be removed: 'TP_Main'"
[2021-06-18 10:48:04][handler_excel: 46][HandlerExcel][[1;34mDEBUG[0m] "sheet to be removed: 'TP_Constant'"
[2021-06-18 10:48:04][handler_excel: 46][HandlerExcel][[1;34mDEBUG[0m] "sheet to be removed: 'EM'"
[2021-06-18 10:48:04][handler_excel: 46][HandlerExcel][[1;34mDEBUG[0m] "sheet to be removed: 'data resource'"
[2021-06-18 10:54:10][handler_excel: 46][HandlerExcel][[1;34mDEBUG[0m] "sheet to be removed: 'overview'"
[2021-06-18 10:54:10][handler_excel: 46][HandlerExcel][[1;34mDEBUG[0m] "sheet to be removed: 'Automation team workspace'"
[2021-06-18 10:54:10][handler_excel: 46][HandlerExcel][[1;34mDEBUG[0m] "sheet to be removed: 'Core team workspace'"
[2021-06-18 10:54:10][handler_excel: 46][HandlerExcel][[1;34mDEBUG[0m] "sheet to be removed: 'OEE'"
[2021-06-18 10:54:10][handler_excel: 46][HandlerExcel][[1;34mDEBUG[0m] "sheet to be removed: 'ST_Main'"
[2021-06-18 10:54:10][handler_excel: 46][HandlerExcel][[1;34mDEBUG[0m] "sheet to be removed: 'ST_Constant'"
[2021-06-18 10:54:10][handler_excel: 46][HandlerExcel][[1;34mDEBUG[0m] "sheet to be removed: 'EX_Constant'"
[2021-06-18 10:54:10][handler_excel: 46][HandlerExcel][[1;34mDEBUG[0m] "sheet to be removed: 'TP_Main'"
[2021-06-18 10:54:10][handler_excel: 46][HandlerExcel][[1;34mDEBUG[0m] "sheet to be removed: 'TP_Constant'"
[2021-06-18 10:54:10][handler_excel: 46][HandlerExcel][[1;34mDEBUG[0m] "sheet to be removed: 'EM'"
[2021-06-18 10:54:10][handler_excel: 46][HandlerExcel][[1;34mDEBUG[0m] "sheet to be removed: 'data resource'"
[2021-06-18 11:04:04][handler_excel: 46][HandlerExcel][[1;34mDEBUG[0m] "sheet to be removed: 'overview'"
[2021-06-18 11:04:04][handler_excel: 46][HandlerExcel][[1;34mDEBUG[0m] "sheet to be removed: 'Automation team workspace'"
[2021-06-18 11:04:04][handler_excel: 46][HandlerExcel][[1;34mDEBUG[0m] "sheet to be removed: 'Core team workspace'"
[2021-06-18 11:04:04][handler_excel: 46][HandlerExcel][[1;34mDEBUG[0m] "sheet to be removed: 'OEE'"
[2021-06-18 11:04:04][handler_excel: 46][HandlerExcel][[1;34mDEBUG[0m] "sheet to be removed: 'ST_Main'"
[2021-06-18 11:04:04][handler_excel: 46][HandlerExcel][[1;34mDEBUG[0m] "sheet to be removed: 'ST_Constant'"
[2021-06-18 11:04:04][handler_excel: 46][HandlerExcel][[1;34mDEBUG[0m] "sheet to be removed: 'EX_Constant'"
[2021-06-18 11:04:04][handler_excel: 46][HandlerExcel][[1;34mDEBUG[0m] "sheet to be removed: 'TP_Main'"
[2021-06-18 11:04:04][handler_excel: 46][HandlerExcel][[1;34mDEBUG[0m] "sheet to be removed: 'TP_Constant'"
[2021-06-18 11:04:04][handler_excel: 46][HandlerExcel][[1;34mDEBUG[0m] "sheet to be removed: 'EM'"
[2021-06-18 11:04:04][handler_excel: 46][HandlerExcel][[1;34mDEBUG[0m] "sheet to be removed: 'data resource'"
[2021-06-18 11:28:51][handler_excel: 46][HandlerExcel][[1;34mDEBUG[0m] "sheet to be removed: 'overview'"
[2021-06-18 11:28:51][handler_excel: 46][HandlerExcel][[1;34mDEBUG[0m] "sheet to be removed: 'Automation team workspace'"
[2021-06-18 11:28:51][handler_excel: 46][HandlerExcel][[1;34mDEBUG[0m] "sheet to be removed: 'Core team workspace'"
[2021-06-18 11:28:51][handler_excel: 46][HandlerExcel][[1;34mDEBUG[0m] "sheet to be removed: 'OEE'"
[2021-06-18 11:28:51][handler_excel: 46][HandlerExcel][[1;34mDEBUG[0m] "sheet to be removed: 'ST_Main'"
[2021-06-18 11:28:51][handler_excel: 46][HandlerExcel][[1;34mDEBUG[0m] "sheet to be removed: 'ST_Constant'"
[2021-06-18 11:28:51][handler_excel: 46][HandlerExcel][[1;34mDEBUG[0m] "sheet to be removed: 'EX_Constant'"
[2021-06-18 11:28:51][handler_excel: 46][HandlerExcel][[1;34mDEBUG[0m] "sheet to be removed: 'TP_Main'"
[2021-06-18 11:28:51][handler_excel: 46][HandlerExcel][[1;34mDEBUG[0m] "sheet to be removed: 'TP_Constant'"
[2021-06-18 11:28:51][handler_excel: 46][HandlerExcel][[1;34mDEBUG[0m] "sheet to be removed: 'EM'"
[2021-06-18 11:28:51][handler_excel: 46][HandlerExcel][[1;34mDEBUG[0m] "sheet to be removed: 'data resource'"
[2021-06-18 11:29:58][handler_excel: 46][HandlerExcel][[1;34mDEBUG[0m] "sheet to be removed: 'overview'"
[2021-06-18 11:29:58][handler_excel: 46][HandlerExcel][[1;34mDEBUG[0m] "sheet to be removed: 'Automation team workspace'"
[2021-06-18 11:29:58][handler_excel: 46][HandlerExcel][[1;34mDEBUG[0m] "sheet to be removed: 'Core team workspace'"
[2021-06-18 11:29:58][handler_excel: 46][HandlerExcel][[1;34mDEBUG[0m] "sheet to be removed: 'OEE'"
[2021-06-18 11:29:58][handler_excel: 46][HandlerExcel][[1;34mDEBUG[0m] "sheet to be removed: 'ST_Main'"
[2021-06-18 11:29:58][handler_excel: 46][HandlerExcel][[1;34mDEBUG[0m] "sheet to be removed: 'ST_Constant'"
[2021-06-18 11:29:58][handler_excel: 46][HandlerExcel][[1;34mDEBUG[0m] "sheet to be removed: 'EX_Constant'"
[2021-06-18 11:29:58][handler_excel: 46][HandlerExcel][[1;34mDEBUG[0m] "sheet to be removed: 'TP_Main'"
[2021-06-18 11:29:58][handler_excel: 46][HandlerExcel][[1;34mDEBUG[0m] "sheet to be removed: 'TP_Constant'"
[2021-06-18 11:29:58][handler_excel: 46][HandlerExcel][[1;34mDEBUG[0m] "sheet to be removed: 'EM'"
[2021-06-18 11:29:58][handler_excel: 46][HandlerExcel][[1;34mDEBUG[0m] "sheet to be removed: 'data resource'"
[2021-06-18 11:31:34][handler_excel: 46][HandlerExcel][[1;34mDEBUG[0m] "sheet to be removed: 'overview'"
[2021-06-18 11:31:34][handler_excel: 46][HandlerExcel][[1;34mDEBUG[0m] "sheet to be removed: 'Automation team workspace'"
[2021-06-18 11:31:34][handler_excel: 46][HandlerExcel][[1;34mDEBUG[0m] "sheet to be removed: 'Core team workspace'"
[2021-06-18 11:31:34][handler_excel: 46][HandlerExcel][[1;34mDEBUG[0m] "sheet to be removed: 'OEE'"
[2021-06-18 11:31:34][handler_excel: 46][HandlerExcel][[1;34mDEBUG[0m] "sheet to be removed: 'ST_Main'"
[2021-06-18 11:31:34][handler_excel: 46][HandlerExcel][[1;34mDEBUG[0m] "sheet to be removed: 'ST_Constant'"
[2021-06-18 11:31:34][handler_excel: 46][HandlerExcel][[1;34mDEBUG[0m] "sheet to be removed: 'EX_Constant'"
[2021-06-18 11:31:34][handler_excel: 46][HandlerExcel][[1;34mDEBUG[0m] "sheet to be removed: 'TP_Main'"
[2021-06-18 11:31:34][handler_excel: 46][HandlerExcel][[1;34mDEBUG[0m] "sheet to be removed: 'TP_Constant'"
[2021-06-18 11:31:34][handler_excel: 46][HandlerExcel][[1;34mDEBUG[0m] "sheet to be removed: 'EM'"
[2021-06-18 11:31:34][handler_excel: 46][HandlerExcel][[1;34mDEBUG[0m] "sheet to be removed: 'data resource'"
[2021-06-18 11:33:15][handler_excel: 46][HandlerExcel][[1;34mDEBUG[0m] "sheet to be removed: 'overview'"
[2021-06-18 11:33:15][handler_excel: 46][HandlerExcel][[1;34mDEBUG[0m] "sheet to be removed: 'Automation team workspace'"
[2021-06-18 11:33:15][handler_excel: 46][HandlerExcel][[1;34mDEBUG[0m] "sheet to be removed: 'Core team workspace'"
[2021-06-18 11:33:15][handler_excel: 46][HandlerExcel][[1;34mDEBUG[0m] "sheet to be removed: 'OEE'"
[2021-06-18 11:33:15][handler_excel: 46][HandlerExcel][[1;34mDEBUG[0m] "sheet to be removed: 'ST_Main'"
[2021-06-18 11:33:15][handler_excel: 46][HandlerExcel][[1;34mDEBUG[0m] "sheet to be removed: 'ST_Constant'"
[2021-06-18 11:33:15][handler_excel: 46][HandlerExcel][[1;34mDEBUG[0m] "sheet to be removed: 'EX_Constant'"
[2021-06-18 11:33:15][handler_excel: 46][HandlerExcel][[1;34mDEBUG[0m] "sheet to be removed: 'TP_Main'"
[2021-06-18 11:33:15][handler_excel: 46][HandlerExcel][[1;34mDEBUG[0m] "sheet to be removed: 'TP_Constant'"
[2021-06-18 11:33:15][handler_excel: 46][HandlerExcel][[1;34mDEBUG[0m] "sheet to be removed: 'EM'"
[2021-06-18 11:33:15][handler_excel: 46][HandlerExcel][[1;34mDEBUG[0m] "sheet to be removed: 'data resource'"
[2021-06-18 11:37:48][handler_excel: 46][HandlerExcel][[1;34mDEBUG[0m] "sheet to be removed: 'overview'"
[2021-06-18 11:37:48][handler_excel: 46][HandlerExcel][[1;34mDEBUG[0m] "sheet to be removed: 'Automation team workspace'"
[2021-06-18 11:37:48][handler_excel: 46][HandlerExcel][[1;34mDEBUG[0m] "sheet to be removed: 'Core team workspace'"
[2021-06-18 11:37:48][handler_excel: 46][HandlerExcel][[1;34mDEBUG[0m] "sheet to be removed: 'OEE'"
[2021-06-18 11:37:48][handler_excel: 46][HandlerExcel][[1;34mDEBUG[0m] "sheet to be removed: 'ST_Main'"
[2021-06-18 11:37:48][handler_excel: 46][HandlerExcel][[1;34mDEBUG[0m] "sheet to be removed: 'ST_Constant'"
[2021-06-18 11:37:48][handler_excel: 46][HandlerExcel][[1;34mDEBUG[0m] "sheet to be removed: 'EX_Constant'"
[2021-06-18 11:37:48][handler_excel: 46][HandlerExcel][[1;34mDEBUG[0m] "sheet to be removed: 'TP_Main'"
[2021-06-18 11:37:48][handler_excel: 46][HandlerExcel][[1;34mDEBUG[0m] "sheet to be removed: 'TP_Constant'"
[2021-06-18 11:37:48][handler_excel: 46][HandlerExcel][[1;34mDEBUG[0m] "sheet to be removed: 'EM'"
[2021-06-18 11:37:48][handler_excel: 46][HandlerExcel][[1;34mDEBUG[0m] "sheet to be removed: 'data resource'"
[2021-06-18 11:56:21][handler_excel: 46][HandlerExcel][[1;34mDEBUG[0m] "sheet to be removed: 'overview'"
[2021-06-18 11:56:21][handler_excel: 46][HandlerExcel][[1;34mDEBUG[0m] "sheet to be removed: 'Automation team workspace'"
[2021-06-18 11:56:21][handler_excel: 46][HandlerExcel][[1;34mDEBUG[0m] "sheet to be removed: 'Core team workspace'"
[2021-06-18 11:56:21][handler_excel: 46][HandlerExcel][[1;34mDEBUG[0m] "sheet to be removed: 'OEE'"
[2021-06-18 11:56:21][handler_excel: 46][HandlerExcel][[1;34mDEBUG[0m] "sheet to be removed: 'ST_Main'"
[2021-06-18 11:56:21][handler_excel: 46][HandlerExcel][[1;34mDEBUG[0m] "sheet to be removed: 'ST_Constant'"
[2021-06-18 11:56:21][handler_excel: 46][HandlerExcel][[1;34mDEBUG[0m] "sheet to be removed: 'EX_Constant'"
[2021-06-18 11:56:21][handler_excel: 46][HandlerExcel][[1;34mDEBUG[0m] "sheet to be removed: 'TP_Main'"
[2021-06-18 11:56:21][handler_excel: 46][HandlerExcel][[1;34mDEBUG[0m] "sheet to be removed: 'TP_Constant'"
[2021-06-18 11:56:21][handler_excel: 46][HandlerExcel][[1;34mDEBUG[0m] "sheet to be removed: 'EM'"
[2021-06-18 11:56:21][handler_excel: 46][HandlerExcel][[1;34mDEBUG[0m] "sheet to be removed: 'data resource'"
[2021-06-18 12:43:35][handler_excel: 46][HandlerExcel][[1;34mDEBUG[0m] "sheet to be removed: 'overview'"
[2021-06-18 12:43:35][handler_excel: 46][HandlerExcel][[1;34mDEBUG[0m] "sheet to be removed: 'Automation team workspace'"
[2021-06-18 12:43:35][handler_excel: 46][HandlerExcel][[1;34mDEBUG[0m] "sheet to be removed: 'Core team workspace'"
[2021-06-18 12:43:35][handler_excel: 46][HandlerExcel][[1;34mDEBUG[0m] "sheet to be removed: 'OEE'"
[2021-06-18 12:43:35][handler_excel: 46][HandlerExcel][[1;34mDEBUG[0m] "sheet to be removed: 'ST_Main'"
[2021-06-18 12:43:35][handler_excel: 46][HandlerExcel][[1;34mDEBUG[0m] "sheet to be removed: 'ST_Constant'"
[2021-06-18 12:43:35][handler_excel: 46][HandlerExcel][[1;34mDEBUG[0m] "sheet to be removed: 'EX_Constant'"
[2021-06-18 12:43:35][handler_excel: 46][HandlerExcel][[1;34mDEBUG[0m] "sheet to be removed: 'TP_Main'"
[2021-06-18 12:43:35][handler_excel: 46][HandlerExcel][[1;34mDEBUG[0m] "sheet to be removed: 'TP_Constant'"
[2021-06-18 12:43:35][handler_excel: 46][HandlerExcel][[1;34mDEBUG[0m] "sheet to be removed: 'EM'"
[2021-06-18 12:43:35][handler_excel: 46][HandlerExcel][[1;34mDEBUG[0m] "sheet to be removed: 'data resource'"
[2021-06-18 12:45:08][handler_excel: 46][HandlerExcel][[1;34mDEBUG[0m] "sheet to be removed: 'overview'"
[2021-06-18 12:45:08][handler_excel: 46][HandlerExcel][[1;34mDEBUG[0m] "sheet to be removed: 'Automation team workspace'"
[2021-06-18 12:45:08][handler_excel: 46][HandlerExcel][[1;34mDEBUG[0m] "sheet to be removed: 'Core team workspace'"
[2021-06-18 12:45:08][handler_excel: 46][HandlerExcel][[1;34mDEBUG[0m] "sheet to be removed: 'OEE'"
[2021-06-18 12:45:08][handler_excel: 46][HandlerExcel][[1;34mDEBUG[0m] "sheet to be removed: 'ST_Main'"
[2021-06-18 12:45:08][handler_excel: 46][HandlerExcel][[1;34mDEBUG[0m] "sheet to be removed: 'ST_Constant'"
[2021-06-18 12:45:08][handler_excel: 46][HandlerExcel][[1;34mDEBUG[0m] "sheet to be removed: 'EX_Constant'"
[2021-06-18 12:45:08][handler_excel: 46][HandlerExcel][[1;34mDEBUG[0m] "sheet to be removed: 'TP_Main'"
[2021-06-18 12:45:08][handler_excel: 46][HandlerExcel][[1;34mDEBUG[0m] "sheet to be removed: 'TP_Constant'"
[2021-06-18 12:45:08][handler_excel: 46][HandlerExcel][[1;34mDEBUG[0m] "sheet to be removed: 'EM'"
[2021-06-18 12:45:08][handler_excel: 46][HandlerExcel][[1;34mDEBUG[0m] "sheet to be removed: 'data resource'"
[2021-06-18 12:47:54][handler_excel: 46][HandlerExcel][[1;34mDEBUG[0m] "sheet to be removed: 'overview'"
[2021-06-18 12:47:54][handler_excel: 46][HandlerExcel][[1;34mDEBUG[0m] "sheet to be removed: 'Automation team workspace'"
[2021-06-18 12:47:54][handler_excel: 46][HandlerExcel][[1;34mDEBUG[0m] "sheet to be removed: 'Core team workspace'"
[2021-06-18 12:47:54][handler_excel: 46][HandlerExcel][[1;34mDEBUG[0m] "sheet to be removed: 'OEE'"
[2021-06-18 12:47:54][handler_excel: 46][HandlerExcel][[1;34mDEBUG[0m] "sheet to be removed: 'ST_Main'"
[2021-06-18 12:47:54][handler_excel: 46][HandlerExcel][[1;34mDEBUG[0m] "sheet to be removed: 'ST_Constant'"
[2021-06-18 12:47:54][handler_excel: 46][HandlerExcel][[1;34mDEBUG[0m] "sheet to be removed: 'EX_Constant'"
[2021-06-18 12:47:54][handler_excel: 46][HandlerExcel][[1;34mDEBUG[0m] "sheet to be removed: 'TP_Main'"
[2021-06-18 12:47:54][handler_excel: 46][HandlerExcel][[1;34mDEBUG[0m] "sheet to be removed: 'TP_Constant'"
[2021-06-18 12:47:54][handler_excel: 46][HandlerExcel][[1;34mDEBUG[0m] "sheet to be removed: 'EM'"
[2021-06-18 12:47:54][handler_excel: 46][HandlerExcel][[1;34mDEBUG[0m] "sheet to be removed: 'data resource'"
[2021-06-18 12:50:48][handler_excel: 46][HandlerExcel][[1;34mDEBUG[0m] "sheet to be removed: 'overview'"
[2021-06-18 12:50:48][handler_excel: 46][HandlerExcel][[1;34mDEBUG[0m] "sheet to be removed: 'Automation team workspace'"
[2021-06-18 12:50:48][handler_excel: 46][HandlerExcel][[1;34mDEBUG[0m] "sheet to be removed: 'Core team workspace'"
[2021-06-18 12:50:48][handler_excel: 46][HandlerExcel][[1;34mDEBUG[0m] "sheet to be removed: 'OEE'"
[2021-06-18 12:50:48][handler_excel: 46][HandlerExcel][[1;34mDEBUG[0m] "sheet to be removed: 'ST_Main'"
[2021-06-18 12:50:48][handler_excel: 46][HandlerExcel][[1;34mDEBUG[0m] "sheet to be removed: 'ST_Constant'"
[2021-06-18 12:50:48][handler_excel: 46][HandlerExcel][[1;34mDEBUG[0m] "sheet to be removed: 'EX_Constant'"
[2021-06-18 12:50:48][handler_excel: 46][HandlerExcel][[1;34mDEBUG[0m] "sheet to be removed: 'TP_Main'"
[2021-06-18 12:50:48][handler_excel: 46][HandlerExcel][[1;34mDEBUG[0m] "sheet to be removed: 'TP_Constant'"
[2021-06-18 12:50:48][handler_excel: 46][HandlerExcel][[1;34mDEBUG[0m] "sheet to be removed: 'EM'"
[2021-06-18 12:50:48][handler_excel: 46][HandlerExcel][[1;34mDEBUG[0m] "sheet to be removed: 'data resource'"
[2021-06-18 12:58:37][handler_excel: 46][HandlerExcel][[1;34mDEBUG[0m] "sheet to be removed: 'overview'"
[2021-06-18 12:58:37][handler_excel: 46][HandlerExcel][[1;34mDEBUG[0m] "sheet to be removed: 'Automation team workspace'"
[2021-06-18 12:58:37][handler_excel: 46][HandlerExcel][[1;34mDEBUG[0m] "sheet to be removed: 'Core team workspace'"
[2021-06-18 12:58:37][handler_excel: 46][HandlerExcel][[1;34mDEBUG[0m] "sheet to be removed: 'OEE'"
[2021-06-18 12:58:37][handler_excel: 46][HandlerExcel][[1;34mDEBUG[0m] "sheet to be removed: 'ST_Main'"
[2021-06-18 12:58:37][handler_excel: 46][HandlerExcel][[1;34mDEBUG[0m] "sheet to be removed: 'ST_Constant'"
[2021-06-18 12:58:37][handler_excel: 46][HandlerExcel][[1;34mDEBUG[0m] "sheet to be removed: 'EX_Constant'"
[2021-06-18 12:58:37][handler_excel: 46][HandlerExcel][[1;34mDEBUG[0m] "sheet to be removed: 'TP_Main'"
[2021-06-18 12:58:37][handler_excel: 46][HandlerExcel][[1;34mDEBUG[0m] "sheet to be removed: 'TP_Constant'"
[2021-06-18 12:58:37][handler_excel: 46][HandlerExcel][[1;34mDEBUG[0m] "sheet to be removed: 'EM'"
[2021-06-18 12:58:37][handler_excel: 46][HandlerExcel][[1;34mDEBUG[0m] "sheet to be removed: 'data resource'"
[2021-06-18 12:59:14][handler_excel: 46][HandlerExcel][[1;34mDEBUG[0m] "sheet to be removed: 'overview'"
[2021-06-18 12:59:14][handler_excel: 46][HandlerExcel][[1;34mDEBUG[0m] "sheet to be removed: 'Automation team workspace'"
[2021-06-18 12:59:14][handler_excel: 46][HandlerExcel][[1;34mDEBUG[0m] "sheet to be removed: 'Core team workspace'"
[2021-06-18 12:59:14][handler_excel: 46][HandlerExcel][[1;34mDEBUG[0m] "sheet to be removed: 'OEE'"
[2021-06-18 12:59:14][handler_excel: 46][HandlerExcel][[1;34mDEBUG[0m] "sheet to be removed: 'ST_Main'"
[2021-06-18 12:59:14][handler_excel: 46][HandlerExcel][[1;34mDEBUG[0m] "sheet to be removed: 'ST_Constant'"
[2021-06-18 12:59:14][handler_excel: 46][HandlerExcel][[1;34mDEBUG[0m] "sheet to be removed: 'EX_Constant'"
[2021-06-18 12:59:14][handler_excel: 46][HandlerExcel][[1;34mDEBUG[0m] "sheet to be removed: 'TP_Main'"
[2021-06-18 12:59:14][handler_excel: 46][HandlerExcel][[1;34mDEBUG[0m] "sheet to be removed: 'TP_Constant'"
[2021-06-18 12:59:14][handler_excel: 46][HandlerExcel][[1;34mDEBUG[0m] "sheet to be removed: 'EM'"
[2021-06-18 12:59:14][handler_excel: 46][HandlerExcel][[1;34mDEBUG[0m] "sheet to be removed: 'data resource'"
[2021-06-18 13:02:08][handler_excel: 46][HandlerExcel][[1;34mDEBUG[0m] "sheet to be removed: 'overview'"
[2021-06-18 13:02:08][handler_excel: 46][HandlerExcel][[1;34mDEBUG[0m] "sheet to be removed: 'Automation team workspace'"
[2021-06-18 13:02:08][handler_excel: 46][HandlerExcel][[1;34mDEBUG[0m] "sheet to be removed: 'Core team workspace'"
[2021-06-18 13:02:08][handler_excel: 46][HandlerExcel][[1;34mDEBUG[0m] "sheet to be removed: 'OEE'"
[2021-06-18 13:02:08][handler_excel: 46][HandlerExcel][[1;34mDEBUG[0m] "sheet to be removed: 'ST_Main'"
[2021-06-18 13:02:08][handler_excel: 46][HandlerExcel][[1;34mDEBUG[0m] "sheet to be removed: 'ST_Constant'"
[2021-06-18 13:02:08][handler_excel: 46][HandlerExcel][[1;34mDEBUG[0m] "sheet to be removed: 'EX_Constant'"
[2021-06-18 13:02:08][handler_excel: 46][HandlerExcel][[1;34mDEBUG[0m] "sheet to be removed: 'TP_Main'"
[2021-06-18 13:02:08][handler_excel: 46][HandlerExcel][[1;34mDEBUG[0m] "sheet to be removed: 'TP_Constant'"
[2021-06-18 13:02:08][handler_excel: 46][HandlerExcel][[1;34mDEBUG[0m] "sheet to be removed: 'EM'"
[2021-06-18 13:02:08][handler_excel: 46][HandlerExcel][[1;34mDEBUG[0m] "sheet to be removed: 'data resource'"
[2021-06-18 13:08:27][handler_excel: 46][HandlerExcel][[1;34mDEBUG[0m] "sheet to be removed: 'overview'"
[2021-06-18 13:08:27][handler_excel: 46][HandlerExcel][[1;34mDEBUG[0m] "sheet to be removed: 'Automation team workspace'"
[2021-06-18 13:08:27][handler_excel: 46][HandlerExcel][[1;34mDEBUG[0m] "sheet to be removed: 'Core team workspace'"
[2021-06-18 13:08:27][handler_excel: 46][HandlerExcel][[1;34mDEBUG[0m] "sheet to be removed: 'OEE'"
[2021-06-18 13:08:27][handler_excel: 46][HandlerExcel][[1;34mDEBUG[0m] "sheet to be removed: 'ST_Main'"
[2021-06-18 13:08:27][handler_excel: 46][HandlerExcel][[1;34mDEBUG[0m] "sheet to be removed: 'ST_Constant'"
[2021-06-18 13:08:27][handler_excel: 46][HandlerExcel][[1;34mDEBUG[0m] "sheet to be removed: 'EX_Constant'"
[2021-06-18 13:08:27][handler_excel: 46][HandlerExcel][[1;34mDEBUG[0m] "sheet to be removed: 'TP_Main'"
[2021-06-18 13:08:27][handler_excel: 46][HandlerExcel][[1;34mDEBUG[0m] "sheet to be removed: 'TP_Constant'"
[2021-06-18 13:08:27][handler_excel: 46][HandlerExcel][[1;34mDEBUG[0m] "sheet to be removed: 'EM'"
[2021-06-18 13:08:27][handler_excel: 46][HandlerExcel][[1;34mDEBUG[0m] "sheet to be removed: 'data resource'"
[2021-06-18 13:09:38][handler_excel: 46][HandlerExcel][[1;34mDEBUG[0m] "sheet to be removed: 'overview'"
[2021-06-18 13:09:38][handler_excel: 46][HandlerExcel][[1;34mDEBUG[0m] "sheet to be removed: 'Automation team workspace'"
[2021-06-18 13:09:38][handler_excel: 46][HandlerExcel][[1;34mDEBUG[0m] "sheet to be removed: 'Core team workspace'"
[2021-06-18 13:09:38][handler_excel: 46][HandlerExcel][[1;34mDEBUG[0m] "sheet to be removed: 'OEE'"
[2021-06-18 13:09:38][handler_excel: 46][HandlerExcel][[1;34mDEBUG[0m] "sheet to be removed: 'ST_Main'"
[2021-06-18 13:09:38][handler_excel: 46][HandlerExcel][[1;34mDEBUG[0m] "sheet to be removed: 'ST_Constant'"
[2021-06-18 13:09:38][handler_excel: 46][HandlerExcel][[1;34mDEBUG[0m] "sheet to be removed: 'EX_Constant'"
[2021-06-18 13:09:38][handler_excel: 46][HandlerExcel][[1;34mDEBUG[0m] "sheet to be removed: 'TP_Main'"
[2021-06-18 13:09:38][handler_excel: 46][HandlerExcel][[1;34mDEBUG[0m] "sheet to be removed: 'TP_Constant'"
[2021-06-18 13:09:38][handler_excel: 46][HandlerExcel][[1;34mDEBUG[0m] "sheet to be removed: 'EM'"
[2021-06-18 13:09:38][handler_excel: 46][HandlerExcel][[1;34mDEBUG[0m] "sheet to be removed: 'data resource'"
[2021-06-18 13:10:30][handler_excel: 46][HandlerExcel][[1;34mDEBUG[0m] "sheet to be removed: 'overview'"
[2021-06-18 13:10:30][handler_excel: 46][HandlerExcel][[1;34mDEBUG[0m] "sheet to be removed: 'Automation team workspace'"
[2021-06-18 13:10:30][handler_excel: 46][HandlerExcel][[1;34mDEBUG[0m] "sheet to be removed: 'Core team workspace'"
[2021-06-18 13:10:30][handler_excel: 46][HandlerExcel][[1;34mDEBUG[0m] "sheet to be removed: 'OEE'"
[2021-06-18 13:10:30][handler_excel: 46][HandlerExcel][[1;34mDEBUG[0m] "sheet to be removed: 'ST_Main'"
[2021-06-18 13:10:30][handler_excel: 46][HandlerExcel][[1;34mDEBUG[0m] "sheet to be removed: 'ST_Constant'"
[2021-06-18 13:10:30][handler_excel: 46][HandlerExcel][[1;34mDEBUG[0m] "sheet to be removed: 'EX_Constant'"
[2021-06-18 13:10:30][handler_excel: 46][HandlerExcel][[1;34mDEBUG[0m] "sheet to be removed: 'TP_Main'"
[2021-06-18 13:10:30][handler_excel: 46][HandlerExcel][[1;34mDEBUG[0m] "sheet to be removed: 'TP_Constant'"
[2021-06-18 13:10:30][handler_excel: 46][HandlerExcel][[1;34mDEBUG[0m] "sheet to be removed: 'EM'"
[2021-06-18 13:10:30][handler_excel: 46][HandlerExcel][[1;34mDEBUG[0m] "sheet to be removed: 'data resource'"
[2021-06-18 13:26:29][handler_excel: 46][HandlerExcel][[1;34mDEBUG[0m] "sheet to be removed: 'overview'"
[2021-06-18 13:26:29][handler_excel: 46][HandlerExcel][[1;34mDEBUG[0m] "sheet to be removed: 'Automation team workspace'"
[2021-06-18 13:26:29][handler_excel: 46][HandlerExcel][[1;34mDEBUG[0m] "sheet to be removed: 'Core team workspace'"
[2021-06-18 13:26:29][handler_excel: 46][HandlerExcel][[1;34mDEBUG[0m] "sheet to be removed: 'OEE'"
[2021-06-18 13:26:29][handler_excel: 46][HandlerExcel][[1;34mDEBUG[0m] "sheet to be removed: 'ST_Main'"
[2021-06-18 13:26:29][handler_excel: 46][HandlerExcel][[1;34mDEBUG[0m] "sheet to be removed: 'ST_Constant'"
[2021-06-18 13:26:29][handler_excel: 46][HandlerExcel][[1;34mDEBUG[0m] "sheet to be removed: 'EX_Constant'"
[2021-06-18 13:26:29][handler_excel: 46][HandlerExcel][[1;34mDEBUG[0m] "sheet to be removed: 'TP_Main'"
[2021-06-18 13:26:29][handler_excel: 46][HandlerExcel][[1;34mDEBUG[0m] "sheet to be removed: 'TP_Constant'"
[2021-06-18 13:26:29][handler_excel: 46][HandlerExcel][[1;34mDEBUG[0m] "sheet to be removed: 'EM'"
[2021-06-18 13:26:29][handler_excel: 46][HandlerExcel][[1;34mDEBUG[0m] "sheet to be removed: 'data resource'"
[2021-06-18 13:30:02][handler_excel: 46][HandlerExcel][[1;34mDEBUG[0m] "sheet to be removed: 'overview'"
[2021-06-18 13:30:02][handler_excel: 46][HandlerExcel][[1;34mDEBUG[0m] "sheet to be removed: 'Automation team workspace'"
[2021-06-18 13:30:02][handler_excel: 46][HandlerExcel][[1;34mDEBUG[0m] "sheet to be removed: 'Core team workspace'"
[2021-06-18 13:30:02][handler_excel: 46][HandlerExcel][[1;34mDEBUG[0m] "sheet to be removed: 'OEE'"
[2021-06-18 13:30:02][handler_excel: 46][HandlerExcel][[1;34mDEBUG[0m] "sheet to be removed: 'ST_Main'"
[2021-06-18 13:30:02][handler_excel: 46][HandlerExcel][[1;34mDEBUG[0m] "sheet to be removed: 'ST_Constant'"
[2021-06-18 13:30:02][handler_excel: 46][HandlerExcel][[1;34mDEBUG[0m] "sheet to be removed: 'EX_Constant'"
[2021-06-18 13:30:02][handler_excel: 46][HandlerExcel][[1;34mDEBUG[0m] "sheet to be removed: 'TP_Main'"
[2021-06-18 13:30:02][handler_excel: 46][HandlerExcel][[1;34mDEBUG[0m] "sheet to be removed: 'TP_Constant'"
[2021-06-18 13:30:02][handler_excel: 46][HandlerExcel][[1;34mDEBUG[0m] "sheet to be removed: 'EM'"
[2021-06-18 13:30:02][handler_excel: 46][HandlerExcel][[1;34mDEBUG[0m] "sheet to be removed: 'data resource'"
[2021-06-18 13:35:30][handler_excel: 46][HandlerExcel][[1;34mDEBUG[0m] "sheet to be removed: 'overview'"
[2021-06-18 13:35:30][handler_excel: 46][HandlerExcel][[1;34mDEBUG[0m] "sheet to be removed: 'Automation team workspace'"
[2021-06-18 13:35:30][handler_excel: 46][HandlerExcel][[1;34mDEBUG[0m] "sheet to be removed: 'Core team workspace'"
[2021-06-18 13:35:30][handler_excel: 46][HandlerExcel][[1;34mDEBUG[0m] "sheet to be removed: 'OEE'"
[2021-06-18 13:35:30][handler_excel: 46][HandlerExcel][[1;34mDEBUG[0m] "sheet to be removed: 'ST_Main'"
[2021-06-18 13:35:30][handler_excel: 46][HandlerExcel][[1;34mDEBUG[0m] "sheet to be removed: 'ST_Constant'"
[2021-06-18 13:35:30][handler_excel: 46][HandlerExcel][[1;34mDEBUG[0m] "sheet to be removed: 'EX_Constant'"
[2021-06-18 13:35:30][handler_excel: 46][HandlerExcel][[1;34mDEBUG[0m] "sheet to be removed: 'TP_Main'"
[2021-06-18 13:35:30][handler_excel: 46][HandlerExcel][[1;34mDEBUG[0m] "sheet to be removed: 'TP_Constant'"
[2021-06-18 13:35:30][handler_excel: 46][HandlerExcel][[1;34mDEBUG[0m] "sheet to be removed: 'EM'"
[2021-06-18 13:35:30][handler_excel: 46][HandlerExcel][[1;34mDEBUG[0m] "sheet to be removed: 'data resource'"
