[2021-06-18 12:58:33][handler_ini_redisdb: 66][HandlerINIRedisDB][[1;34mDEBUG[0m] "collection name: 'CV_20033-24_SMBPLC.TC1             '"
[2021-06-18 12:58:33][handler_ini_redisdb: 66][HandlerINIRedisDB][[1;34mDEBUG[0m] "collection name: 'CV_20033-24_SMBPLC.TC2             '"
[2021-06-18 12:58:33][handler_ini_redisdb: 66][HandlerINIRedisDB][[1;34mDEBUG[0m] "collection name: 'EX_20029_Main.Main                 '"
[2021-06-18 12:58:33][handler_ini_redisdb: 66][HandlerINIRedisDB][[1;34mDEBUG[0m] "collection name: 'EX_20029_TC1.TC1                   '"
[2021-06-18 12:58:33][handler_ini_redisdb: 66][HandlerINIRedisDB][[1;34mDEBUG[0m] "collection name: 'EX_20033-18_SMBPLC.Main            '"
[2021-06-18 12:58:33][handler_ini_redisdb: 66][HandlerINIRedisDB][[1;34mDEBUG[0m] "collection name: 'EX_20033-18_SMBPLC.TC1             '"
[2021-06-18 12:58:33][handler_ini_redisdb: 66][HandlerINIRedisDB][[1;34mDEBUG[0m] "collection name: 'EX_20033-18_SMBPLC.TC2             '"
[2021-06-18 12:58:33][handler_ini_redisdb: 66][HandlerINIRedisDB][[1;34mDEBUG[0m] "collection name: 'EX_20033-33_SMBPLC.Main            '"
[2021-06-18 12:58:33][handler_ini_redisdb: 66][HandlerINIRedisDB][[1;34mDEBUG[0m] "collection name: 'EX_20033-33_SMBPLC.TC1             '"
[2021-06-18 12:58:33][handler_ini_redisdb: 66][HandlerINIRedisDB][[1;34mDEBUG[0m] "collection name: 'EX_20033-34_SMBPLC.Main            '"
[2021-06-18 12:58:33][handler_ini_redisdb: 66][HandlerINIRedisDB][[1;34mDEBUG[0m] "collection name: 'EX_20033-34_SMBPLC.TC1             '"
[2021-06-18 12:58:33][handler_ini_redisdb: 66][HandlerINIRedisDB][[1;34mDEBUG[0m] "collection name: 'EX_20033-35_SMBPLC.Main            '"
[2021-06-18 12:58:33][handler_ini_redisdb: 66][HandlerINIRedisDB][[1;34mDEBUG[0m] "collection name: 'EX_20033-35_SMBPLC.TC1             '"
[2021-06-18 12:58:33][handler_ini_redisdb: 66][HandlerINIRedisDB][[1;34mDEBUG[0m] "collection name: 'ST_20033-10_SMBPLC.Main            '"
[2021-06-18 12:58:33][handler_ini_redisdb: 66][HandlerINIRedisDB][[1;34mDEBUG[0m] "collection name: 'ST_20033-11_SMBPLC.Main            '"
[2021-06-18 12:58:33][handler_ini_redisdb: 66][HandlerINIRedisDB][[1;34mDEBUG[0m] "collection name: 'ST_20033-12_SMBPLC.Main            '"
[2021-06-18 12:58:33][handler_ini_redisdb: 66][HandlerINIRedisDB][[1;34mDEBUG[0m] "collection name: 'ST_20033-13_SMBPLC.Main            '"
[2021-06-18 12:58:33][handler_ini_redisdb: 66][HandlerINIRedisDB][[1;34mDEBUG[0m] "collection name: 'ST_20033-14_SMBPLC.Main            '"
[2021-06-18 12:58:33][handler_ini_redisdb: 66][HandlerINIRedisDB][[1;34mDEBUG[0m] "collection name: 'ST_20033-15_SMBPLC.Main            '"
[2021-06-18 12:58:33][handler_ini_redisdb: 66][HandlerINIRedisDB][[1;34mDEBUG[0m] "collection name: 'ST_20033-16_SMBPLC.Main            '"
[2021-06-18 12:58:33][handler_ini_redisdb: 66][HandlerINIRedisDB][[1;34mDEBUG[0m] "collection name: 'ST_20033-17_SMBPLC.Main            '"
[2021-06-18 12:58:33][handler_ini_redisdb: 66][HandlerINIRedisDB][[1;34mDEBUG[0m] "collection name: 'ST_20033-40_SMBPLC.Main            '"
[2021-06-18 12:59:09][handler_ini_redisdb: 66][HandlerINIRedisDB][[1;34mDEBUG[0m] "collection name: 'BU_20033-1-1_SMBPLC.Main           '"
[2021-06-18 12:59:09][handler_ini_redisdb: 66][HandlerINIRedisDB][[1;34mDEBUG[0m] "collection name: 'BU_20033-1-2_SMBPLC.Main           '"
[2021-06-18 12:59:09][handler_ini_redisdb: 66][HandlerINIRedisDB][[1;34mDEBUG[0m] "collection name: 'BU_20033-1-3_SMBPLC.Main           '"
[2021-06-18 12:59:09][handler_ini_redisdb: 66][HandlerINIRedisDB][[1;34mDEBUG[0m] "collection name: 'BU_20033-2-1_SMBPLC.Main           '"
[2021-06-18 12:59:09][handler_ini_redisdb: 66][HandlerINIRedisDB][[1;34mDEBUG[0m] "collection name: 'BU_20033-2-2_SMBPLC.Main           '"
[2021-06-18 12:59:09][handler_ini_redisdb: 66][HandlerINIRedisDB][[1;34mDEBUG[0m] "collection name: 'BU_20033-2-3_SMBPLC.Main           '"
[2021-06-18 12:59:09][handler_ini_redisdb: 66][HandlerINIRedisDB][[1;34mDEBUG[0m] "collection name: 'CV_20033-19_SMBPLC.TC1             '"
[2021-06-18 12:59:09][handler_ini_redisdb: 66][HandlerINIRedisDB][[1;34mDEBUG[0m] "collection name: 'CV_20033-20_SMBPLC.TC1             '"
[2021-06-18 12:59:09][handler_ini_redisdb: 66][HandlerINIRedisDB][[1;34mDEBUG[0m] "collection name: 'CV_20033-21_SMBPLC.TC1             '"
[2021-06-18 12:59:09][handler_ini_redisdb: 66][HandlerINIRedisDB][[1;34mDEBUG[0m] "collection name: 'CV_20033-21_SMBPLC.TC2             '"
[2021-06-18 12:59:09][handler_ini_redisdb: 66][HandlerINIRedisDB][[1;34mDEBUG[0m] "collection name: 'CV_20033-22_SMBPLC.TC1             '"
[2021-06-18 12:59:09][handler_ini_redisdb: 66][HandlerINIRedisDB][[1;34mDEBUG[0m] "collection name: 'CV_20033-22_SMBPLC.TC2             '"
[2021-06-18 12:59:09][handler_ini_redisdb: 66][HandlerINIRedisDB][[1;34mDEBUG[0m] "collection name: 'CV_20033-23_SMBPLC.TC1             '"
[2021-06-18 12:59:09][handler_ini_redisdb: 66][HandlerINIRedisDB][[1;34mDEBUG[0m] "collection name: 'CV_20033-23_SMBPLC.TC2             '"
[2021-06-18 12:59:09][handler_ini_redisdb: 66][HandlerINIRedisDB][[1;34mDEBUG[0m] "collection name: 'CV_20033-24_SMBPLC.TC1             '"
[2021-06-18 12:59:09][handler_ini_redisdb: 66][HandlerINIRedisDB][[1;34mDEBUG[0m] "collection name: 'CV_20033-24_SMBPLC.TC2             '"
[2021-06-18 12:59:09][handler_ini_redisdb: 66][HandlerINIRedisDB][[1;34mDEBUG[0m] "collection name: 'EX_20029_Main.Main                 '"
[2021-06-18 12:59:09][handler_ini_redisdb: 66][HandlerINIRedisDB][[1;34mDEBUG[0m] "collection name: 'EX_20029_TC1.TC1                   '"
[2021-06-18 12:59:09][handler_ini_redisdb: 66][HandlerINIRedisDB][[1;34mDEBUG[0m] "collection name: 'EX_20033-18_SMBPLC.Main            '"
[2021-06-18 12:59:09][handler_ini_redisdb: 66][HandlerINIRedisDB][[1;34mDEBUG[0m] "collection name: 'EX_20033-18_SMBPLC.TC1             '"
[2021-06-18 12:59:09][handler_ini_redisdb: 66][HandlerINIRedisDB][[1;34mDEBUG[0m] "collection name: 'EX_20033-18_SMBPLC.TC2             '"
[2021-06-18 12:59:09][handler_ini_redisdb: 66][HandlerINIRedisDB][[1;34mDEBUG[0m] "collection name: 'EX_20033-33_SMBPLC.Main            '"
[2021-06-18 12:59:09][handler_ini_redisdb: 66][HandlerINIRedisDB][[1;34mDEBUG[0m] "collection name: 'EX_20033-33_SMBPLC.TC1             '"
[2021-06-18 12:59:09][handler_ini_redisdb: 66][HandlerINIRedisDB][[1;34mDEBUG[0m] "collection name: 'EX_20033-34_SMBPLC.Main            '"
[2021-06-18 12:59:09][handler_ini_redisdb: 66][HandlerINIRedisDB][[1;34mDEBUG[0m] "collection name: 'EX_20033-34_SMBPLC.TC1             '"
[2021-06-18 12:59:09][handler_ini_redisdb: 66][HandlerINIRedisDB][[1;34mDEBUG[0m] "collection name: 'EX_20033-35_SMBPLC.Main            '"
[2021-06-18 12:59:09][handler_ini_redisdb: 66][HandlerINIRedisDB][[1;34mDEBUG[0m] "collection name: 'EX_20033-35_SMBPLC.TC1             '"
[2021-06-18 12:59:09][handler_ini_redisdb: 66][HandlerINIRedisDB][[1;34mDEBUG[0m] "collection name: 'ST_20033-10_SMBPLC.Main            '"
[2021-06-18 12:59:09][handler_ini_redisdb: 66][HandlerINIRedisDB][[1;34mDEBUG[0m] "collection name: 'ST_20033-11_SMBPLC.Main            '"
[2021-06-18 12:59:09][handler_ini_redisdb: 66][HandlerINIRedisDB][[1;34mDEBUG[0m] "collection name: 'ST_20033-12_SMBPLC.Main            '"
[2021-06-18 12:59:09][handler_ini_redisdb: 66][HandlerINIRedisDB][[1;34mDEBUG[0m] "collection name: 'ST_20033-13_SMBPLC.Main            '"
[2021-06-18 12:59:09][handler_ini_redisdb: 66][HandlerINIRedisDB][[1;34mDEBUG[0m] "collection name: 'ST_20033-14_SMBPLC.Main            '"
[2021-06-18 12:59:09][handler_ini_redisdb: 66][HandlerINIRedisDB][[1;34mDEBUG[0m] "collection name: 'ST_20033-15_SMBPLC.Main            '"
[2021-06-18 12:59:09][handler_ini_redisdb: 66][HandlerINIRedisDB][[1;34mDEBUG[0m] "collection name: 'ST_20033-16_SMBPLC.Main            '"
[2021-06-18 12:59:09][handler_ini_redisdb: 66][HandlerINIRedisDB][[1;34mDEBUG[0m] "collection name: 'ST_20033-17_SMBPLC.Main            '"
[2021-06-18 12:59:09][handler_ini_redisdb: 66][HandlerINIRedisDB][[1;34mDEBUG[0m] "collection name: 'ST_20033-40_SMBPLC.Main            '"
[2021-06-18 13:02:03][handler_ini_redisdb: 66][HandlerINIRedisDB][[1;34mDEBUG[0m] "collection name: 'BU_20033-1-1_SMBPLC.Main           '"
[2021-06-18 13:02:03][handler_ini_redisdb: 66][HandlerINIRedisDB][[1;34mDEBUG[0m] "collection name: 'BU_20033-1-2_SMBPLC.Main           '"
[2021-06-18 13:02:03][handler_ini_redisdb: 66][HandlerINIRedisDB][[1;34mDEBUG[0m] "collection name: 'BU_20033-1-3_SMBPLC.Main           '"
[2021-06-18 13:02:03][handler_ini_redisdb: 66][HandlerINIRedisDB][[1;34mDEBUG[0m] "collection name: 'BU_20033-2-1_SMBPLC.Main           '"
[2021-06-18 13:02:03][handler_ini_redisdb: 66][HandlerINIRedisDB][[1;34mDEBUG[0m] "collection name: 'BU_20033-2-2_SMBPLC.Main           '"
[2021-06-18 13:02:03][handler_ini_redisdb: 66][HandlerINIRedisDB][[1;34mDEBUG[0m] "collection name: 'BU_20033-2-3_SMBPLC.Main           '"
[2021-06-18 13:02:03][handler_ini_redisdb: 66][HandlerINIRedisDB][[1;34mDEBUG[0m] "collection name: 'CV_20033-19_SMBPLC.TC1             '"
[2021-06-18 13:02:03][handler_ini_redisdb: 66][HandlerINIRedisDB][[1;34mDEBUG[0m] "collection name: 'CV_20033-20_SMBPLC.TC1             '"
[2021-06-18 13:02:03][handler_ini_redisdb: 66][HandlerINIRedisDB][[1;34mDEBUG[0m] "collection name: 'CV_20033-21_SMBPLC.TC1             '"
[2021-06-18 13:02:03][handler_ini_redisdb: 66][HandlerINIRedisDB][[1;34mDEBUG[0m] "collection name: 'CV_20033-21_SMBPLC.TC2             '"
[2021-06-18 13:02:03][handler_ini_redisdb: 66][HandlerINIRedisDB][[1;34mDEBUG[0m] "collection name: 'CV_20033-22_SMBPLC.TC1             '"
[2021-06-18 13:02:03][handler_ini_redisdb: 66][HandlerINIRedisDB][[1;34mDEBUG[0m] "collection name: 'CV_20033-22_SMBPLC.TC2             '"
[2021-06-18 13:02:03][handler_ini_redisdb: 66][HandlerINIRedisDB][[1;34mDEBUG[0m] "collection name: 'CV_20033-23_SMBPLC.TC1             '"
[2021-06-18 13:02:03][handler_ini_redisdb: 66][HandlerINIRedisDB][[1;34mDEBUG[0m] "collection name: 'CV_20033-23_SMBPLC.TC2             '"
[2021-06-18 13:02:03][handler_ini_redisdb: 66][HandlerINIRedisDB][[1;34mDEBUG[0m] "collection name: 'CV_20033-24_SMBPLC.TC1             '"
[2021-06-18 13:02:03][handler_ini_redisdb: 66][HandlerINIRedisDB][[1;34mDEBUG[0m] "collection name: 'CV_20033-24_SMBPLC.TC2             '"
[2021-06-18 13:02:03][handler_ini_redisdb: 66][HandlerINIRedisDB][[1;34mDEBUG[0m] "collection name: 'EX_20029_Main.Main                 '"
[2021-06-18 13:02:03][handler_ini_redisdb: 66][HandlerINIRedisDB][[1;34mDEBUG[0m] "collection name: 'EX_20029_TC1.TC1                   '"
[2021-06-18 13:02:03][handler_ini_redisdb: 66][HandlerINIRedisDB][[1;34mDEBUG[0m] "collection name: 'EX_20033-18_SMBPLC.Main            '"
[2021-06-18 13:02:03][handler_ini_redisdb: 66][HandlerINIRedisDB][[1;34mDEBUG[0m] "collection name: 'EX_20033-18_SMBPLC.TC1             '"
[2021-06-18 13:02:03][handler_ini_redisdb: 66][HandlerINIRedisDB][[1;34mDEBUG[0m] "collection name: 'EX_20033-18_SMBPLC.TC2             '"
[2021-06-18 13:02:03][handler_ini_redisdb: 66][HandlerINIRedisDB][[1;34mDEBUG[0m] "collection name: 'EX_20033-33_SMBPLC.Main            '"
[2021-06-18 13:02:03][handler_ini_redisdb: 66][HandlerINIRedisDB][[1;34mDEBUG[0m] "collection name: 'EX_20033-33_SMBPLC.TC1             '"
[2021-06-18 13:02:03][handler_ini_redisdb: 66][HandlerINIRedisDB][[1;34mDEBUG[0m] "collection name: 'EX_20033-34_SMBPLC.Main            '"
[2021-06-18 13:02:03][handler_ini_redisdb: 66][HandlerINIRedisDB][[1;34mDEBUG[0m] "collection name: 'EX_20033-34_SMBPLC.TC1             '"
[2021-06-18 13:02:03][handler_ini_redisdb: 66][HandlerINIRedisDB][[1;34mDEBUG[0m] "collection name: 'EX_20033-35_SMBPLC.Main            '"
[2021-06-18 13:02:03][handler_ini_redisdb: 66][HandlerINIRedisDB][[1;34mDEBUG[0m] "collection name: 'EX_20033-35_SMBPLC.TC1             '"
[2021-06-18 13:02:03][handler_ini_redisdb: 66][HandlerINIRedisDB][[1;34mDEBUG[0m] "collection name: 'ST_20033-10_SMBPLC.Main            '"
[2021-06-18 13:02:03][handler_ini_redisdb: 66][HandlerINIRedisDB][[1;34mDEBUG[0m] "collection name: 'ST_20033-11_SMBPLC.Main            '"
[2021-06-18 13:02:03][handler_ini_redisdb: 66][HandlerINIRedisDB][[1;34mDEBUG[0m] "collection name: 'ST_20033-12_SMBPLC.Main            '"
[2021-06-18 13:02:03][handler_ini_redisdb: 66][HandlerINIRedisDB][[1;34mDEBUG[0m] "collection name: 'ST_20033-13_SMBPLC.Main            '"
[2021-06-18 13:02:03][handler_ini_redisdb: 66][HandlerINIRedisDB][[1;34mDEBUG[0m] "collection name: 'ST_20033-14_SMBPLC.Main            '"
[2021-06-18 13:02:03][handler_ini_redisdb: 66][HandlerINIRedisDB][[1;34mDEBUG[0m] "collection name: 'ST_20033-15_SMBPLC.Main            '"
[2021-06-18 13:02:03][handler_ini_redisdb: 66][HandlerINIRedisDB][[1;34mDEBUG[0m] "collection name: 'ST_20033-16_SMBPLC.Main            '"
[2021-06-18 13:02:03][handler_ini_redisdb: 66][HandlerINIRedisDB][[1;34mDEBUG[0m] "collection name: 'ST_20033-17_SMBPLC.Main            '"
[2021-06-18 13:02:03][handler_ini_redisdb: 66][HandlerINIRedisDB][[1;34mDEBUG[0m] "collection name: 'ST_20033-40_SMBPLC.Main            '"
[2021-06-18 13:08:22][handler_ini_redisdb: 66][HandlerINIRedisDB][[1;34mDEBUG[0m] "collection name: 'BU_20033-1-1_SMBPLC.Main           '"
[2021-06-18 13:08:22][handler_ini_redisdb: 66][HandlerINIRedisDB][[1;34mDEBUG[0m] "collection name: 'BU_20033-1-2_SMBPLC.Main           '"
[2021-06-18 13:08:22][handler_ini_redisdb: 66][HandlerINIRedisDB][[1;34mDEBUG[0m] "collection name: 'BU_20033-1-3_SMBPLC.Main           '"
[2021-06-18 13:08:22][handler_ini_redisdb: 66][HandlerINIRedisDB][[1;34mDEBUG[0m] "collection name: 'BU_20033-2-1_SMBPLC.Main           '"
[2021-06-18 13:08:22][handler_ini_redisdb: 66][HandlerINIRedisDB][[1;34mDEBUG[0m] "collection name: 'BU_20033-2-2_SMBPLC.Main           '"
[2021-06-18 13:08:22][handler_ini_redisdb: 66][HandlerINIRedisDB][[1;34mDEBUG[0m] "collection name: 'BU_20033-2-3_SMBPLC.Main           '"
[2021-06-18 13:08:22][handler_ini_redisdb: 66][HandlerINIRedisDB][[1;34mDEBUG[0m] "collection name: 'CV_20033-19_SMBPLC.TC1             '"
[2021-06-18 13:08:22][handler_ini_redisdb: 66][HandlerINIRedisDB][[1;34mDEBUG[0m] "collection name: 'CV_20033-20_SMBPLC.TC1             '"
[2021-06-18 13:08:22][handler_ini_redisdb: 66][HandlerINIRedisDB][[1;34mDEBUG[0m] "collection name: 'CV_20033-21_SMBPLC.TC1             '"
[2021-06-18 13:08:22][handler_ini_redisdb: 66][HandlerINIRedisDB][[1;34mDEBUG[0m] "collection name: 'CV_20033-21_SMBPLC.TC2             '"
[2021-06-18 13:08:22][handler_ini_redisdb: 66][HandlerINIRedisDB][[1;34mDEBUG[0m] "collection name: 'CV_20033-22_SMBPLC.TC1             '"
[2021-06-18 13:08:22][handler_ini_redisdb: 66][HandlerINIRedisDB][[1;34mDEBUG[0m] "collection name: 'CV_20033-22_SMBPLC.TC2             '"
[2021-06-18 13:08:22][handler_ini_redisdb: 66][HandlerINIRedisDB][[1;34mDEBUG[0m] "collection name: 'CV_20033-23_SMBPLC.TC1             '"
[2021-06-18 13:08:22][handler_ini_redisdb: 66][HandlerINIRedisDB][[1;34mDEBUG[0m] "collection name: 'CV_20033-23_SMBPLC.TC2             '"
[2021-06-18 13:08:22][handler_ini_redisdb: 66][HandlerINIRedisDB][[1;34mDEBUG[0m] "collection name: 'CV_20033-24_SMBPLC.TC1             '"
[2021-06-18 13:08:22][handler_ini_redisdb: 66][HandlerINIRedisDB][[1;34mDEBUG[0m] "collection name: 'CV_20033-24_SMBPLC.TC2             '"
[2021-06-18 13:08:22][handler_ini_redisdb: 66][HandlerINIRedisDB][[1;34mDEBUG[0m] "collection name: 'EX_20029_Main.Main                 '"
[2021-06-18 13:08:22][handler_ini_redisdb: 66][HandlerINIRedisDB][[1;34mDEBUG[0m] "collection name: 'EX_20029_TC1.TC1                   '"
[2021-06-18 13:08:22][handler_ini_redisdb: 66][HandlerINIRedisDB][[1;34mDEBUG[0m] "collection name: 'EX_20033-18_SMBPLC.Main            '"
[2021-06-18 13:08:22][handler_ini_redisdb: 66][HandlerINIRedisDB][[1;34mDEBUG[0m] "collection name: 'EX_20033-18_SMBPLC.TC1             '"
[2021-06-18 13:08:22][handler_ini_redisdb: 66][HandlerINIRedisDB][[1;34mDEBUG[0m] "collection name: 'EX_20033-18_SMBPLC.TC2             '"
[2021-06-18 13:08:22][handler_ini_redisdb: 66][HandlerINIRedisDB][[1;34mDEBUG[0m] "collection name: 'EX_20033-33_SMBPLC.Main            '"
[2021-06-18 13:08:22][handler_ini_redisdb: 66][HandlerINIRedisDB][[1;34mDEBUG[0m] "collection name: 'EX_20033-33_SMBPLC.TC1             '"
[2021-06-18 13:08:22][handler_ini_redisdb: 66][HandlerINIRedisDB][[1;34mDEBUG[0m] "collection name: 'EX_20033-34_SMBPLC.Main            '"
[2021-06-18 13:08:22][handler_ini_redisdb: 66][HandlerINIRedisDB][[1;34mDEBUG[0m] "collection name: 'EX_20033-34_SMBPLC.TC1             '"
[2021-06-18 13:08:22][handler_ini_redisdb: 66][HandlerINIRedisDB][[1;34mDEBUG[0m] "collection name: 'EX_20033-35_SMBPLC.Main            '"
[2021-06-18 13:08:22][handler_ini_redisdb: 66][HandlerINIRedisDB][[1;34mDEBUG[0m] "collection name: 'EX_20033-35_SMBPLC.TC1             '"
[2021-06-18 13:08:22][handler_ini_redisdb: 66][HandlerINIRedisDB][[1;34mDEBUG[0m] "collection name: 'ST_20033-10_SMBPLC.Main            '"
[2021-06-18 13:08:22][handler_ini_redisdb: 66][HandlerINIRedisDB][[1;34mDEBUG[0m] "collection name: 'ST_20033-11_SMBPLC.Main            '"
[2021-06-18 13:08:22][handler_ini_redisdb: 66][HandlerINIRedisDB][[1;34mDEBUG[0m] "collection name: 'ST_20033-12_SMBPLC.Main            '"
[2021-06-18 13:08:22][handler_ini_redisdb: 66][HandlerINIRedisDB][[1;34mDEBUG[0m] "collection name: 'ST_20033-13_SMBPLC.Main            '"
[2021-06-18 13:08:22][handler_ini_redisdb: 66][HandlerINIRedisDB][[1;34mDEBUG[0m] "collection name: 'ST_20033-14_SMBPLC.Main            '"
[2021-06-18 13:08:22][handler_ini_redisdb: 66][HandlerINIRedisDB][[1;34mDEBUG[0m] "collection name: 'ST_20033-15_SMBPLC.Main            '"
[2021-06-18 13:08:22][handler_ini_redisdb: 66][HandlerINIRedisDB][[1;34mDEBUG[0m] "collection name: 'ST_20033-16_SMBPLC.Main            '"
[2021-06-18 13:08:22][handler_ini_redisdb: 66][HandlerINIRedisDB][[1;34mDEBUG[0m] "collection name: 'ST_20033-17_SMBPLC.Main            '"
[2021-06-18 13:08:22][handler_ini_redisdb: 66][HandlerINIRedisDB][[1;34mDEBUG[0m] "collection name: 'ST_20033-40_SMBPLC.Main            '"
[2021-06-18 13:09:35][handler_ini_redisdb: 66][HandlerINIRedisDB][[1;34mDEBUG[0m] "collection name: 'BU_20033-1-1_SMBPLC.Main           '"
[2021-06-18 13:09:35][handler_ini_redisdb: 66][HandlerINIRedisDB][[1;34mDEBUG[0m] "collection name: 'BU_20033-1-2_SMBPLC.Main           '"
[2021-06-18 13:09:35][handler_ini_redisdb: 66][HandlerINIRedisDB][[1;34mDEBUG[0m] "collection name: 'BU_20033-1-3_SMBPLC.Main           '"
[2021-06-18 13:09:35][handler_ini_redisdb: 66][HandlerINIRedisDB][[1;34mDEBUG[0m] "collection name: 'BU_20033-2-1_SMBPLC.Main           '"
[2021-06-18 13:09:35][handler_ini_redisdb: 66][HandlerINIRedisDB][[1;34mDEBUG[0m] "collection name: 'BU_20033-2-2_SMBPLC.Main           '"
[2021-06-18 13:09:35][handler_ini_redisdb: 66][HandlerINIRedisDB][[1;34mDEBUG[0m] "collection name: 'BU_20033-2-3_SMBPLC.Main           '"
[2021-06-18 13:09:35][handler_ini_redisdb: 66][HandlerINIRedisDB][[1;34mDEBUG[0m] "collection name: 'CV_20033-19_SMBPLC.TC1             '"
[2021-06-18 13:09:35][handler_ini_redisdb: 66][HandlerINIRedisDB][[1;34mDEBUG[0m] "collection name: 'CV_20033-20_SMBPLC.TC1             '"
[2021-06-18 13:09:35][handler_ini_redisdb: 66][HandlerINIRedisDB][[1;34mDEBUG[0m] "collection name: 'CV_20033-21_SMBPLC.TC1             '"
[2021-06-18 13:09:35][handler_ini_redisdb: 66][HandlerINIRedisDB][[1;34mDEBUG[0m] "collection name: 'CV_20033-21_SMBPLC.TC2             '"
[2021-06-18 13:09:35][handler_ini_redisdb: 66][HandlerINIRedisDB][[1;34mDEBUG[0m] "collection name: 'CV_20033-22_SMBPLC.TC1             '"
[2021-06-18 13:09:35][handler_ini_redisdb: 66][HandlerINIRedisDB][[1;34mDEBUG[0m] "collection name: 'CV_20033-22_SMBPLC.TC2             '"
[2021-06-18 13:09:35][handler_ini_redisdb: 66][HandlerINIRedisDB][[1;34mDEBUG[0m] "collection name: 'CV_20033-23_SMBPLC.TC1             '"
[2021-06-18 13:09:35][handler_ini_redisdb: 66][HandlerINIRedisDB][[1;34mDEBUG[0m] "collection name: 'CV_20033-23_SMBPLC.TC2             '"
[2021-06-18 13:09:35][handler_ini_redisdb: 66][HandlerINIRedisDB][[1;34mDEBUG[0m] "collection name: 'CV_20033-24_SMBPLC.TC1             '"
[2021-06-18 13:09:35][handler_ini_redisdb: 66][HandlerINIRedisDB][[1;34mDEBUG[0m] "collection name: 'CV_20033-24_SMBPLC.TC2             '"
[2021-06-18 13:09:35][handler_ini_redisdb: 66][HandlerINIRedisDB][[1;34mDEBUG[0m] "collection name: 'EX_20029_Main.Main                 '"
[2021-06-18 13:09:35][handler_ini_redisdb: 66][HandlerINIRedisDB][[1;34mDEBUG[0m] "collection name: 'EX_20029_TC1.TC1                   '"
[2021-06-18 13:09:35][handler_ini_redisdb: 66][HandlerINIRedisDB][[1;34mDEBUG[0m] "collection name: 'EX_20033-18_SMBPLC.Main            '"
[2021-06-18 13:09:35][handler_ini_redisdb: 66][HandlerINIRedisDB][[1;34mDEBUG[0m] "collection name: 'EX_20033-18_SMBPLC.TC1             '"
[2021-06-18 13:09:35][handler_ini_redisdb: 66][HandlerINIRedisDB][[1;34mDEBUG[0m] "collection name: 'EX_20033-18_SMBPLC.TC2             '"
[2021-06-18 13:09:35][handler_ini_redisdb: 66][HandlerINIRedisDB][[1;34mDEBUG[0m] "collection name: 'EX_20033-33_SMBPLC.Main            '"
[2021-06-18 13:09:35][handler_ini_redisdb: 66][HandlerINIRedisDB][[1;34mDEBUG[0m] "collection name: 'EX_20033-33_SMBPLC.TC1             '"
[2021-06-18 13:09:35][handler_ini_redisdb: 66][HandlerINIRedisDB][[1;34mDEBUG[0m] "collection name: 'EX_20033-34_SMBPLC.Main            '"
[2021-06-18 13:09:35][handler_ini_redisdb: 66][HandlerINIRedisDB][[1;34mDEBUG[0m] "collection name: 'EX_20033-34_SMBPLC.TC1             '"
[2021-06-18 13:09:35][handler_ini_redisdb: 66][HandlerINIRedisDB][[1;34mDEBUG[0m] "collection name: 'EX_20033-35_SMBPLC.Main            '"
[2021-06-18 13:09:35][handler_ini_redisdb: 66][HandlerINIRedisDB][[1;34mDEBUG[0m] "collection name: 'EX_20033-35_SMBPLC.TC1             '"
[2021-06-18 13:09:35][handler_ini_redisdb: 66][HandlerINIRedisDB][[1;34mDEBUG[0m] "collection name: 'ST_20033-10_SMBPLC.Main            '"
[2021-06-18 13:09:35][handler_ini_redisdb: 66][HandlerINIRedisDB][[1;34mDEBUG[0m] "collection name: 'ST_20033-11_SMBPLC.Main            '"
[2021-06-18 13:09:35][handler_ini_redisdb: 66][HandlerINIRedisDB][[1;34mDEBUG[0m] "collection name: 'ST_20033-12_SMBPLC.Main            '"
[2021-06-18 13:09:35][handler_ini_redisdb: 66][HandlerINIRedisDB][[1;34mDEBUG[0m] "collection name: 'ST_20033-13_SMBPLC.Main            '"
[2021-06-18 13:09:35][handler_ini_redisdb: 66][HandlerINIRedisDB][[1;34mDEBUG[0m] "collection name: 'ST_20033-14_SMBPLC.Main            '"
[2021-06-18 13:09:35][handler_ini_redisdb: 66][HandlerINIRedisDB][[1;34mDEBUG[0m] "collection name: 'ST_20033-15_SMBPLC.Main            '"
[2021-06-18 13:09:35][handler_ini_redisdb: 66][HandlerINIRedisDB][[1;34mDEBUG[0m] "collection name: 'ST_20033-16_SMBPLC.Main            '"
[2021-06-18 13:09:35][handler_ini_redisdb: 66][HandlerINIRedisDB][[1;34mDEBUG[0m] "collection name: 'ST_20033-17_SMBPLC.Main            '"
[2021-06-18 13:09:35][handler_ini_redisdb: 66][HandlerINIRedisDB][[1;34mDEBUG[0m] "collection name: 'ST_20033-40_SMBPLC.Main            '"
[2021-06-18 13:10:27][handler_ini_redisdb: 66][HandlerINIRedisDB][[1;34mDEBUG[0m] "collection name: 'BU_20033-1-1_SMBPLC.Main           '"
[2021-06-18 13:10:27][handler_ini_redisdb: 66][HandlerINIRedisDB][[1;34mDEBUG[0m] "collection name: 'BU_20033-1-2_SMBPLC.Main           '"
[2021-06-18 13:10:27][handler_ini_redisdb: 66][HandlerINIRedisDB][[1;34mDEBUG[0m] "collection name: 'BU_20033-1-3_SMBPLC.Main           '"
[2021-06-18 13:10:27][handler_ini_redisdb: 66][HandlerINIRedisDB][[1;34mDEBUG[0m] "collection name: 'BU_20033-2-1_SMBPLC.Main           '"
[2021-06-18 13:10:27][handler_ini_redisdb: 66][HandlerINIRedisDB][[1;34mDEBUG[0m] "collection name: 'BU_20033-2-2_SMBPLC.Main           '"
[2021-06-18 13:10:27][handler_ini_redisdb: 66][HandlerINIRedisDB][[1;34mDEBUG[0m] "collection name: 'BU_20033-2-3_SMBPLC.Main           '"
[2021-06-18 13:10:27][handler_ini_redisdb: 66][HandlerINIRedisDB][[1;34mDEBUG[0m] "collection name: 'CV_20033-19_SMBPLC.TC1             '"
[2021-06-18 13:10:27][handler_ini_redisdb: 66][HandlerINIRedisDB][[1;34mDEBUG[0m] "collection name: 'CV_20033-20_SMBPLC.TC1             '"
[2021-06-18 13:10:27][handler_ini_redisdb: 66][HandlerINIRedisDB][[1;34mDEBUG[0m] "collection name: 'CV_20033-21_SMBPLC.TC1             '"
[2021-06-18 13:10:27][handler_ini_redisdb: 66][HandlerINIRedisDB][[1;34mDEBUG[0m] "collection name: 'CV_20033-21_SMBPLC.TC2             '"
[2021-06-18 13:10:27][handler_ini_redisdb: 66][HandlerINIRedisDB][[1;34mDEBUG[0m] "collection name: 'CV_20033-22_SMBPLC.TC1             '"
[2021-06-18 13:10:27][handler_ini_redisdb: 66][HandlerINIRedisDB][[1;34mDEBUG[0m] "collection name: 'CV_20033-22_SMBPLC.TC2             '"
[2021-06-18 13:10:27][handler_ini_redisdb: 66][HandlerINIRedisDB][[1;34mDEBUG[0m] "collection name: 'CV_20033-23_SMBPLC.TC1             '"
[2021-06-18 13:10:27][handler_ini_redisdb: 66][HandlerINIRedisDB][[1;34mDEBUG[0m] "collection name: 'CV_20033-23_SMBPLC.TC2             '"
[2021-06-18 13:10:27][handler_ini_redisdb: 66][HandlerINIRedisDB][[1;34mDEBUG[0m] "collection name: 'CV_20033-24_SMBPLC.TC1             '"
[2021-06-18 13:10:27][handler_ini_redisdb: 66][HandlerINIRedisDB][[1;34mDEBUG[0m] "collection name: 'CV_20033-24_SMBPLC.TC2             '"
[2021-06-18 13:10:27][handler_ini_redisdb: 66][HandlerINIRedisDB][[1;34mDEBUG[0m] "collection name: 'EX_20029_Main.Main                 '"
[2021-06-18 13:10:27][handler_ini_redisdb: 66][HandlerINIRedisDB][[1;34mDEBUG[0m] "collection name: 'EX_20029_TC1.TC1                   '"
[2021-06-18 13:10:27][handler_ini_redisdb: 66][HandlerINIRedisDB][[1;34mDEBUG[0m] "collection name: 'EX_20033-18_SMBPLC.Main            '"
[2021-06-18 13:10:27][handler_ini_redisdb: 66][HandlerINIRedisDB][[1;34mDEBUG[0m] "collection name: 'EX_20033-18_SMBPLC.TC1             '"
[2021-06-18 13:10:27][handler_ini_redisdb: 66][HandlerINIRedisDB][[1;34mDEBUG[0m] "collection name: 'EX_20033-18_SMBPLC.TC2             '"
[2021-06-18 13:10:27][handler_ini_redisdb: 66][HandlerINIRedisDB][[1;34mDEBUG[0m] "collection name: 'EX_20033-33_SMBPLC.Main            '"
[2021-06-18 13:10:27][handler_ini_redisdb: 66][HandlerINIRedisDB][[1;34mDEBUG[0m] "collection name: 'EX_20033-33_SMBPLC.TC1             '"
[2021-06-18 13:10:27][handler_ini_redisdb: 66][HandlerINIRedisDB][[1;34mDEBUG[0m] "collection name: 'EX_20033-34_SMBPLC.Main            '"
[2021-06-18 13:10:27][handler_ini_redisdb: 66][HandlerINIRedisDB][[1;34mDEBUG[0m] "collection name: 'EX_20033-34_SMBPLC.TC1             '"
[2021-06-18 13:10:27][handler_ini_redisdb: 66][HandlerINIRedisDB][[1;34mDEBUG[0m] "collection name: 'EX_20033-35_SMBPLC.Main            '"
[2021-06-18 13:10:27][handler_ini_redisdb: 66][HandlerINIRedisDB][[1;34mDEBUG[0m] "collection name: 'EX_20033-35_SMBPLC.TC1             '"
[2021-06-18 13:10:27][handler_ini_redisdb: 66][HandlerINIRedisDB][[1;34mDEBUG[0m] "collection name: 'ST_20033-10_SMBPLC.Main            '"
[2021-06-18 13:10:27][handler_ini_redisdb: 66][HandlerINIRedisDB][[1;34mDEBUG[0m] "collection name: 'ST_20033-11_SMBPLC.Main            '"
[2021-06-18 13:10:27][handler_ini_redisdb: 66][HandlerINIRedisDB][[1;34mDEBUG[0m] "collection name: 'ST_20033-12_SMBPLC.Main            '"
[2021-06-18 13:10:27][handler_ini_redisdb: 66][HandlerINIRedisDB][[1;34mDEBUG[0m] "collection name: 'ST_20033-13_SMBPLC.Main            '"
[2021-06-18 13:10:27][handler_ini_redisdb: 66][HandlerINIRedisDB][[1;34mDEBUG[0m] "collection name: 'ST_20033-14_SMBPLC.Main            '"
[2021-06-18 13:10:27][handler_ini_redisdb: 66][HandlerINIRedisDB][[1;34mDEBUG[0m] "collection name: 'ST_20033-15_SMBPLC.Main            '"
[2021-06-18 13:10:27][handler_ini_redisdb: 66][HandlerINIRedisDB][[1;34mDEBUG[0m] "collection name: 'ST_20033-16_SMBPLC.Main            '"
[2021-06-18 13:10:27][handler_ini_redisdb: 66][HandlerINIRedisDB][[1;34mDEBUG[0m] "collection name: 'ST_20033-17_SMBPLC.Main            '"
[2021-06-18 13:10:27][handler_ini_redisdb: 66][HandlerINIRedisDB][[1;34mDEBUG[0m] "collection name: 'ST_20033-40_SMBPLC.Main            '"
[2021-06-18 13:26:26][handler_ini_redisdb: 66][HandlerINIRedisDB][[1;34mDEBUG[0m] "collection name: 'BU_20033-1-1_SMBPLC.Main           '"
[2021-06-18 13:26:26][handler_ini_redisdb: 66][HandlerINIRedisDB][[1;34mDEBUG[0m] "collection name: 'BU_20033-1-2_SMBPLC.Main           '"
[2021-06-18 13:26:26][handler_ini_redisdb: 66][HandlerINIRedisDB][[1;34mDEBUG[0m] "collection name: 'BU_20033-1-3_SMBPLC.Main           '"
[2021-06-18 13:26:26][handler_ini_redisdb: 66][HandlerINIRedisDB][[1;34mDEBUG[0m] "collection name: 'BU_20033-2-1_SMBPLC.Main           '"
[2021-06-18 13:26:26][handler_ini_redisdb: 66][HandlerINIRedisDB][[1;34mDEBUG[0m] "collection name: 'BU_20033-2-2_SMBPLC.Main           '"
[2021-06-18 13:26:26][handler_ini_redisdb: 66][HandlerINIRedisDB][[1;34mDEBUG[0m] "collection name: 'BU_20033-2-3_SMBPLC.Main           '"
[2021-06-18 13:26:26][handler_ini_redisdb: 66][HandlerINIRedisDB][[1;34mDEBUG[0m] "collection name: 'CV_20033-19_SMBPLC.TC1             '"
[2021-06-18 13:26:26][handler_ini_redisdb: 66][HandlerINIRedisDB][[1;34mDEBUG[0m] "collection name: 'CV_20033-20_SMBPLC.TC1             '"
[2021-06-18 13:26:26][handler_ini_redisdb: 66][HandlerINIRedisDB][[1;34mDEBUG[0m] "collection name: 'CV_20033-21_SMBPLC.TC1             '"
[2021-06-18 13:26:26][handler_ini_redisdb: 66][HandlerINIRedisDB][[1;34mDEBUG[0m] "collection name: 'CV_20033-21_SMBPLC.TC2             '"
[2021-06-18 13:26:26][handler_ini_redisdb: 66][HandlerINIRedisDB][[1;34mDEBUG[0m] "collection name: 'CV_20033-22_SMBPLC.TC1             '"
[2021-06-18 13:26:26][handler_ini_redisdb: 66][HandlerINIRedisDB][[1;34mDEBUG[0m] "collection name: 'CV_20033-22_SMBPLC.TC2             '"
[2021-06-18 13:26:26][handler_ini_redisdb: 66][HandlerINIRedisDB][[1;34mDEBUG[0m] "collection name: 'CV_20033-23_SMBPLC.TC1             '"
[2021-06-18 13:26:26][handler_ini_redisdb: 66][HandlerINIRedisDB][[1;34mDEBUG[0m] "collection name: 'CV_20033-23_SMBPLC.TC2             '"
[2021-06-18 13:26:26][handler_ini_redisdb: 66][HandlerINIRedisDB][[1;34mDEBUG[0m] "collection name: 'CV_20033-24_SMBPLC.TC1             '"
[2021-06-18 13:26:26][handler_ini_redisdb: 66][HandlerINIRedisDB][[1;34mDEBUG[0m] "collection name: 'CV_20033-24_SMBPLC.TC2             '"
[2021-06-18 13:26:26][handler_ini_redisdb: 66][HandlerINIRedisDB][[1;34mDEBUG[0m] "collection name: 'EX_20029_Main.Main                 '"
[2021-06-18 13:26:26][handler_ini_redisdb: 66][HandlerINIRedisDB][[1;34mDEBUG[0m] "collection name: 'EX_20029_TC1.TC1                   '"
[2021-06-18 13:26:26][handler_ini_redisdb: 66][HandlerINIRedisDB][[1;34mDEBUG[0m] "collection name: 'EX_20033-18_SMBPLC.Main            '"
[2021-06-18 13:26:26][handler_ini_redisdb: 66][HandlerINIRedisDB][[1;34mDEBUG[0m] "collection name: 'EX_20033-18_SMBPLC.TC1             '"
[2021-06-18 13:26:26][handler_ini_redisdb: 66][HandlerINIRedisDB][[1;34mDEBUG[0m] "collection name: 'EX_20033-18_SMBPLC.TC2             '"
[2021-06-18 13:26:26][handler_ini_redisdb: 66][HandlerINIRedisDB][[1;34mDEBUG[0m] "collection name: 'EX_20033-33_SMBPLC.Main            '"
[2021-06-18 13:26:26][handler_ini_redisdb: 66][HandlerINIRedisDB][[1;34mDEBUG[0m] "collection name: 'EX_20033-33_SMBPLC.TC1             '"
[2021-06-18 13:26:26][handler_ini_redisdb: 66][HandlerINIRedisDB][[1;34mDEBUG[0m] "collection name: 'EX_20033-34_SMBPLC.Main            '"
[2021-06-18 13:26:26][handler_ini_redisdb: 66][HandlerINIRedisDB][[1;34mDEBUG[0m] "collection name: 'EX_20033-34_SMBPLC.TC1             '"
[2021-06-18 13:26:26][handler_ini_redisdb: 66][HandlerINIRedisDB][[1;34mDEBUG[0m] "collection name: 'EX_20033-35_SMBPLC.Main            '"
[2021-06-18 13:26:26][handler_ini_redisdb: 66][HandlerINIRedisDB][[1;34mDEBUG[0m] "collection name: 'EX_20033-35_SMBPLC.TC1             '"
[2021-06-18 13:26:26][handler_ini_redisdb: 66][HandlerINIRedisDB][[1;34mDEBUG[0m] "collection name: 'ST_20033-10_SMBPLC.Main            '"
[2021-06-18 13:26:26][handler_ini_redisdb: 66][HandlerINIRedisDB][[1;34mDEBUG[0m] "collection name: 'ST_20033-11_SMBPLC.Main            '"
[2021-06-18 13:26:26][handler_ini_redisdb: 66][HandlerINIRedisDB][[1;34mDEBUG[0m] "collection name: 'ST_20033-12_SMBPLC.Main            '"
[2021-06-18 13:26:26][handler_ini_redisdb: 66][HandlerINIRedisDB][[1;34mDEBUG[0m] "collection name: 'ST_20033-13_SMBPLC.Main            '"
[2021-06-18 13:26:26][handler_ini_redisdb: 66][HandlerINIRedisDB][[1;34mDEBUG[0m] "collection name: 'ST_20033-14_SMBPLC.Main            '"
[2021-06-18 13:26:26][handler_ini_redisdb: 66][HandlerINIRedisDB][[1;34mDEBUG[0m] "collection name: 'ST_20033-15_SMBPLC.Main            '"
[2021-06-18 13:26:26][handler_ini_redisdb: 66][HandlerINIRedisDB][[1;34mDEBUG[0m] "collection name: 'ST_20033-16_SMBPLC.Main            '"
[2021-06-18 13:26:26][handler_ini_redisdb: 66][HandlerINIRedisDB][[1;34mDEBUG[0m] "collection name: 'ST_20033-17_SMBPLC.Main            '"
[2021-06-18 13:26:26][handler_ini_redisdb: 66][HandlerINIRedisDB][[1;34mDEBUG[0m] "collection name: 'ST_20033-40_SMBPLC.Main            '"
[2021-06-18 13:29:58][handler_ini_redisdb: 66][HandlerINIRedisDB][[1;34mDEBUG[0m] "collection name: 'BU_20033-1-1_SMBPLC.Main           '"
[2021-06-18 13:29:58][handler_ini_redisdb: 66][HandlerINIRedisDB][[1;34mDEBUG[0m] "collection name: 'BU_20033-1-2_SMBPLC.Main           '"
[2021-06-18 13:29:58][handler_ini_redisdb: 66][HandlerINIRedisDB][[1;34mDEBUG[0m] "collection name: 'BU_20033-1-3_SMBPLC.Main           '"
[2021-06-18 13:29:58][handler_ini_redisdb: 66][HandlerINIRedisDB][[1;34mDEBUG[0m] "collection name: 'BU_20033-2-1_SMBPLC.Main           '"
[2021-06-18 13:29:58][handler_ini_redisdb: 66][HandlerINIRedisDB][[1;34mDEBUG[0m] "collection name: 'BU_20033-2-2_SMBPLC.Main           '"
[2021-06-18 13:29:58][handler_ini_redisdb: 66][HandlerINIRedisDB][[1;34mDEBUG[0m] "collection name: 'BU_20033-2-3_SMBPLC.Main           '"
[2021-06-18 13:29:58][handler_ini_redisdb: 66][HandlerINIRedisDB][[1;34mDEBUG[0m] "collection name: 'CV_20033-19_SMBPLC.TC1             '"
[2021-06-18 13:29:58][handler_ini_redisdb: 66][HandlerINIRedisDB][[1;34mDEBUG[0m] "collection name: 'CV_20033-20_SMBPLC.TC1             '"
[2021-06-18 13:29:58][handler_ini_redisdb: 66][HandlerINIRedisDB][[1;34mDEBUG[0m] "collection name: 'CV_20033-21_SMBPLC.TC1             '"
[2021-06-18 13:29:58][handler_ini_redisdb: 66][HandlerINIRedisDB][[1;34mDEBUG[0m] "collection name: 'CV_20033-21_SMBPLC.TC2             '"
[2021-06-18 13:29:58][handler_ini_redisdb: 66][HandlerINIRedisDB][[1;34mDEBUG[0m] "collection name: 'CV_20033-22_SMBPLC.TC1             '"
[2021-06-18 13:29:58][handler_ini_redisdb: 66][HandlerINIRedisDB][[1;34mDEBUG[0m] "collection name: 'CV_20033-22_SMBPLC.TC2             '"
[2021-06-18 13:29:58][handler_ini_redisdb: 66][HandlerINIRedisDB][[1;34mDEBUG[0m] "collection name: 'CV_20033-23_SMBPLC.TC1             '"
[2021-06-18 13:29:58][handler_ini_redisdb: 66][HandlerINIRedisDB][[1;34mDEBUG[0m] "collection name: 'CV_20033-23_SMBPLC.TC2             '"
[2021-06-18 13:29:58][handler_ini_redisdb: 66][HandlerINIRedisDB][[1;34mDEBUG[0m] "collection name: 'CV_20033-24_SMBPLC.TC1             '"
[2021-06-18 13:29:58][handler_ini_redisdb: 66][HandlerINIRedisDB][[1;34mDEBUG[0m] "collection name: 'CV_20033-24_SMBPLC.TC2             '"
[2021-06-18 13:29:58][handler_ini_redisdb: 66][HandlerINIRedisDB][[1;34mDEBUG[0m] "collection name: 'EX_20029_Main.Main                 '"
[2021-06-18 13:29:58][handler_ini_redisdb: 66][HandlerINIRedisDB][[1;34mDEBUG[0m] "collection name: 'EX_20029_TC1.TC1                   '"
[2021-06-18 13:29:58][handler_ini_redisdb: 66][HandlerINIRedisDB][[1;34mDEBUG[0m] "collection name: 'EX_20033-18_SMBPLC.Main            '"
[2021-06-18 13:29:58][handler_ini_redisdb: 66][HandlerINIRedisDB][[1;34mDEBUG[0m] "collection name: 'EX_20033-18_SMBPLC.TC1             '"
[2021-06-18 13:29:58][handler_ini_redisdb: 66][HandlerINIRedisDB][[1;34mDEBUG[0m] "collection name: 'EX_20033-18_SMBPLC.TC2             '"
[2021-06-18 13:29:58][handler_ini_redisdb: 66][HandlerINIRedisDB][[1;34mDEBUG[0m] "collection name: 'EX_20033-33_SMBPLC.Main            '"
[2021-06-18 13:29:58][handler_ini_redisdb: 66][HandlerINIRedisDB][[1;34mDEBUG[0m] "collection name: 'EX_20033-33_SMBPLC.TC1             '"
[2021-06-18 13:29:58][handler_ini_redisdb: 66][HandlerINIRedisDB][[1;34mDEBUG[0m] "collection name: 'EX_20033-34_SMBPLC.Main            '"
[2021-06-18 13:29:58][handler_ini_redisdb: 66][HandlerINIRedisDB][[1;34mDEBUG[0m] "collection name: 'EX_20033-34_SMBPLC.TC1             '"
[2021-06-18 13:29:58][handler_ini_redisdb: 66][HandlerINIRedisDB][[1;34mDEBUG[0m] "collection name: 'EX_20033-35_SMBPLC.Main            '"
[2021-06-18 13:29:58][handler_ini_redisdb: 66][HandlerINIRedisDB][[1;34mDEBUG[0m] "collection name: 'EX_20033-35_SMBPLC.TC1             '"
[2021-06-18 13:29:58][handler_ini_redisdb: 66][HandlerINIRedisDB][[1;34mDEBUG[0m] "collection name: 'ST_20033-10_SMBPLC.Main            '"
[2021-06-18 13:29:58][handler_ini_redisdb: 66][HandlerINIRedisDB][[1;34mDEBUG[0m] "collection name: 'ST_20033-11_SMBPLC.Main            '"
[2021-06-18 13:29:58][handler_ini_redisdb: 66][HandlerINIRedisDB][[1;34mDEBUG[0m] "collection name: 'ST_20033-12_SMBPLC.Main            '"
[2021-06-18 13:29:58][handler_ini_redisdb: 66][HandlerINIRedisDB][[1;34mDEBUG[0m] "collection name: 'ST_20033-13_SMBPLC.Main            '"
[2021-06-18 13:29:58][handler_ini_redisdb: 66][HandlerINIRedisDB][[1;34mDEBUG[0m] "collection name: 'ST_20033-14_SMBPLC.Main            '"
[2021-06-18 13:29:58][handler_ini_redisdb: 66][HandlerINIRedisDB][[1;34mDEBUG[0m] "collection name: 'ST_20033-15_SMBPLC.Main            '"
[2021-06-18 13:29:58][handler_ini_redisdb: 66][HandlerINIRedisDB][[1;34mDEBUG[0m] "collection name: 'ST_20033-16_SMBPLC.Main            '"
[2021-06-18 13:29:58][handler_ini_redisdb: 66][HandlerINIRedisDB][[1;34mDEBUG[0m] "collection name: 'ST_20033-17_SMBPLC.Main            '"
[2021-06-18 13:29:58][handler_ini_redisdb: 66][HandlerINIRedisDB][[1;34mDEBUG[0m] "collection name: 'ST_20033-40_SMBPLC.Main            '"
[2021-06-18 13:35:27][handler_ini_redisdb: 66][HandlerINIRedisDB][[1;34mDEBUG[0m] "collection name: 'BU_20033-1-1_SMBPLC.Main           '"
[2021-06-18 13:35:27][handler_ini_redisdb: 66][HandlerINIRedisDB][[1;34mDEBUG[0m] "collection name: 'BU_20033-1-2_SMBPLC.Main           '"
[2021-06-18 13:35:27][handler_ini_redisdb: 66][HandlerINIRedisDB][[1;34mDEBUG[0m] "collection name: 'BU_20033-1-3_SMBPLC.Main           '"
[2021-06-18 13:35:27][handler_ini_redisdb: 66][HandlerINIRedisDB][[1;34mDEBUG[0m] "collection name: 'BU_20033-2-1_SMBPLC.Main           '"
[2021-06-18 13:35:27][handler_ini_redisdb: 66][HandlerINIRedisDB][[1;34mDEBUG[0m] "collection name: 'BU_20033-2-2_SMBPLC.Main           '"
[2021-06-18 13:35:27][handler_ini_redisdb: 66][HandlerINIRedisDB][[1;34mDEBUG[0m] "collection name: 'BU_20033-2-3_SMBPLC.Main           '"
[2021-06-18 13:35:27][handler_ini_redisdb: 66][HandlerINIRedisDB][[1;34mDEBUG[0m] "collection name: 'CV_20033-19_SMBPLC.TC1             '"
[2021-06-18 13:35:27][handler_ini_redisdb: 66][HandlerINIRedisDB][[1;34mDEBUG[0m] "collection name: 'CV_20033-20_SMBPLC.TC1             '"
[2021-06-18 13:35:27][handler_ini_redisdb: 66][HandlerINIRedisDB][[1;34mDEBUG[0m] "collection name: 'CV_20033-21_SMBPLC.TC1             '"
[2021-06-18 13:35:27][handler_ini_redisdb: 66][HandlerINIRedisDB][[1;34mDEBUG[0m] "collection name: 'CV_20033-21_SMBPLC.TC2             '"
[2021-06-18 13:35:27][handler_ini_redisdb: 66][HandlerINIRedisDB][[1;34mDEBUG[0m] "collection name: 'CV_20033-22_SMBPLC.TC1             '"
[2021-06-18 13:35:27][handler_ini_redisdb: 66][HandlerINIRedisDB][[1;34mDEBUG[0m] "collection name: 'CV_20033-22_SMBPLC.TC2             '"
[2021-06-18 13:35:27][handler_ini_redisdb: 66][HandlerINIRedisDB][[1;34mDEBUG[0m] "collection name: 'CV_20033-23_SMBPLC.TC1             '"
[2021-06-18 13:35:27][handler_ini_redisdb: 66][HandlerINIRedisDB][[1;34mDEBUG[0m] "collection name: 'CV_20033-23_SMBPLC.TC2             '"
[2021-06-18 13:35:27][handler_ini_redisdb: 66][HandlerINIRedisDB][[1;34mDEBUG[0m] "collection name: 'CV_20033-24_SMBPLC.TC1             '"
[2021-06-18 13:35:27][handler_ini_redisdb: 66][HandlerINIRedisDB][[1;34mDEBUG[0m] "collection name: 'CV_20033-24_SMBPLC.TC2             '"
[2021-06-18 13:35:27][handler_ini_redisdb: 66][HandlerINIRedisDB][[1;34mDEBUG[0m] "collection name: 'EX_20029_Main.Main                 '"
[2021-06-18 13:35:27][handler_ini_redisdb: 66][HandlerINIRedisDB][[1;34mDEBUG[0m] "collection name: 'EX_20029_TC1.TC1                   '"
[2021-06-18 13:35:27][handler_ini_redisdb: 66][HandlerINIRedisDB][[1;34mDEBUG[0m] "collection name: 'EX_20033-18_SMBPLC.Main            '"
[2021-06-18 13:35:27][handler_ini_redisdb: 66][HandlerINIRedisDB][[1;34mDEBUG[0m] "collection name: 'EX_20033-18_SMBPLC.TC1             '"
[2021-06-18 13:35:27][handler_ini_redisdb: 66][HandlerINIRedisDB][[1;34mDEBUG[0m] "collection name: 'EX_20033-18_SMBPLC.TC2             '"
[2021-06-18 13:35:27][handler_ini_redisdb: 66][HandlerINIRedisDB][[1;34mDEBUG[0m] "collection name: 'EX_20033-33_SMBPLC.Main            '"
[2021-06-18 13:35:27][handler_ini_redisdb: 66][HandlerINIRedisDB][[1;34mDEBUG[0m] "collection name: 'EX_20033-33_SMBPLC.TC1             '"
[2021-06-18 13:35:27][handler_ini_redisdb: 66][HandlerINIRedisDB][[1;34mDEBUG[0m] "collection name: 'EX_20033-34_SMBPLC.Main            '"
[2021-06-18 13:35:27][handler_ini_redisdb: 66][HandlerINIRedisDB][[1;34mDEBUG[0m] "collection name: 'EX_20033-34_SMBPLC.TC1             '"
[2021-06-18 13:35:27][handler_ini_redisdb: 66][HandlerINIRedisDB][[1;34mDEBUG[0m] "collection name: 'EX_20033-35_SMBPLC.Main            '"
[2021-06-18 13:35:27][handler_ini_redisdb: 66][HandlerINIRedisDB][[1;34mDEBUG[0m] "collection name: 'EX_20033-35_SMBPLC.TC1             '"
[2021-06-18 13:35:27][handler_ini_redisdb: 66][HandlerINIRedisDB][[1;34mDEBUG[0m] "collection name: 'ST_20033-10_SMBPLC.Main            '"
[2021-06-18 13:35:27][handler_ini_redisdb: 66][HandlerINIRedisDB][[1;34mDEBUG[0m] "collection name: 'ST_20033-11_SMBPLC.Main            '"
[2021-06-18 13:35:27][handler_ini_redisdb: 66][HandlerINIRedisDB][[1;34mDEBUG[0m] "collection name: 'ST_20033-12_SMBPLC.Main            '"
[2021-06-18 13:35:27][handler_ini_redisdb: 66][HandlerINIRedisDB][[1;34mDEBUG[0m] "collection name: 'ST_20033-13_SMBPLC.Main            '"
[2021-06-18 13:35:27][handler_ini_redisdb: 66][HandlerINIRedisDB][[1;34mDEBUG[0m] "collection name: 'ST_20033-14_SMBPLC.Main            '"
[2021-06-18 13:35:27][handler_ini_redisdb: 66][HandlerINIRedisDB][[1;34mDEBUG[0m] "collection name: 'ST_20033-15_SMBPLC.Main            '"
[2021-06-18 13:35:27][handler_ini_redisdb: 66][HandlerINIRedisDB][[1;34mDEBUG[0m] "collection name: 'ST_20033-16_SMBPLC.Main            '"
[2021-06-18 13:35:27][handler_ini_redisdb: 66][HandlerINIRedisDB][[1;34mDEBUG[0m] "collection name: 'ST_20033-17_SMBPLC.Main            '"
[2021-06-18 13:35:27][handler_ini_redisdb: 66][HandlerINIRedisDB][[1;34mDEBUG[0m] "collection name: 'ST_20033-40_SMBPLC.Main            '"
