[2021-06-23 13:51:29][__init__: 39][RedisDB][[1;37mINFO[0m] "Nothing collected"
[2021-06-23 13:51:29][__init__: 39][RedisDB][[1;37mINFO[0m] "Nothing collected"
[2021-06-23 13:51:29][__init__: 39][RedisDB][[1;37mINFO[0m] "Nothing collected"
[2021-06-23 13:51:29][__init__: 39][RedisDB][[1;37mINFO[0m] "Nothing collected"
[2021-06-23 13:51:29][__init__: 39][RedisDB][[1;37mINFO[0m] "Nothing collected"
[2021-06-23 13:51:29][__init__: 39][RedisDB][[1;37mINFO[0m] "Nothing collected"
[2021-06-23 13:51:29][__init__: 39][RedisDB][[1;37mINFO[0m] "Nothing collected"
[2021-06-23 13:51:29][__init__: 39][RedisDB][[1;37mINFO[0m] "Nothing collected"
[2021-06-23 13:51:29][__init__: 39][RedisDB][[1;37mINFO[0m] "Nothing collected"
[2021-06-23 13:51:29][__init__: 39][RedisDB][[1;37mINFO[0m] "Nothing collected"
[2021-06-23 13:51:29][__init__: 39][RedisDB][[1;37mINFO[0m] "Nothing collected"
[2021-06-23 13:51:29][__init__: 39][RedisDB][[1;37mINFO[0m] "Nothing collected"
[2021-06-23 13:51:29][__init__: 39][RedisDB][[1;37mINFO[0m] "Nothing collected"
[2021-06-23 13:51:29][__init__: 39][RedisDB][[1;37mINFO[0m] "Nothing collected"
[2021-06-23 13:51:29][__init__: 39][RedisDB][[1;37mINFO[0m] "Nothing collected"
[2021-06-23 13:51:29][__init__: 39][RedisDB][[1;37mINFO[0m] "Nothing collected"
[2021-06-23 13:51:29][__init__: 39][RedisDB][[1;37mINFO[0m] "Nothing collected"
[2021-06-23 15:41:54][__init__: 39][RedisDB][[1;37mINFO[0m] "Nothing collected"
[2021-06-23 15:41:54][__init__: 39][RedisDB][[1;37mINFO[0m] "Nothing collected"
[2021-06-23 15:41:54][__init__: 39][RedisDB][[1;37mINFO[0m] "Nothing collected"
[2021-06-23 15:46:16][__init__: 40][RedisDB][[1;37mINFO[0m] "Nothing collected ns=2;s=BU_20033-1-1_SMBPLC.Main.ser_id"
[2021-06-23 15:46:16][__init__: 40][RedisDB][[1;37mINFO[0m] "Nothing collected ns=2;s=BU_20033-1-1_SMBPLC.Main.digital_input_w0"
[2021-06-23 15:46:16][__init__: 40][RedisDB][[1;37mINFO[0m] "Nothing collected ns=2;s=BU_20033-1-1_SMBPLC.Main.digital_output_w0"
[2021-06-23 15:47:53][__init__: 40][RedisDB][[1;37mINFO[0m] "Nothing collected ns=2;s=BU_20033-1-2_SMBPLC.Main.ser_id"
[2021-06-23 15:47:53][__init__: 40][RedisDB][[1;37mINFO[0m] "Nothing collected ns=2;s=BU_20033-1-2_SMBPLC.Main.digital_input_w0"
[2021-06-23 15:47:53][__init__: 40][RedisDB][[1;37mINFO[0m] "Nothing collected ns=2;s=BU_20033-1-2_SMBPLC.Main.digital_output_w0"
[2021-06-23 15:52:02][__init__: 40][RedisDB][[1;37mINFO[0m] "Nothing collected BU_20033-1-2_SMBPLC.Main.ser_id"
[2021-06-23 15:52:02][__init__: 40][RedisDB][[1;37mINFO[0m] "Nothing collected BU_20033-1-2_SMBPLC.Main.digital_input_w0"
[2021-06-23 15:52:02][__init__: 40][RedisDB][[1;37mINFO[0m] "Nothing collected BU_20033-1-2_SMBPLC.Main.digital_output_w0"
[2021-06-23 15:59:53][__init__: 40][RedisDB][[1;37mINFO[0m] "Nothing collected ST_20033-10_SMBPLC.Main.ser_id"
[2021-06-23 15:59:53][__init__: 40][RedisDB][[1;37mINFO[0m] "Nothing collected ST_20033-10_SMBPLC.Main.digital_input_w0"
[2021-06-23 15:59:53][__init__: 40][RedisDB][[1;37mINFO[0m] "Nothing collected ST_20033-10_SMBPLC.Main.digital_output_w0"
[2021-06-23 15:59:53][__init__: 40][RedisDB][[1;37mINFO[0m] "Nothing collected ST_20033-10_SMBPLC.Main.event_coil_w0"
[2021-06-23 16:02:52][__init__: 34][RedisDB][[1;37mINFO[0m] "Valid! ST_20033-10_SMBPLC.Main.ser_id"
[2021-06-23 16:02:52][__init__: 37][RedisDB][[1;37mINFO[0m] "Redis Collected Data: 0"
[2021-06-23 16:02:52][__init__: 34][RedisDB][[1;37mINFO[0m] "Valid! ST_20033-10_SMBPLC.Main.digital_input_w0"
[2021-06-23 16:02:52][__init__: 37][RedisDB][[1;37mINFO[0m] "Redis Collected Data: 0"
[2021-06-23 16:02:52][__init__: 34][RedisDB][[1;37mINFO[0m] "Valid! ST_20033-10_SMBPLC.Main.digital_output_w0"
[2021-06-23 16:02:52][__init__: 37][RedisDB][[1;37mINFO[0m] "Redis Collected Data: 0"
[2021-06-23 16:02:52][__init__: 34][RedisDB][[1;37mINFO[0m] "Valid! ST_20033-10_SMBPLC.Main.event_coil_w0"
[2021-06-23 16:02:52][__init__: 37][RedisDB][[1;37mINFO[0m] "Redis Collected Data: 0"
[2021-06-23 16:20:02][__init__: 22][RedisDB][[1;37mINFO[0m] "Valid! ST_20033-10_SMBPLC.Main.ser_id"
[2021-06-23 16:20:02][__init__: 25][RedisDB][[1;37mINFO[0m] "Redis Collected Data: 0"
[2021-06-23 16:20:02][__init__: 22][RedisDB][[1;37mINFO[0m] "Valid! ST_20033-10_SMBPLC.Main.digital_input_w0"
[2021-06-23 16:20:02][__init__: 25][RedisDB][[1;37mINFO[0m] "Redis Collected Data: 0"
[2021-06-23 16:20:02][__init__: 22][RedisDB][[1;37mINFO[0m] "Valid! ST_20033-10_SMBPLC.Main.digital_output_w0"
[2021-06-23 16:20:02][__init__: 25][RedisDB][[1;37mINFO[0m] "Redis Collected Data: 0"
[2021-06-23 16:20:02][__init__: 22][RedisDB][[1;37mINFO[0m] "Valid! ST_20033-10_SMBPLC.Main.event_coil_w0"
[2021-06-23 16:20:02][__init__: 25][RedisDB][[1;37mINFO[0m] "Redis Collected Data: 0"
[2021-06-23 16:34:32][__init__: 25][RedisDB][[1;37mINFO[0m] "Redis Collected Data: 0"
[2021-06-23 16:34:32][__init__: 25][RedisDB][[1;37mINFO[0m] "Redis Collected Data: 0"
[2021-06-23 16:34:32][__init__: 25][RedisDB][[1;37mINFO[0m] "Redis Collected Data: 0"
[2021-06-23 16:34:32][__init__: 25][RedisDB][[1;37mINFO[0m] "Redis Collected Data: 0"
[2021-06-23 16:38:24][__init__: 25][RedisDB][[1;37mINFO[0m] "Redis Collected Data: 0"
[2021-06-23 16:38:24][__init__: 25][RedisDB][[1;37mINFO[0m] "Redis Collected Data: 0"
[2021-06-23 16:38:24][__init__: 25][RedisDB][[1;37mINFO[0m] "Redis Collected Data: 0"
[2021-06-23 16:38:24][__init__: 25][RedisDB][[1;37mINFO[0m] "Redis Collected Data: 0"
[2021-06-23 16:39:45][__init__: 25][RedisDB][[1;37mINFO[0m] "Redis Collected Data: 0"
[2021-06-23 16:39:45][__init__: 25][RedisDB][[1;37mINFO[0m] "Redis Collected Data: 0"
[2021-06-23 16:39:45][__init__: 25][RedisDB][[1;37mINFO[0m] "Redis Collected Data: 0"
[2021-06-23 16:39:45][__init__: 25][RedisDB][[1;37mINFO[0m] "Redis Collected Data: 0"
[2021-06-23 16:46:46][__init__: 25][RedisDB][[1;37mINFO[0m] "Redis Collected Data: 0"
[2021-06-23 16:46:46][__init__: 25][RedisDB][[1;37mINFO[0m] "Redis Collected Data: 0"
[2021-06-23 16:46:46][__init__: 25][RedisDB][[1;37mINFO[0m] "Redis Collected Data: 0"
[2021-06-23 16:46:46][__init__: 25][RedisDB][[1;37mINFO[0m] "Redis Collected Data: 0"
[2021-06-23 16:48:49][__init__: 25][RedisDB][[1;37mINFO[0m] "Redis Collected Data: 0"
[2021-06-23 16:48:49][__init__: 25][RedisDB][[1;37mINFO[0m] "Redis Collected Data: 0"
[2021-06-23 16:48:49][__init__: 25][RedisDB][[1;37mINFO[0m] "Redis Collected Data: 0"
[2021-06-23 16:48:49][__init__: 25][RedisDB][[1;37mINFO[0m] "Redis Collected Data: 0"
[2021-06-23 16:51:57][__init__: 25][RedisDB][[1;37mINFO[0m] "Redis Collected Data: 0"
[2021-06-23 16:51:57][__init__: 25][RedisDB][[1;37mINFO[0m] "Redis Collected Data: 0"
[2021-06-23 16:51:57][__init__: 25][RedisDB][[1;37mINFO[0m] "Redis Collected Data: 0"
[2021-06-23 16:51:57][__init__: 25][RedisDB][[1;37mINFO[0m] "Redis Collected Data: 0"
[2021-06-24 09:51:00][__init__: 25][RedisDB][[1;37mINFO[0m] "Redis Collected Data: 0"
[2021-06-24 09:51:00][__init__: 25][RedisDB][[1;37mINFO[0m] "Redis Collected Data: 0"
[2021-06-24 09:51:00][__init__: 25][RedisDB][[1;37mINFO[0m] "Redis Collected Data: 0"
[2021-06-24 09:51:00][__init__: 25][RedisDB][[1;37mINFO[0m] "Redis Collected Data: 0"
[2021-06-24 09:53:54][__init__: 25][RedisDB][[1;37mINFO[0m] "Redis Collected Data: 0"
[2021-06-24 09:53:54][__init__: 25][RedisDB][[1;37mINFO[0m] "Redis Collected Data: 0"
[2021-06-24 09:53:54][__init__: 25][RedisDB][[1;37mINFO[0m] "Redis Collected Data: 0"
[2021-06-24 09:53:54][__init__: 25][RedisDB][[1;37mINFO[0m] "Redis Collected Data: 0"
[2021-06-24 09:55:45][__init__: 25][RedisDB][[1;37mINFO[0m] "Redis Collected Data: 0"
[2021-06-24 09:55:45][__init__: 25][RedisDB][[1;37mINFO[0m] "Redis Collected Data: 0"
[2021-06-24 09:55:45][__init__: 25][RedisDB][[1;37mINFO[0m] "Redis Collected Data: 0"
[2021-06-24 09:55:45][__init__: 25][RedisDB][[1;37mINFO[0m] "Redis Collected Data: 0"
[2021-06-24 10:03:02][__init__: 25][RedisDB][[1;37mINFO[0m] "Redis Collected Data: 0"
[2021-06-24 10:03:02][__init__: 25][RedisDB][[1;37mINFO[0m] "Redis Collected Data: 0"
[2021-06-24 10:03:02][__init__: 25][RedisDB][[1;37mINFO[0m] "Redis Collected Data: 0"
[2021-06-24 10:03:02][__init__: 25][RedisDB][[1;37mINFO[0m] "Redis Collected Data: 0"
[2021-06-24 10:20:45][__init__: 25][RedisDB][[1;37mINFO[0m] "Redis Collected Data: 0"
[2021-06-24 10:20:45][__init__: 25][RedisDB][[1;37mINFO[0m] "Redis Collected Data: 0"
[2021-06-24 10:20:45][__init__: 25][RedisDB][[1;37mINFO[0m] "Redis Collected Data: 0"
[2021-06-24 10:20:45][__init__: 25][RedisDB][[1;37mINFO[0m] "Redis Collected Data: 0"
[2021-06-24 10:24:16][__init__: 25][RedisDB][[1;37mINFO[0m] "Redis Collected Data: 0"
[2021-06-24 10:24:16][__init__: 25][RedisDB][[1;37mINFO[0m] "Redis Collected Data: 0"
[2021-06-24 10:24:16][__init__: 25][RedisDB][[1;37mINFO[0m] "Redis Collected Data: 0"
[2021-06-24 10:24:16][__init__: 25][RedisDB][[1;37mINFO[0m] "Redis Collected Data: 0"
[2021-06-24 10:30:50][__init__: 25][RedisDB][[1;37mINFO[0m] "Redis Collected Data: 0"
[2021-06-24 10:30:50][__init__: 25][RedisDB][[1;37mINFO[0m] "Redis Collected Data: 0"
[2021-06-24 10:30:50][__init__: 25][RedisDB][[1;37mINFO[0m] "Redis Collected Data: 0"
[2021-06-24 10:30:50][__init__: 25][RedisDB][[1;37mINFO[0m] "Redis Collected Data: 0"
[2021-06-24 10:50:55][__init__: 25][RedisDB][[1;37mINFO[0m] "Redis Collected Data: 0"
[2021-06-24 10:50:55][__init__: 25][RedisDB][[1;37mINFO[0m] "Redis Collected Data: 0"
[2021-06-24 10:50:55][__init__: 25][RedisDB][[1;37mINFO[0m] "Redis Collected Data: 0"
[2021-06-24 10:50:55][__init__: 25][RedisDB][[1;37mINFO[0m] "Redis Collected Data: 0"
[2021-06-24 10:57:28][__init__: 25][RedisDB][[1;37mINFO[0m] "Redis Collected Data: 0"
[2021-06-24 10:57:28][__init__: 25][RedisDB][[1;37mINFO[0m] "Redis Collected Data: 0"
[2021-06-24 10:57:28][__init__: 25][RedisDB][[1;37mINFO[0m] "Redis Collected Data: 0"
[2021-06-24 10:57:28][__init__: 25][RedisDB][[1;37mINFO[0m] "Redis Collected Data: 0"
[2021-06-24 11:09:28][__init__: 25][RedisDB][[1;37mINFO[0m] "Redis Collected Data: 0"
[2021-06-24 11:09:28][__init__: 25][RedisDB][[1;37mINFO[0m] "Redis Collected Data: 0"
[2021-06-24 11:09:28][__init__: 25][RedisDB][[1;37mINFO[0m] "Redis Collected Data: 0"
[2021-06-24 11:09:28][__init__: 25][RedisDB][[1;37mINFO[0m] "Redis Collected Data: 0"
[2021-06-24 11:14:34][__init__: 25][RedisDB][[1;37mINFO[0m] "Redis Collected Data: 0"
[2021-06-24 11:14:34][__init__: 25][RedisDB][[1;37mINFO[0m] "Redis Collected Data: 0"
[2021-06-24 11:14:34][__init__: 25][RedisDB][[1;37mINFO[0m] "Redis Collected Data: 0"
[2021-06-24 11:14:34][__init__: 25][RedisDB][[1;37mINFO[0m] "Redis Collected Data: 0"
[2021-06-24 11:14:47][__init__: 29][RedisDB][[1;37mINFO[0m] "Key not available"
[2021-06-24 11:14:47][__init__: 29][RedisDB][[1;37mINFO[0m] "Key not available"
[2021-06-24 11:14:47][__init__: 29][RedisDB][[1;37mINFO[0m] "Key not available"
[2021-06-24 11:14:47][__init__: 29][RedisDB][[1;37mINFO[0m] "Key not available"
[2021-06-24 11:17:14][__init__: 25][RedisDB][[1;37mINFO[0m] "Redis Collected Data: 0"
[2021-06-24 11:17:14][__init__: 25][RedisDB][[1;37mINFO[0m] "Redis Collected Data: 0"
[2021-06-24 11:17:14][__init__: 25][RedisDB][[1;37mINFO[0m] "Redis Collected Data: 0"
[2021-06-24 11:17:14][__init__: 25][RedisDB][[1;37mINFO[0m] "Redis Collected Data: 0"
[2021-06-24 11:17:14][__init__: 25][RedisDB][[1;37mINFO[0m] "Redis Collected Data: 0"
[2021-06-24 11:17:14][__init__: 25][RedisDB][[1;37mINFO[0m] "Redis Collected Data: 0"
[2021-06-24 11:17:14][__init__: 25][RedisDB][[1;37mINFO[0m] "Redis Collected Data: 0"
[2021-06-24 11:17:14][__init__: 25][RedisDB][[1;37mINFO[0m] "Redis Collected Data: 0"
[2021-06-24 11:26:08][__init__: 29][RedisDB][[1;37mINFO[0m] "Key not available"
[2021-06-24 11:26:08][__init__: 29][RedisDB][[1;37mINFO[0m] "Key not available"
[2021-06-24 11:26:08][__init__: 29][RedisDB][[1;37mINFO[0m] "Key not available"
[2021-06-24 11:26:08][__init__: 29][RedisDB][[1;37mINFO[0m] "Key not available"
[2021-06-24 11:26:13][__init__: 25][RedisDB][[1;37mINFO[0m] "Redis Collected Data: 0"
[2021-06-24 11:26:13][__init__: 25][RedisDB][[1;37mINFO[0m] "Redis Collected Data: 0"
[2021-06-24 11:26:13][__init__: 25][RedisDB][[1;37mINFO[0m] "Redis Collected Data: 0"
[2021-06-24 11:26:13][__init__: 25][RedisDB][[1;37mINFO[0m] "Redis Collected Data: 0"
[2021-06-24 11:43:58][__init__: 25][RedisDB][[1;37mINFO[0m] "Redis Collected Data: 0"
[2021-06-24 11:43:58][__init__: 25][RedisDB][[1;37mINFO[0m] "Redis Collected Data: 0"
[2021-06-24 11:43:58][__init__: 25][RedisDB][[1;37mINFO[0m] "Redis Collected Data: 0"
[2021-06-24 11:43:58][__init__: 25][RedisDB][[1;37mINFO[0m] "Redis Collected Data: 0"
[2021-06-24 11:44:04][__init__: 29][RedisDB][[1;37mINFO[0m] "Key not available"
[2021-06-24 11:44:04][__init__: 29][RedisDB][[1;37mINFO[0m] "Key not available"
[2021-06-24 11:44:04][__init__: 29][RedisDB][[1;37mINFO[0m] "Key not available"
[2021-06-24 11:44:04][__init__: 29][RedisDB][[1;37mINFO[0m] "Key not available"
[2021-06-24 11:44:12][__init__: 25][RedisDB][[1;37mINFO[0m] "Redis Collected Data: 0"
[2021-06-24 11:44:12][__init__: 25][RedisDB][[1;37mINFO[0m] "Redis Collected Data: 0"
[2021-06-24 11:44:12][__init__: 25][RedisDB][[1;37mINFO[0m] "Redis Collected Data: 0"
[2021-06-24 11:44:12][__init__: 25][RedisDB][[1;37mINFO[0m] "Redis Collected Data: 0"
[2021-06-24 11:44:39][__init__: 29][RedisDB][[1;37mINFO[0m] "Key not available"
[2021-06-24 11:44:39][__init__: 29][RedisDB][[1;37mINFO[0m] "Key not available"
[2021-06-24 11:44:39][__init__: 29][RedisDB][[1;37mINFO[0m] "Key not available"
[2021-06-24 11:44:39][__init__: 29][RedisDB][[1;37mINFO[0m] "Key not available"
[2021-06-24 13:41:38][__init__: 25][RedisDB][[1;37mINFO[0m] "Redis Collected Data: 0"
[2021-06-24 13:41:38][__init__: 25][RedisDB][[1;37mINFO[0m] "Redis Collected Data: 0"
[2021-06-24 13:41:38][__init__: 25][RedisDB][[1;37mINFO[0m] "Redis Collected Data: 0"
[2021-06-24 13:41:38][__init__: 25][RedisDB][[1;37mINFO[0m] "Redis Collected Data: 0"
[2021-06-24 14:05:57][__init__: 25][RedisDB][[1;37mINFO[0m] "Redis Collected Data: 0"
[2021-06-24 14:05:57][__init__: 25][RedisDB][[1;37mINFO[0m] "Redis Collected Data: 0"
[2021-06-24 14:05:57][__init__: 25][RedisDB][[1;37mINFO[0m] "Redis Collected Data: 0"
[2021-06-24 14:05:57][__init__: 25][RedisDB][[1;37mINFO[0m] "Redis Collected Data: 0"
[2021-06-24 14:05:57][__init__: 25][RedisDB][[1;37mINFO[0m] "Redis Collected Data: 0"
[2021-06-24 14:05:57][__init__: 25][RedisDB][[1;37mINFO[0m] "Redis Collected Data: 0"
[2021-06-24 14:05:57][__init__: 25][RedisDB][[1;37mINFO[0m] "Redis Collected Data: 0"
[2021-06-24 14:05:57][__init__: 25][RedisDB][[1;37mINFO[0m] "Redis Collected Data: 0"
[2021-06-24 14:06:09][__init__: 29][RedisDB][[1;37mINFO[0m] "Key not available"
[2021-06-24 14:06:09][__init__: 29][RedisDB][[1;37mINFO[0m] "Key not available"
[2021-06-24 14:06:09][__init__: 29][RedisDB][[1;37mINFO[0m] "Key not available"
[2021-06-24 14:06:09][__init__: 29][RedisDB][[1;37mINFO[0m] "Key not available"
[2021-06-24 14:06:09][__init__: 29][RedisDB][[1;37mINFO[0m] "Key not available"
[2021-06-24 14:06:09][__init__: 29][RedisDB][[1;37mINFO[0m] "Key not available"
[2021-06-24 14:06:09][__init__: 29][RedisDB][[1;37mINFO[0m] "Key not available"
[2021-06-24 14:06:09][__init__: 29][RedisDB][[1;37mINFO[0m] "Key not available"
[2021-06-24 14:09:29][__init__: 25][RedisDB][[1;37mINFO[0m] "Redis Collected Data: 0"
[2021-06-24 14:09:29][__init__: 25][RedisDB][[1;37mINFO[0m] "Redis Collected Data: 0"
[2021-06-24 14:09:29][__init__: 25][RedisDB][[1;37mINFO[0m] "Redis Collected Data: 0"
[2021-06-24 14:09:29][__init__: 25][RedisDB][[1;37mINFO[0m] "Redis Collected Data: 0"
[2021-06-24 14:09:32][__init__: 25][RedisDB][[1;37mINFO[0m] "Redis Collected Data: 0"
[2021-06-24 14:09:32][__init__: 25][RedisDB][[1;37mINFO[0m] "Redis Collected Data: 0"
[2021-06-24 14:09:32][__init__: 25][RedisDB][[1;37mINFO[0m] "Redis Collected Data: 0"
[2021-06-24 14:09:32][__init__: 25][RedisDB][[1;37mINFO[0m] "Redis Collected Data: 0"
[2021-06-24 14:09:41][__init__: 29][RedisDB][[1;37mINFO[0m] "Key not available"
[2021-06-24 14:09:41][__init__: 29][RedisDB][[1;37mINFO[0m] "Key not available"
[2021-06-24 14:09:41][__init__: 29][RedisDB][[1;37mINFO[0m] "Key not available"
[2021-06-24 14:09:41][__init__: 29][RedisDB][[1;37mINFO[0m] "Key not available"
[2021-06-24 14:09:44][__init__: 29][RedisDB][[1;37mINFO[0m] "Key not available"
[2021-06-24 14:09:44][__init__: 29][RedisDB][[1;37mINFO[0m] "Key not available"
[2021-06-24 14:09:44][__init__: 29][RedisDB][[1;37mINFO[0m] "Key not available"
[2021-06-24 14:09:44][__init__: 29][RedisDB][[1;37mINFO[0m] "Key not available"
[2021-06-24 14:11:02][__init__: 25][RedisDB][[1;37mINFO[0m] "Redis Collected Data: 0"
[2021-06-24 14:11:02][__init__: 25][RedisDB][[1;37mINFO[0m] "Redis Collected Data: 0"
[2021-06-24 14:11:02][__init__: 25][RedisDB][[1;37mINFO[0m] "Redis Collected Data: 0"
[2021-06-24 14:11:02][__init__: 25][RedisDB][[1;37mINFO[0m] "Redis Collected Data: 0"
[2021-06-24 14:11:05][__init__: 25][RedisDB][[1;37mINFO[0m] "Redis Collected Data: 0"
[2021-06-24 14:11:05][__init__: 25][RedisDB][[1;37mINFO[0m] "Redis Collected Data: 0"
[2021-06-24 14:11:05][__init__: 25][RedisDB][[1;37mINFO[0m] "Redis Collected Data: 0"
[2021-06-24 14:11:05][__init__: 25][RedisDB][[1;37mINFO[0m] "Redis Collected Data: 0"
[2021-06-24 14:11:26][__init__: 29][RedisDB][[1;37mINFO[0m] "Key not available"
[2021-06-24 14:11:26][__init__: 29][RedisDB][[1;37mINFO[0m] "Key not available"
[2021-06-24 14:11:26][__init__: 29][RedisDB][[1;37mINFO[0m] "Key not available"
[2021-06-24 14:11:26][__init__: 29][RedisDB][[1;37mINFO[0m] "Key not available"
[2021-06-24 14:11:29][__init__: 29][RedisDB][[1;37mINFO[0m] "Key not available"
[2021-06-24 14:11:29][__init__: 29][RedisDB][[1;37mINFO[0m] "Key not available"
[2021-06-24 14:11:29][__init__: 29][RedisDB][[1;37mINFO[0m] "Key not available"
[2021-06-24 14:11:29][__init__: 29][RedisDB][[1;37mINFO[0m] "Key not available"
[2021-06-24 14:11:56][__init__: 29][RedisDB][[1;37mINFO[0m] "Key not available"
[2021-06-24 14:11:56][__init__: 29][RedisDB][[1;37mINFO[0m] "Key not available"
[2021-06-24 14:11:56][__init__: 29][RedisDB][[1;37mINFO[0m] "Key not available"
[2021-06-24 14:11:56][__init__: 29][RedisDB][[1;37mINFO[0m] "Key not available"
[2021-06-24 14:11:59][__init__: 29][RedisDB][[1;37mINFO[0m] "Key not available"
[2021-06-24 14:11:59][__init__: 29][RedisDB][[1;37mINFO[0m] "Key not available"
[2021-06-24 14:11:59][__init__: 29][RedisDB][[1;37mINFO[0m] "Key not available"
[2021-06-24 14:11:59][__init__: 29][RedisDB][[1;37mINFO[0m] "Key not available"
[2021-06-24 14:17:12][__init__: 25][RedisDB][[1;37mINFO[0m] "Redis Collected Data: 0"
[2021-06-24 14:17:12][__init__: 25][RedisDB][[1;37mINFO[0m] "Redis Collected Data: 0"
[2021-06-24 14:17:12][__init__: 25][RedisDB][[1;37mINFO[0m] "Redis Collected Data: 0"
[2021-06-24 14:17:12][__init__: 25][RedisDB][[1;37mINFO[0m] "Redis Collected Data: 0"
[2021-06-24 14:17:28][__init__: 29][RedisDB][[1;37mINFO[0m] "Key not available"
[2021-06-24 14:17:28][__init__: 29][RedisDB][[1;37mINFO[0m] "Key not available"
[2021-06-24 14:17:28][__init__: 29][RedisDB][[1;37mINFO[0m] "Key not available"
[2021-06-24 14:17:28][__init__: 29][RedisDB][[1;37mINFO[0m] "Key not available"
[2021-06-24 14:17:49][__init__: 25][RedisDB][[1;37mINFO[0m] "Redis Collected Data: 0"
[2021-06-24 14:17:49][__init__: 25][RedisDB][[1;37mINFO[0m] "Redis Collected Data: 0"
[2021-06-24 14:17:49][__init__: 25][RedisDB][[1;37mINFO[0m] "Redis Collected Data: 0"
[2021-06-24 14:17:49][__init__: 25][RedisDB][[1;37mINFO[0m] "Redis Collected Data: 0"
[2021-06-28 11:05:20][__init__: 25][RedisDB][[1;37mINFO[0m] "Redis Collected Data: 0"
[2021-06-28 11:05:20][__init__: 25][RedisDB][[1;37mINFO[0m] "Redis Collected Data: 0"
[2021-06-28 11:05:20][__init__: 25][RedisDB][[1;37mINFO[0m] "Redis Collected Data: 0"
[2021-06-28 11:05:20][__init__: 25][RedisDB][[1;37mINFO[0m] "Redis Collected Data: 0"
[2021-06-28 11:05:50][__init__: 25][RedisDB][[1;37mINFO[0m] "Redis Collected Data: 0"
[2021-06-28 11:05:50][__init__: 25][RedisDB][[1;37mINFO[0m] "Redis Collected Data: 0"
[2021-06-28 11:05:50][__init__: 25][RedisDB][[1;37mINFO[0m] "Redis Collected Data: 0"
[2021-06-28 11:05:50][__init__: 25][RedisDB][[1;37mINFO[0m] "Redis Collected Data: 0"
