[2021-06-18 13:09:35][struct_ini: 47][StructINIRedisDB][[1;34mDEBUG[0m] "config: OrderedDict([('db_format', 'ex_main'), ('namespace_id', '2'), ('namespace_uri', 'PNR OPC UA Server')])"
[2021-06-18 13:09:35][struct_ini: 47][StructINIRedisDB][[1;34mDEBUG[0m] "config: OrderedDict([('db_format', 'tc1'), ('namespace_id', '2'), ('namespace_uri', 'PNR OPC UA Server')])"
[2021-06-18 13:09:35][struct_ini: 47][StructINIRedisDB][[1;34mDEBUG[0m] "config: OrderedDict([('db_format', 'ex_smb_main'), ('namespace_id', '2'), ('namespace_uri', 'PNR OPC UA Server')])"
[2021-06-18 13:09:35][struct_ini: 47][StructINIRedisDB][[1;34mDEBUG[0m] "config: OrderedDict([('db_format', 'tc1'), ('namespace_id', '2'), ('namespace_uri', 'PNR OPC UA Server')])"
[2021-06-18 13:09:35][struct_ini: 47][StructINIRedisDB][[1;34mDEBUG[0m] "config: OrderedDict([('db_format', 'tc2'), ('namespace_id', '2'), ('namespace_uri', 'PNR OPC UA Server')])"
[2021-06-18 13:09:35][struct_ini: 47][StructINIRedisDB][[1;34mDEBUG[0m] "config: OrderedDict([('db_format', 'ex_smb_main'), ('namespace_id', '2'), ('namespace_uri', 'PNR OPC UA Server')])"
[2021-06-18 13:09:35][struct_ini: 47][StructINIRedisDB][[1;34mDEBUG[0m] "config: OrderedDict([('db_format', 'tc1'), ('namespace_id', '2'), ('namespace_uri', 'PNR OPC UA Server')])"
[2021-06-18 13:09:35][struct_ini: 47][StructINIRedisDB][[1;34mDEBUG[0m] "config: OrderedDict([('db_format', 'ex_smb_main'), ('namespace_id', '2'), ('namespace_uri', 'PNR OPC UA Server')])"
[2021-06-18 13:09:35][struct_ini: 47][StructINIRedisDB][[1;34mDEBUG[0m] "config: OrderedDict([('db_format', 'tc1'), ('namespace_id', '2'), ('namespace_uri', 'PNR OPC UA Server')])"
[2021-06-18 13:09:35][struct_ini: 47][StructINIRedisDB][[1;34mDEBUG[0m] "config: OrderedDict([('db_format', 'ex_smb_main'), ('namespace_id', '2'), ('namespace_uri', 'PNR OPC UA Server')])"
[2021-06-18 13:09:35][struct_ini: 47][StructINIRedisDB][[1;34mDEBUG[0m] "config: OrderedDict([('db_format', 'tc1'), ('namespace_id', '2'), ('namespace_uri', 'PNR OPC UA Server')])"
[2021-06-18 13:09:35][struct_ini: 47][StructINIRedisDB][[1;34mDEBUG[0m] "config: OrderedDict([('db_format', 'st_smb_main'), ('namespace_id', '2'), ('namespace_uri', 'PNR OPC UA Server')])"
[2021-06-18 13:09:35][struct_ini: 47][StructINIRedisDB][[1;34mDEBUG[0m] "config: OrderedDict([('db_format', 'st_smb_main'), ('namespace_id', '2'), ('namespace_uri', 'PNR OPC UA Server')])"
[2021-06-18 13:09:35][struct_ini: 47][StructINIRedisDB][[1;34mDEBUG[0m] "config: OrderedDict([('db_format', 'st_smb_main'), ('namespace_id', '2'), ('namespace_uri', 'PNR OPC UA Server')])"
[2021-06-18 13:09:35][struct_ini: 47][StructINIRedisDB][[1;34mDEBUG[0m] "config: OrderedDict([('db_format', 'st_smb_main'), ('namespace_id', '2'), ('namespace_uri', 'PNR OPC UA Server')])"
[2021-06-18 13:09:35][struct_ini: 47][StructINIRedisDB][[1;34mDEBUG[0m] "config: OrderedDict([('db_format', 'st_smb_main'), ('namespace_id', '2'), ('namespace_uri', 'PNR OPC UA Server')])"
[2021-06-18 13:09:35][struct_ini: 47][StructINIRedisDB][[1;34mDEBUG[0m] "config: OrderedDict([('db_format', 'st_smb_main'), ('namespace_id', '2'), ('namespace_uri', 'PNR OPC UA Server')])"
[2021-06-18 13:09:35][struct_ini: 47][StructINIRedisDB][[1;34mDEBUG[0m] "config: OrderedDict([('db_format', 'st_smb_main'), ('namespace_id', '2'), ('namespace_uri', 'PNR OPC UA Server')])"
[2021-06-18 13:09:35][struct_ini: 47][StructINIRedisDB][[1;34mDEBUG[0m] "config: OrderedDict([('db_format', 'st_smb_main'), ('namespace_id', '2'), ('namespace_uri', 'PNR OPC UA Server')])"
[2021-06-18 13:09:35][struct_ini: 47][StructINIRedisDB][[1;34mDEBUG[0m] "config: OrderedDict([('db_format', 'st_smb_main'), ('namespace_id', '2'), ('namespace_uri', 'PNR OPC UA Server')])"
[2021-06-18 13:10:27][struct_ini: 47][StructINIRedisDB][[1;34mDEBUG[0m] "config: OrderedDict([('pass', "''"), ('port', 6379), ('host', '127.0.0.1')])"
[2021-06-18 13:10:27][struct_ini: 47][StructINIRedisDB][[1;34mDEBUG[0m] "config: OrderedDict([('db_format', 'st_smb_main'), ('namespace_id', '2'), ('namespace_uri', 'PNR OPC UA Server')])"
[2021-06-18 13:10:27][struct_ini: 47][StructINIRedisDB][[1;34mDEBUG[0m] "config: OrderedDict([('db_format', 'st_smb_main'), ('namespace_id', '2'), ('namespace_uri', 'PNR OPC UA Server')])"
[2021-06-18 13:10:27][struct_ini: 47][StructINIRedisDB][[1;34mDEBUG[0m] "config: OrderedDict([('db_format', 'st_smb_main'), ('namespace_id', '2'), ('namespace_uri', 'PNR OPC UA Server')])"
[2021-06-18 13:10:27][struct_ini: 47][StructINIRedisDB][[1;34mDEBUG[0m] "config: OrderedDict([('db_format', 'st_smb_main'), ('namespace_id', '2'), ('namespace_uri', 'PNR OPC UA Server')])"
[2021-06-18 13:10:27][struct_ini: 47][StructINIRedisDB][[1;34mDEBUG[0m] "config: OrderedDict([('db_format', 'st_smb_main'), ('namespace_id', '2'), ('namespace_uri', 'PNR OPC UA Server')])"
[2021-06-18 13:10:27][struct_ini: 47][StructINIRedisDB][[1;34mDEBUG[0m] "config: OrderedDict([('db_format', 'st_smb_main'), ('namespace_id', '2'), ('namespace_uri', 'PNR OPC UA Server')])"
[2021-06-18 13:10:27][struct_ini: 47][StructINIRedisDB][[1;34mDEBUG[0m] "config: OrderedDict([('db_format', 'tc1'), ('namespace_id', '2'), ('namespace_uri', 'PNR OPC UA Server')])"
[2021-06-18 13:10:27][struct_ini: 47][StructINIRedisDB][[1;34mDEBUG[0m] "config: OrderedDict([('db_format', 'tc1'), ('namespace_id', '2'), ('namespace_uri', 'PNR OPC UA Server')])"
[2021-06-18 13:10:27][struct_ini: 47][StructINIRedisDB][[1;34mDEBUG[0m] "config: OrderedDict([('db_format', 'tc1'), ('namespace_id', '2'), ('namespace_uri', 'PNR OPC UA Server')])"
[2021-06-18 13:10:27][struct_ini: 47][StructINIRedisDB][[1;34mDEBUG[0m] "config: OrderedDict([('db_format', 'tc2'), ('namespace_id', '2'), ('namespace_uri', 'PNR OPC UA Server')])"
[2021-06-18 13:10:27][struct_ini: 47][StructINIRedisDB][[1;34mDEBUG[0m] "config: OrderedDict([('db_format', 'tc1'), ('namespace_id', '2'), ('namespace_uri', 'PNR OPC UA Server')])"
[2021-06-18 13:10:27][struct_ini: 47][StructINIRedisDB][[1;34mDEBUG[0m] "config: OrderedDict([('db_format', 'tc2'), ('namespace_id', '2'), ('namespace_uri', 'PNR OPC UA Server')])"
[2021-06-18 13:10:27][struct_ini: 47][StructINIRedisDB][[1;34mDEBUG[0m] "config: OrderedDict([('db_format', 'tc1'), ('namespace_id', '2'), ('namespace_uri', 'PNR OPC UA Server')])"
[2021-06-18 13:10:27][struct_ini: 47][StructINIRedisDB][[1;34mDEBUG[0m] "config: OrderedDict([('db_format', 'tc2'), ('namespace_id', '2'), ('namespace_uri', 'PNR OPC UA Server')])"
[2021-06-18 13:10:27][struct_ini: 47][StructINIRedisDB][[1;34mDEBUG[0m] "config: OrderedDict([('db_format', 'tc1'), ('namespace_id', '2'), ('namespace_uri', 'PNR OPC UA Server')])"
[2021-06-18 13:10:27][struct_ini: 47][StructINIRedisDB][[1;34mDEBUG[0m] "config: OrderedDict([('db_format', 'tc2'), ('namespace_id', '2'), ('namespace_uri', 'PNR OPC UA Server')])"
[2021-06-18 13:10:27][struct_ini: 47][StructINIRedisDB][[1;34mDEBUG[0m] "config: OrderedDict([('db_format', 'ex_main'), ('namespace_id', '2'), ('namespace_uri', 'PNR OPC UA Server')])"
[2021-06-18 13:10:27][struct_ini: 47][StructINIRedisDB][[1;34mDEBUG[0m] "config: OrderedDict([('db_format', 'tc1'), ('namespace_id', '2'), ('namespace_uri', 'PNR OPC UA Server')])"
[2021-06-18 13:10:27][struct_ini: 47][StructINIRedisDB][[1;34mDEBUG[0m] "config: OrderedDict([('db_format', 'ex_smb_main'), ('namespace_id', '2'), ('namespace_uri', 'PNR OPC UA Server')])"
[2021-06-18 13:10:27][struct_ini: 47][StructINIRedisDB][[1;34mDEBUG[0m] "config: OrderedDict([('db_format', 'tc1'), ('namespace_id', '2'), ('namespace_uri', 'PNR OPC UA Server')])"
[2021-06-18 13:10:27][struct_ini: 47][StructINIRedisDB][[1;34mDEBUG[0m] "config: OrderedDict([('db_format', 'tc2'), ('namespace_id', '2'), ('namespace_uri', 'PNR OPC UA Server')])"
[2021-06-18 13:10:27][struct_ini: 47][StructINIRedisDB][[1;34mDEBUG[0m] "config: OrderedDict([('db_format', 'ex_smb_main'), ('namespace_id', '2'), ('namespace_uri', 'PNR OPC UA Server')])"
[2021-06-18 13:10:27][struct_ini: 47][StructINIRedisDB][[1;34mDEBUG[0m] "config: OrderedDict([('db_format', 'tc1'), ('namespace_id', '2'), ('namespace_uri', 'PNR OPC UA Server')])"
[2021-06-18 13:10:27][struct_ini: 47][StructINIRedisDB][[1;34mDEBUG[0m] "config: OrderedDict([('db_format', 'ex_smb_main'), ('namespace_id', '2'), ('namespace_uri', 'PNR OPC UA Server')])"
[2021-06-18 13:10:27][struct_ini: 47][StructINIRedisDB][[1;34mDEBUG[0m] "config: OrderedDict([('db_format', 'tc1'), ('namespace_id', '2'), ('namespace_uri', 'PNR OPC UA Server')])"
[2021-06-18 13:10:27][struct_ini: 47][StructINIRedisDB][[1;34mDEBUG[0m] "config: OrderedDict([('db_format', 'ex_smb_main'), ('namespace_id', '2'), ('namespace_uri', 'PNR OPC UA Server')])"
[2021-06-18 13:10:27][struct_ini: 47][StructINIRedisDB][[1;34mDEBUG[0m] "config: OrderedDict([('db_format', 'tc1'), ('namespace_id', '2'), ('namespace_uri', 'PNR OPC UA Server')])"
[2021-06-18 13:10:27][struct_ini: 47][StructINIRedisDB][[1;34mDEBUG[0m] "config: OrderedDict([('db_format', 'st_smb_main'), ('namespace_id', '2'), ('namespace_uri', 'PNR OPC UA Server')])"
[2021-06-18 13:10:27][struct_ini: 47][StructINIRedisDB][[1;34mDEBUG[0m] "config: OrderedDict([('db_format', 'st_smb_main'), ('namespace_id', '2'), ('namespace_uri', 'PNR OPC UA Server')])"
[2021-06-18 13:10:27][struct_ini: 47][StructINIRedisDB][[1;34mDEBUG[0m] "config: OrderedDict([('db_format', 'st_smb_main'), ('namespace_id', '2'), ('namespace_uri', 'PNR OPC UA Server')])"
[2021-06-18 13:10:27][struct_ini: 47][StructINIRedisDB][[1;34mDEBUG[0m] "config: OrderedDict([('db_format', 'st_smb_main'), ('namespace_id', '2'), ('namespace_uri', 'PNR OPC UA Server')])"
[2021-06-18 13:10:27][struct_ini: 47][StructINIRedisDB][[1;34mDEBUG[0m] "config: OrderedDict([('db_format', 'st_smb_main'), ('namespace_id', '2'), ('namespace_uri', 'PNR OPC UA Server')])"
[2021-06-18 13:10:27][struct_ini: 47][StructINIRedisDB][[1;34mDEBUG[0m] "config: OrderedDict([('db_format', 'st_smb_main'), ('namespace_id', '2'), ('namespace_uri', 'PNR OPC UA Server')])"
[2021-06-18 13:10:27][struct_ini: 47][StructINIRedisDB][[1;34mDEBUG[0m] "config: OrderedDict([('db_format', 'st_smb_main'), ('namespace_id', '2'), ('namespace_uri', 'PNR OPC UA Server')])"
[2021-06-18 13:10:27][struct_ini: 47][StructINIRedisDB][[1;34mDEBUG[0m] "config: OrderedDict([('db_format', 'st_smb_main'), ('namespace_id', '2'), ('namespace_uri', 'PNR OPC UA Server')])"
[2021-06-18 13:10:27][struct_ini: 47][StructINIRedisDB][[1;34mDEBUG[0m] "config: OrderedDict([('db_format', 'st_smb_main'), ('namespace_id', '2'), ('namespace_uri', 'PNR OPC UA Server')])"
[2021-06-18 13:26:26][struct_ini: 47][StructINIRedisDB][[1;34mDEBUG[0m] "config: OrderedDict([('pass', "''"), ('port', 6379), ('host', '127.0.0.1')])"
[2021-06-18 13:26:26][struct_ini: 47][StructINIRedisDB][[1;34mDEBUG[0m] "config: OrderedDict([('db_format', 'st_smb_main'), ('namespace_id', '2'), ('namespace_uri', 'PNR OPC UA Server')])"
[2021-06-18 13:26:26][struct_ini: 47][StructINIRedisDB][[1;34mDEBUG[0m] "config: OrderedDict([('db_format', 'st_smb_main'), ('namespace_id', '2'), ('namespace_uri', 'PNR OPC UA Server')])"
[2021-06-18 13:26:26][struct_ini: 47][StructINIRedisDB][[1;34mDEBUG[0m] "config: OrderedDict([('db_format', 'st_smb_main'), ('namespace_id', '2'), ('namespace_uri', 'PNR OPC UA Server')])"
[2021-06-18 13:26:26][struct_ini: 47][StructINIRedisDB][[1;34mDEBUG[0m] "config: OrderedDict([('db_format', 'st_smb_main'), ('namespace_id', '2'), ('namespace_uri', 'PNR OPC UA Server')])"
[2021-06-18 13:26:26][struct_ini: 47][StructINIRedisDB][[1;34mDEBUG[0m] "config: OrderedDict([('db_format', 'st_smb_main'), ('namespace_id', '2'), ('namespace_uri', 'PNR OPC UA Server')])"
[2021-06-18 13:26:26][struct_ini: 47][StructINIRedisDB][[1;34mDEBUG[0m] "config: OrderedDict([('db_format', 'st_smb_main'), ('namespace_id', '2'), ('namespace_uri', 'PNR OPC UA Server')])"
[2021-06-18 13:26:26][struct_ini: 47][StructINIRedisDB][[1;34mDEBUG[0m] "config: OrderedDict([('db_format', 'tc1'), ('namespace_id', '2'), ('namespace_uri', 'PNR OPC UA Server')])"
[2021-06-18 13:26:26][struct_ini: 47][StructINIRedisDB][[1;34mDEBUG[0m] "config: OrderedDict([('db_format', 'tc1'), ('namespace_id', '2'), ('namespace_uri', 'PNR OPC UA Server')])"
[2021-06-18 13:26:26][struct_ini: 47][StructINIRedisDB][[1;34mDEBUG[0m] "config: OrderedDict([('db_format', 'tc1'), ('namespace_id', '2'), ('namespace_uri', 'PNR OPC UA Server')])"
[2021-06-18 13:26:26][struct_ini: 47][StructINIRedisDB][[1;34mDEBUG[0m] "config: OrderedDict([('db_format', 'tc2'), ('namespace_id', '2'), ('namespace_uri', 'PNR OPC UA Server')])"
[2021-06-18 13:26:26][struct_ini: 47][StructINIRedisDB][[1;34mDEBUG[0m] "config: OrderedDict([('db_format', 'tc1'), ('namespace_id', '2'), ('namespace_uri', 'PNR OPC UA Server')])"
[2021-06-18 13:26:26][struct_ini: 47][StructINIRedisDB][[1;34mDEBUG[0m] "config: OrderedDict([('db_format', 'tc2'), ('namespace_id', '2'), ('namespace_uri', 'PNR OPC UA Server')])"
[2021-06-18 13:26:26][struct_ini: 47][StructINIRedisDB][[1;34mDEBUG[0m] "config: OrderedDict([('db_format', 'tc1'), ('namespace_id', '2'), ('namespace_uri', 'PNR OPC UA Server')])"
[2021-06-18 13:26:26][struct_ini: 47][StructINIRedisDB][[1;34mDEBUG[0m] "config: OrderedDict([('db_format', 'tc2'), ('namespace_id', '2'), ('namespace_uri', 'PNR OPC UA Server')])"
[2021-06-18 13:26:26][struct_ini: 47][StructINIRedisDB][[1;34mDEBUG[0m] "config: OrderedDict([('db_format', 'tc1'), ('namespace_id', '2'), ('namespace_uri', 'PNR OPC UA Server')])"
[2021-06-18 13:26:26][struct_ini: 47][StructINIRedisDB][[1;34mDEBUG[0m] "config: OrderedDict([('db_format', 'tc2'), ('namespace_id', '2'), ('namespace_uri', 'PNR OPC UA Server')])"
[2021-06-18 13:26:26][struct_ini: 47][StructINIRedisDB][[1;34mDEBUG[0m] "config: OrderedDict([('db_format', 'ex_main'), ('namespace_id', '2'), ('namespace_uri', 'PNR OPC UA Server')])"
[2021-06-18 13:26:26][struct_ini: 47][StructINIRedisDB][[1;34mDEBUG[0m] "config: OrderedDict([('db_format', 'tc1'), ('namespace_id', '2'), ('namespace_uri', 'PNR OPC UA Server')])"
[2021-06-18 13:26:26][struct_ini: 47][StructINIRedisDB][[1;34mDEBUG[0m] "config: OrderedDict([('db_format', 'ex_smb_main'), ('namespace_id', '2'), ('namespace_uri', 'PNR OPC UA Server')])"
[2021-06-18 13:26:26][struct_ini: 47][StructINIRedisDB][[1;34mDEBUG[0m] "config: OrderedDict([('db_format', 'tc1'), ('namespace_id', '2'), ('namespace_uri', 'PNR OPC UA Server')])"
[2021-06-18 13:26:26][struct_ini: 47][StructINIRedisDB][[1;34mDEBUG[0m] "config: OrderedDict([('db_format', 'tc2'), ('namespace_id', '2'), ('namespace_uri', 'PNR OPC UA Server')])"
[2021-06-18 13:26:26][struct_ini: 47][StructINIRedisDB][[1;34mDEBUG[0m] "config: OrderedDict([('db_format', 'ex_smb_main'), ('namespace_id', '2'), ('namespace_uri', 'PNR OPC UA Server')])"
[2021-06-18 13:26:26][struct_ini: 47][StructINIRedisDB][[1;34mDEBUG[0m] "config: OrderedDict([('db_format', 'tc1'), ('namespace_id', '2'), ('namespace_uri', 'PNR OPC UA Server')])"
[2021-06-18 13:26:26][struct_ini: 47][StructINIRedisDB][[1;34mDEBUG[0m] "config: OrderedDict([('db_format', 'ex_smb_main'), ('namespace_id', '2'), ('namespace_uri', 'PNR OPC UA Server')])"
[2021-06-18 13:26:26][struct_ini: 47][StructINIRedisDB][[1;34mDEBUG[0m] "config: OrderedDict([('db_format', 'tc1'), ('namespace_id', '2'), ('namespace_uri', 'PNR OPC UA Server')])"
[2021-06-18 13:26:26][struct_ini: 47][StructINIRedisDB][[1;34mDEBUG[0m] "config: OrderedDict([('db_format', 'ex_smb_main'), ('namespace_id', '2'), ('namespace_uri', 'PNR OPC UA Server')])"
[2021-06-18 13:26:26][struct_ini: 47][StructINIRedisDB][[1;34mDEBUG[0m] "config: OrderedDict([('db_format', 'tc1'), ('namespace_id', '2'), ('namespace_uri', 'PNR OPC UA Server')])"
[2021-06-18 13:26:26][struct_ini: 47][StructINIRedisDB][[1;34mDEBUG[0m] "config: OrderedDict([('db_format', 'st_smb_main'), ('namespace_id', '2'), ('namespace_uri', 'PNR OPC UA Server')])"
[2021-06-18 13:26:26][struct_ini: 47][StructINIRedisDB][[1;34mDEBUG[0m] "config: OrderedDict([('db_format', 'st_smb_main'), ('namespace_id', '2'), ('namespace_uri', 'PNR OPC UA Server')])"
[2021-06-18 13:26:26][struct_ini: 47][StructINIRedisDB][[1;34mDEBUG[0m] "config: OrderedDict([('db_format', 'st_smb_main'), ('namespace_id', '2'), ('namespace_uri', 'PNR OPC UA Server')])"
[2021-06-18 13:26:26][struct_ini: 47][StructINIRedisDB][[1;34mDEBUG[0m] "config: OrderedDict([('db_format', 'st_smb_main'), ('namespace_id', '2'), ('namespace_uri', 'PNR OPC UA Server')])"
[2021-06-18 13:26:26][struct_ini: 47][StructINIRedisDB][[1;34mDEBUG[0m] "config: OrderedDict([('db_format', 'st_smb_main'), ('namespace_id', '2'), ('namespace_uri', 'PNR OPC UA Server')])"
[2021-06-18 13:26:26][struct_ini: 47][StructINIRedisDB][[1;34mDEBUG[0m] "config: OrderedDict([('db_format', 'st_smb_main'), ('namespace_id', '2'), ('namespace_uri', 'PNR OPC UA Server')])"
[2021-06-18 13:26:26][struct_ini: 47][StructINIRedisDB][[1;34mDEBUG[0m] "config: OrderedDict([('db_format', 'st_smb_main'), ('namespace_id', '2'), ('namespace_uri', 'PNR OPC UA Server')])"
[2021-06-18 13:26:26][struct_ini: 47][StructINIRedisDB][[1;34mDEBUG[0m] "config: OrderedDict([('db_format', 'st_smb_main'), ('namespace_id', '2'), ('namespace_uri', 'PNR OPC UA Server')])"
[2021-06-18 13:26:26][struct_ini: 47][StructINIRedisDB][[1;34mDEBUG[0m] "config: OrderedDict([('db_format', 'st_smb_main'), ('namespace_id', '2'), ('namespace_uri', 'PNR OPC UA Server')])"
[2021-06-18 13:29:58][struct_ini: 47][StructINIRedisDB][[1;34mDEBUG[0m] "config: OrderedDict([('pass', "''"), ('port', 6379), ('host', '127.0.0.1')])"
[2021-06-18 13:29:58][struct_ini: 47][StructINIRedisDB][[1;34mDEBUG[0m] "config: OrderedDict([('db_format', 'st_smb_main'), ('namespace_id', '2'), ('namespace_uri', 'PNR OPC UA Server')])"
[2021-06-18 13:29:58][struct_ini: 47][StructINIRedisDB][[1;34mDEBUG[0m] "config: OrderedDict([('db_format', 'st_smb_main'), ('namespace_id', '2'), ('namespace_uri', 'PNR OPC UA Server')])"
[2021-06-18 13:29:58][struct_ini: 47][StructINIRedisDB][[1;34mDEBUG[0m] "config: OrderedDict([('db_format', 'st_smb_main'), ('namespace_id', '2'), ('namespace_uri', 'PNR OPC UA Server')])"
[2021-06-18 13:29:58][struct_ini: 47][StructINIRedisDB][[1;34mDEBUG[0m] "config: OrderedDict([('db_format', 'st_smb_main'), ('namespace_id', '2'), ('namespace_uri', 'PNR OPC UA Server')])"
[2021-06-18 13:29:58][struct_ini: 47][StructINIRedisDB][[1;34mDEBUG[0m] "config: OrderedDict([('db_format', 'st_smb_main'), ('namespace_id', '2'), ('namespace_uri', 'PNR OPC UA Server')])"
[2021-06-18 13:29:58][struct_ini: 47][StructINIRedisDB][[1;34mDEBUG[0m] "config: OrderedDict([('db_format', 'st_smb_main'), ('namespace_id', '2'), ('namespace_uri', 'PNR OPC UA Server')])"
[2021-06-18 13:29:58][struct_ini: 47][StructINIRedisDB][[1;34mDEBUG[0m] "config: OrderedDict([('db_format', 'tc1'), ('namespace_id', '2'), ('namespace_uri', 'PNR OPC UA Server')])"
[2021-06-18 13:29:58][struct_ini: 47][StructINIRedisDB][[1;34mDEBUG[0m] "config: OrderedDict([('db_format', 'tc1'), ('namespace_id', '2'), ('namespace_uri', 'PNR OPC UA Server')])"
[2021-06-18 13:29:58][struct_ini: 47][StructINIRedisDB][[1;34mDEBUG[0m] "config: OrderedDict([('db_format', 'tc1'), ('namespace_id', '2'), ('namespace_uri', 'PNR OPC UA Server')])"
[2021-06-18 13:29:58][struct_ini: 47][StructINIRedisDB][[1;34mDEBUG[0m] "config: OrderedDict([('db_format', 'tc2'), ('namespace_id', '2'), ('namespace_uri', 'PNR OPC UA Server')])"
[2021-06-18 13:29:58][struct_ini: 47][StructINIRedisDB][[1;34mDEBUG[0m] "config: OrderedDict([('db_format', 'tc1'), ('namespace_id', '2'), ('namespace_uri', 'PNR OPC UA Server')])"
[2021-06-18 13:29:58][struct_ini: 47][StructINIRedisDB][[1;34mDEBUG[0m] "config: OrderedDict([('db_format', 'tc2'), ('namespace_id', '2'), ('namespace_uri', 'PNR OPC UA Server')])"
[2021-06-18 13:29:58][struct_ini: 47][StructINIRedisDB][[1;34mDEBUG[0m] "config: OrderedDict([('db_format', 'tc1'), ('namespace_id', '2'), ('namespace_uri', 'PNR OPC UA Server')])"
[2021-06-18 13:29:58][struct_ini: 47][StructINIRedisDB][[1;34mDEBUG[0m] "config: OrderedDict([('db_format', 'tc2'), ('namespace_id', '2'), ('namespace_uri', 'PNR OPC UA Server')])"
[2021-06-18 13:29:58][struct_ini: 47][StructINIRedisDB][[1;34mDEBUG[0m] "config: OrderedDict([('db_format', 'tc1'), ('namespace_id', '2'), ('namespace_uri', 'PNR OPC UA Server')])"
[2021-06-18 13:29:58][struct_ini: 47][StructINIRedisDB][[1;34mDEBUG[0m] "config: OrderedDict([('db_format', 'tc2'), ('namespace_id', '2'), ('namespace_uri', 'PNR OPC UA Server')])"
[2021-06-18 13:29:58][struct_ini: 47][StructINIRedisDB][[1;34mDEBUG[0m] "config: OrderedDict([('db_format', 'ex_main'), ('namespace_id', '2'), ('namespace_uri', 'PNR OPC UA Server')])"
[2021-06-18 13:29:58][struct_ini: 47][StructINIRedisDB][[1;34mDEBUG[0m] "config: OrderedDict([('db_format', 'tc1'), ('namespace_id', '2'), ('namespace_uri', 'PNR OPC UA Server')])"
[2021-06-18 13:29:58][struct_ini: 47][StructINIRedisDB][[1;34mDEBUG[0m] "config: OrderedDict([('db_format', 'ex_smb_main'), ('namespace_id', '2'), ('namespace_uri', 'PNR OPC UA Server')])"
[2021-06-18 13:29:58][struct_ini: 47][StructINIRedisDB][[1;34mDEBUG[0m] "config: OrderedDict([('db_format', 'tc1'), ('namespace_id', '2'), ('namespace_uri', 'PNR OPC UA Server')])"
[2021-06-18 13:29:58][struct_ini: 47][StructINIRedisDB][[1;34mDEBUG[0m] "config: OrderedDict([('db_format', 'tc2'), ('namespace_id', '2'), ('namespace_uri', 'PNR OPC UA Server')])"
[2021-06-18 13:29:58][struct_ini: 47][StructINIRedisDB][[1;34mDEBUG[0m] "config: OrderedDict([('db_format', 'ex_smb_main'), ('namespace_id', '2'), ('namespace_uri', 'PNR OPC UA Server')])"
[2021-06-18 13:29:58][struct_ini: 47][StructINIRedisDB][[1;34mDEBUG[0m] "config: OrderedDict([('db_format', 'tc1'), ('namespace_id', '2'), ('namespace_uri', 'PNR OPC UA Server')])"
[2021-06-18 13:29:58][struct_ini: 47][StructINIRedisDB][[1;34mDEBUG[0m] "config: OrderedDict([('db_format', 'ex_smb_main'), ('namespace_id', '2'), ('namespace_uri', 'PNR OPC UA Server')])"
[2021-06-18 13:29:58][struct_ini: 47][StructINIRedisDB][[1;34mDEBUG[0m] "config: OrderedDict([('db_format', 'tc1'), ('namespace_id', '2'), ('namespace_uri', 'PNR OPC UA Server')])"
[2021-06-18 13:29:58][struct_ini: 47][StructINIRedisDB][[1;34mDEBUG[0m] "config: OrderedDict([('db_format', 'ex_smb_main'), ('namespace_id', '2'), ('namespace_uri', 'PNR OPC UA Server')])"
[2021-06-18 13:29:58][struct_ini: 47][StructINIRedisDB][[1;34mDEBUG[0m] "config: OrderedDict([('db_format', 'tc1'), ('namespace_id', '2'), ('namespace_uri', 'PNR OPC UA Server')])"
[2021-06-18 13:29:58][struct_ini: 47][StructINIRedisDB][[1;34mDEBUG[0m] "config: OrderedDict([('db_format', 'st_smb_main'), ('namespace_id', '2'), ('namespace_uri', 'PNR OPC UA Server')])"
[2021-06-18 13:29:58][struct_ini: 47][StructINIRedisDB][[1;34mDEBUG[0m] "config: OrderedDict([('db_format', 'st_smb_main'), ('namespace_id', '2'), ('namespace_uri', 'PNR OPC UA Server')])"
[2021-06-18 13:29:58][struct_ini: 47][StructINIRedisDB][[1;34mDEBUG[0m] "config: OrderedDict([('db_format', 'st_smb_main'), ('namespace_id', '2'), ('namespace_uri', 'PNR OPC UA Server')])"
[2021-06-18 13:29:58][struct_ini: 47][StructINIRedisDB][[1;34mDEBUG[0m] "config: OrderedDict([('db_format', 'st_smb_main'), ('namespace_id', '2'), ('namespace_uri', 'PNR OPC UA Server')])"
[2021-06-18 13:29:58][struct_ini: 47][StructINIRedisDB][[1;34mDEBUG[0m] "config: OrderedDict([('db_format', 'st_smb_main'), ('namespace_id', '2'), ('namespace_uri', 'PNR OPC UA Server')])"
[2021-06-18 13:29:58][struct_ini: 47][StructINIRedisDB][[1;34mDEBUG[0m] "config: OrderedDict([('db_format', 'st_smb_main'), ('namespace_id', '2'), ('namespace_uri', 'PNR OPC UA Server')])"
[2021-06-18 13:29:58][struct_ini: 47][StructINIRedisDB][[1;34mDEBUG[0m] "config: OrderedDict([('db_format', 'st_smb_main'), ('namespace_id', '2'), ('namespace_uri', 'PNR OPC UA Server')])"
[2021-06-18 13:29:58][struct_ini: 47][StructINIRedisDB][[1;34mDEBUG[0m] "config: OrderedDict([('db_format', 'st_smb_main'), ('namespace_id', '2'), ('namespace_uri', 'PNR OPC UA Server')])"
[2021-06-18 13:29:58][struct_ini: 47][StructINIRedisDB][[1;34mDEBUG[0m] "config: OrderedDict([('db_format', 'st_smb_main'), ('namespace_id', '2'), ('namespace_uri', 'PNR OPC UA Server')])"
[2021-06-18 13:35:27][struct_ini: 47][StructINIRedisDB][[1;34mDEBUG[0m] "config: OrderedDict([('pass', "''"), ('port', 6379), ('host', '127.0.0.1')])"
[2021-06-18 13:35:27][struct_ini: 47][StructINIRedisDB][[1;34mDEBUG[0m] "config: OrderedDict([('db_format', 'st_smb_main'), ('namespace_id', '2'), ('namespace_uri', 'PNR OPC UA Server')])"
[2021-06-18 13:35:27][struct_ini: 47][StructINIRedisDB][[1;34mDEBUG[0m] "config: OrderedDict([('db_format', 'st_smb_main'), ('namespace_id', '2'), ('namespace_uri', 'PNR OPC UA Server')])"
[2021-06-18 13:35:27][struct_ini: 47][StructINIRedisDB][[1;34mDEBUG[0m] "config: OrderedDict([('db_format', 'st_smb_main'), ('namespace_id', '2'), ('namespace_uri', 'PNR OPC UA Server')])"
[2021-06-18 13:35:27][struct_ini: 47][StructINIRedisDB][[1;34mDEBUG[0m] "config: OrderedDict([('db_format', 'st_smb_main'), ('namespace_id', '2'), ('namespace_uri', 'PNR OPC UA Server')])"
[2021-06-18 13:35:27][struct_ini: 47][StructINIRedisDB][[1;34mDEBUG[0m] "config: OrderedDict([('db_format', 'st_smb_main'), ('namespace_id', '2'), ('namespace_uri', 'PNR OPC UA Server')])"
[2021-06-18 13:35:27][struct_ini: 47][StructINIRedisDB][[1;34mDEBUG[0m] "config: OrderedDict([('db_format', 'st_smb_main'), ('namespace_id', '2'), ('namespace_uri', 'PNR OPC UA Server')])"
[2021-06-18 13:35:27][struct_ini: 47][StructINIRedisDB][[1;34mDEBUG[0m] "config: OrderedDict([('db_format', 'tc1'), ('namespace_id', '2'), ('namespace_uri', 'PNR OPC UA Server')])"
[2021-06-18 13:35:27][struct_ini: 47][StructINIRedisDB][[1;34mDEBUG[0m] "config: OrderedDict([('db_format', 'tc1'), ('namespace_id', '2'), ('namespace_uri', 'PNR OPC UA Server')])"
[2021-06-18 13:35:27][struct_ini: 47][StructINIRedisDB][[1;34mDEBUG[0m] "config: OrderedDict([('db_format', 'tc1'), ('namespace_id', '2'), ('namespace_uri', 'PNR OPC UA Server')])"
[2021-06-18 13:35:27][struct_ini: 47][StructINIRedisDB][[1;34mDEBUG[0m] "config: OrderedDict([('db_format', 'tc2'), ('namespace_id', '2'), ('namespace_uri', 'PNR OPC UA Server')])"
[2021-06-18 13:35:27][struct_ini: 47][StructINIRedisDB][[1;34mDEBUG[0m] "config: OrderedDict([('db_format', 'tc1'), ('namespace_id', '2'), ('namespace_uri', 'PNR OPC UA Server')])"
[2021-06-18 13:35:27][struct_ini: 47][StructINIRedisDB][[1;34mDEBUG[0m] "config: OrderedDict([('db_format', 'tc2'), ('namespace_id', '2'), ('namespace_uri', 'PNR OPC UA Server')])"
[2021-06-18 13:35:27][struct_ini: 47][StructINIRedisDB][[1;34mDEBUG[0m] "config: OrderedDict([('db_format', 'tc1'), ('namespace_id', '2'), ('namespace_uri', 'PNR OPC UA Server')])"
[2021-06-18 13:35:27][struct_ini: 47][StructINIRedisDB][[1;34mDEBUG[0m] "config: OrderedDict([('db_format', 'tc2'), ('namespace_id', '2'), ('namespace_uri', 'PNR OPC UA Server')])"
[2021-06-18 13:35:27][struct_ini: 47][StructINIRedisDB][[1;34mDEBUG[0m] "config: OrderedDict([('db_format', 'tc1'), ('namespace_id', '2'), ('namespace_uri', 'PNR OPC UA Server')])"
[2021-06-18 13:35:27][struct_ini: 47][StructINIRedisDB][[1;34mDEBUG[0m] "config: OrderedDict([('db_format', 'tc2'), ('namespace_id', '2'), ('namespace_uri', 'PNR OPC UA Server')])"
[2021-06-18 13:35:27][struct_ini: 47][StructINIRedisDB][[1;34mDEBUG[0m] "config: OrderedDict([('db_format', 'ex_main'), ('namespace_id', '2'), ('namespace_uri', 'PNR OPC UA Server')])"
[2021-06-18 13:35:27][struct_ini: 47][StructINIRedisDB][[1;34mDEBUG[0m] "config: OrderedDict([('db_format', 'tc1'), ('namespace_id', '2'), ('namespace_uri', 'PNR OPC UA Server')])"
[2021-06-18 13:35:27][struct_ini: 47][StructINIRedisDB][[1;34mDEBUG[0m] "config: OrderedDict([('db_format', 'ex_smb_main'), ('namespace_id', '2'), ('namespace_uri', 'PNR OPC UA Server')])"
[2021-06-18 13:35:27][struct_ini: 47][StructINIRedisDB][[1;34mDEBUG[0m] "config: OrderedDict([('db_format', 'tc1'), ('namespace_id', '2'), ('namespace_uri', 'PNR OPC UA Server')])"
[2021-06-18 13:35:27][struct_ini: 47][StructINIRedisDB][[1;34mDEBUG[0m] "config: OrderedDict([('db_format', 'tc2'), ('namespace_id', '2'), ('namespace_uri', 'PNR OPC UA Server')])"
[2021-06-18 13:35:27][struct_ini: 47][StructINIRedisDB][[1;34mDEBUG[0m] "config: OrderedDict([('db_format', 'ex_smb_main'), ('namespace_id', '2'), ('namespace_uri', 'PNR OPC UA Server')])"
[2021-06-18 13:35:27][struct_ini: 47][StructINIRedisDB][[1;34mDEBUG[0m] "config: OrderedDict([('db_format', 'tc1'), ('namespace_id', '2'), ('namespace_uri', 'PNR OPC UA Server')])"
[2021-06-18 13:35:27][struct_ini: 47][StructINIRedisDB][[1;34mDEBUG[0m] "config: OrderedDict([('db_format', 'ex_smb_main'), ('namespace_id', '2'), ('namespace_uri', 'PNR OPC UA Server')])"
[2021-06-18 13:35:27][struct_ini: 47][StructINIRedisDB][[1;34mDEBUG[0m] "config: OrderedDict([('db_format', 'tc1'), ('namespace_id', '2'), ('namespace_uri', 'PNR OPC UA Server')])"
[2021-06-18 13:35:27][struct_ini: 47][StructINIRedisDB][[1;34mDEBUG[0m] "config: OrderedDict([('db_format', 'ex_smb_main'), ('namespace_id', '2'), ('namespace_uri', 'PNR OPC UA Server')])"
[2021-06-18 13:35:27][struct_ini: 47][StructINIRedisDB][[1;34mDEBUG[0m] "config: OrderedDict([('db_format', 'tc1'), ('namespace_id', '2'), ('namespace_uri', 'PNR OPC UA Server')])"
[2021-06-18 13:35:27][struct_ini: 47][StructINIRedisDB][[1;34mDEBUG[0m] "config: OrderedDict([('db_format', 'st_smb_main'), ('namespace_id', '2'), ('namespace_uri', 'PNR OPC UA Server')])"
[2021-06-18 13:35:27][struct_ini: 47][StructINIRedisDB][[1;34mDEBUG[0m] "config: OrderedDict([('db_format', 'st_smb_main'), ('namespace_id', '2'), ('namespace_uri', 'PNR OPC UA Server')])"
[2021-06-18 13:35:27][struct_ini: 47][StructINIRedisDB][[1;34mDEBUG[0m] "config: OrderedDict([('db_format', 'st_smb_main'), ('namespace_id', '2'), ('namespace_uri', 'PNR OPC UA Server')])"
[2021-06-18 13:35:27][struct_ini: 47][StructINIRedisDB][[1;34mDEBUG[0m] "config: OrderedDict([('db_format', 'st_smb_main'), ('namespace_id', '2'), ('namespace_uri', 'PNR OPC UA Server')])"
[2021-06-18 13:35:27][struct_ini: 47][StructINIRedisDB][[1;34mDEBUG[0m] "config: OrderedDict([('db_format', 'st_smb_main'), ('namespace_id', '2'), ('namespace_uri', 'PNR OPC UA Server')])"
[2021-06-18 13:35:27][struct_ini: 47][StructINIRedisDB][[1;34mDEBUG[0m] "config: OrderedDict([('db_format', 'st_smb_main'), ('namespace_id', '2'), ('namespace_uri', 'PNR OPC UA Server')])"
[2021-06-18 13:35:27][struct_ini: 47][StructINIRedisDB][[1;34mDEBUG[0m] "config: OrderedDict([('db_format', 'st_smb_main'), ('namespace_id', '2'), ('namespace_uri', 'PNR OPC UA Server')])"
[2021-06-18 13:35:27][struct_ini: 47][StructINIRedisDB][[1;34mDEBUG[0m] "config: OrderedDict([('db_format', 'st_smb_main'), ('namespace_id', '2'), ('namespace_uri', 'PNR OPC UA Server')])"
[2021-06-18 13:35:27][struct_ini: 47][StructINIRedisDB][[1;34mDEBUG[0m] "config: OrderedDict([('db_format', 'st_smb_main'), ('namespace_id', '2'), ('namespace_uri', 'PNR OPC UA Server')])"
