[2021-06-23 15:47:53][thread_sync: 92][SyncOPCUARedis][[1;37mINFO[0m] "node_id_redisBU_20033-1-2_SMBPLC.Main.ser_id"
[2021-06-23 15:47:53][thread_sync: 92][SyncOPCUARedis][[1;37mINFO[0m] "node_id_redisBU_20033-1-2_SMBPLC.Main.digital_input_w0"
[2021-06-23 15:47:53][thread_sync: 92][SyncOPCUARedis][[1;37mINFO[0m] "node_id_redisBU_20033-1-2_SMBPLC.Main.digital_output_w0"
[2021-06-23 15:52:02][thread_sync: 92][SyncOPCUARedis][[1;37mINFO[0m] "node_id_redis BU_20033-1-2_SMBPLC.Main.ser_id"
[2021-06-23 15:52:02][thread_sync: 92][SyncOPCUARedis][[1;37mINFO[0m] "node_id_redis BU_20033-1-2_SMBPLC.Main.digital_input_w0"
[2021-06-23 15:52:02][thread_sync: 92][SyncOPCUARedis][[1;37mINFO[0m] "node_id_redis BU_20033-1-2_SMBPLC.Main.digital_output_w0"
[2021-06-23 15:52:02][thread_sync: 82][SyncOPCUARedis][[1;37mINFO[0m] "keys_data: OrderedDict([('BU_20033-1-2_SMBPLC.Main.ser_id', None), ('BU_20033-1-2_SMBPLC.Main.digital_input_w0', None), ('BU_20033-1-2_SMBPLC.Main.digital_output_w0', None)])"
[2021-06-23 15:59:53][thread_sync: 92][SyncOPCUARedis][[1;37mINFO[0m] "node_id_redis ST_20033-10_SMBPLC.Main.ser_id"
[2021-06-23 15:59:53][thread_sync: 92][SyncOPCUARedis][[1;37mINFO[0m] "node_id_redis ST_20033-10_SMBPLC.Main.digital_input_w0"
[2021-06-23 15:59:53][thread_sync: 92][SyncOPCUARedis][[1;37mINFO[0m] "node_id_redis ST_20033-10_SMBPLC.Main.digital_output_w0"
[2021-06-23 15:59:53][thread_sync: 92][SyncOPCUARedis][[1;37mINFO[0m] "node_id_redis ST_20033-10_SMBPLC.Main.event_coil_w0"
[2021-06-23 15:59:53][thread_sync: 82][SyncOPCUARedis][[1;37mINFO[0m] "keys_data: OrderedDict([('ST_20033-10_SMBPLC.Main.ser_id', None), ('ST_20033-10_SMBPLC.Main.digital_input_w0', None), ('ST_20033-10_SMBPLC.Main.digital_output_w0', None), ('ST_20033-10_SMBPLC.Main.event_coil_w0', None)])"
[2021-06-23 16:02:52][thread_sync: 92][SyncOPCUARedis][[1;37mINFO[0m] "node_id_redis ST_20033-10_SMBPLC.Main.ser_id"
[2021-06-23 16:02:52][thread_sync: 92][SyncOPCUARedis][[1;37mINFO[0m] "node_id_redis ST_20033-10_SMBPLC.Main.digital_input_w0"
[2021-06-23 16:02:52][thread_sync: 92][SyncOPCUARedis][[1;37mINFO[0m] "node_id_redis ST_20033-10_SMBPLC.Main.digital_output_w0"
[2021-06-23 16:02:52][thread_sync: 92][SyncOPCUARedis][[1;37mINFO[0m] "node_id_redis ST_20033-10_SMBPLC.Main.event_coil_w0"
[2021-06-23 16:02:52][thread_sync: 82][SyncOPCUARedis][[1;37mINFO[0m] "keys_data: OrderedDict([('ST_20033-10_SMBPLC.Main.ser_id', 0), ('ST_20033-10_SMBPLC.Main.digital_input_w0', 0), ('ST_20033-10_SMBPLC.Main.digital_output_w0', 0), ('ST_20033-10_SMBPLC.Main.event_coil_w0', 0)])"
[2021-06-23 16:20:02][thread_sync: 92][SyncOPCUARedis][[1;37mINFO[0m] "node_id_redis ST_20033-10_SMBPLC.Main.ser_id"
[2021-06-23 16:20:02][thread_sync: 92][SyncOPCUARedis][[1;37mINFO[0m] "node_id_redis ST_20033-10_SMBPLC.Main.digital_input_w0"
[2021-06-23 16:20:02][thread_sync: 92][SyncOPCUARedis][[1;37mINFO[0m] "node_id_redis ST_20033-10_SMBPLC.Main.digital_output_w0"
[2021-06-23 16:20:02][thread_sync: 92][SyncOPCUARedis][[1;37mINFO[0m] "node_id_redis ST_20033-10_SMBPLC.Main.event_coil_w0"
[2021-06-23 16:20:02][thread_sync: 82][SyncOPCUARedis][[1;37mINFO[0m] "keys_data: OrderedDict([('ST_20033-10_SMBPLC.Main.ser_id', 0), ('ST_20033-10_SMBPLC.Main.digital_input_w0', 0), ('ST_20033-10_SMBPLC.Main.digital_output_w0', 0), ('ST_20033-10_SMBPLC.Main.event_coil_w0', 0)])"
[2021-06-23 16:28:52][thread_sync: 82][SyncOPCUARedis][[1;37mINFO[0m] "keys_data: OrderedDict([('BU_20033-1-2_SMBPLC.Main.ser_id', None), ('BU_20033-1-2_SMBPLC.Main.digital_input_w0', None), ('BU_20033-1-2_SMBPLC.Main.digital_output_w0', None), ('BU_20033-1-2_SMBPLC.Main.event_coil_w0', None)])"
[2021-06-23 16:34:32][thread_sync: 82][SyncOPCUARedis][[1;37mINFO[0m] "keys_data: OrderedDict([('ST_20033-10_SMBPLC.Main.ser_id', 0), ('ST_20033-10_SMBPLC.Main.digital_input_w0', 0), ('ST_20033-10_SMBPLC.Main.digital_output_w0', 0), ('ST_20033-10_SMBPLC.Main.event_coil_w0', 0)])"
[2021-06-23 16:38:24][thread_sync: 82][SyncOPCUARedis][[1;37mINFO[0m] "keys_data: OrderedDict([('ST_20033-10_SMBPLC.Main.ser_id', 0), ('ST_20033-10_SMBPLC.Main.digital_input_w0', 0), ('ST_20033-10_SMBPLC.Main.digital_output_w0', 0), ('ST_20033-10_SMBPLC.Main.event_coil_w0', 0)])"
[2021-06-23 16:39:45][thread_sync: 82][SyncOPCUARedis][[1;37mINFO[0m] "keys_data: OrderedDict([('ST_20033-10_SMBPLC.Main.ser_id', 0), ('ST_20033-10_SMBPLC.Main.digital_input_w0', 0), ('ST_20033-10_SMBPLC.Main.digital_output_w0', 0), ('ST_20033-10_SMBPLC.Main.event_coil_w0', 0)])"
[2021-06-23 16:46:46][thread_sync: 82][SyncOPCUARedis][[1;37mINFO[0m] "keys_data: OrderedDict([('ST_20033-10_SMBPLC.Main.ser_id', 0), ('ST_20033-10_SMBPLC.Main.digital_input_w0', 0), ('ST_20033-10_SMBPLC.Main.digital_output_w0', 0), ('ST_20033-10_SMBPLC.Main.event_coil_w0', 0)])"
[2021-06-23 16:48:49][thread_sync: 82][SyncOPCUARedis][[1;37mINFO[0m] "keys_data: OrderedDict([('ST_20033-10_SMBPLC.Main.ser_id', 0), ('ST_20033-10_SMBPLC.Main.digital_input_w0', 0), ('ST_20033-10_SMBPLC.Main.digital_output_w0', 0), ('ST_20033-10_SMBPLC.Main.event_coil_w0', 0)])"
[2021-06-23 16:50:10][thread_sync: 82][SyncOPCUARedis][[1;37mINFO[0m] "keys_data: OrderedDict([('ST_20033-12_SMBPLC.Main.ser_id', None), ('ST_20033-12_SMBPLC.Main.digital_input_w0', None), ('ST_20033-12_SMBPLC.Main.digital_output_w0', None), ('ST_20033-12_SMBPLC.Main.event_coil_w0', None)])"
[2021-06-23 16:51:57][thread_sync: 82][SyncOPCUARedis][[1;37mINFO[0m] "keys_data: OrderedDict([('ST_20033-10_SMBPLC.Main.ser_id', 0), ('ST_20033-10_SMBPLC.Main.digital_input_w0', 0), ('ST_20033-10_SMBPLC.Main.digital_output_w0', 0), ('ST_20033-10_SMBPLC.Main.event_coil_w0', 0)])"
[2021-06-24 09:51:00][thread_sync: 82][SyncOPCUARedis][[1;37mINFO[0m] "keys_data: OrderedDict([('ST_20033-10_SMBPLC.Main.ser_id', 0), ('ST_20033-10_SMBPLC.Main.digital_input_w0', 0), ('ST_20033-10_SMBPLC.Main.digital_output_w0', 0), ('ST_20033-10_SMBPLC.Main.event_coil_w0', 0)])"
[2021-06-24 09:53:54][thread_sync: 82][SyncOPCUARedis][[1;37mINFO[0m] "keys_data: OrderedDict([('ST_20033-10_SMBPLC.Main.ser_id', 0), ('ST_20033-10_SMBPLC.Main.digital_input_w0', 0), ('ST_20033-10_SMBPLC.Main.digital_output_w0', 0), ('ST_20033-10_SMBPLC.Main.event_coil_w0', 0)])"
[2021-06-24 09:55:45][thread_sync: 82][SyncOPCUARedis][[1;37mINFO[0m] "keys_data: OrderedDict([('ST_20033-10_SMBPLC.Main.ser_id', 0), ('ST_20033-10_SMBPLC.Main.digital_input_w0', 0), ('ST_20033-10_SMBPLC.Main.digital_output_w0', 0), ('ST_20033-10_SMBPLC.Main.event_coil_w0', 0)])"
[2021-06-24 10:03:02][thread_sync: 82][SyncOPCUARedis][[1;37mINFO[0m] "keys_data: OrderedDict([('ST_20033-10_SMBPLC.Main.ser_id', 0), ('ST_20033-10_SMBPLC.Main.digital_input_w0', 0), ('ST_20033-10_SMBPLC.Main.digital_output_w0', 0), ('ST_20033-10_SMBPLC.Main.event_coil_w0', 0)])"
[2021-06-24 10:20:45][thread_sync: 82][SyncOPCUARedis][[1;37mINFO[0m] "keys_data: OrderedDict([('ST_20033-10_SMBPLC.Main.ser_id', 0), ('ST_20033-10_SMBPLC.Main.digital_input_w0', 0), ('ST_20033-10_SMBPLC.Main.digital_output_w0', 0), ('ST_20033-10_SMBPLC.Main.event_coil_w0', 0)])"
[2021-06-24 10:24:16][thread_sync: 82][SyncOPCUARedis][[1;37mINFO[0m] "keys_data: OrderedDict([('ST_20033-10_SMBPLC.Main.ser_id', 0), ('ST_20033-10_SMBPLC.Main.digital_input_w0', 0), ('ST_20033-10_SMBPLC.Main.digital_output_w0', 0), ('ST_20033-10_SMBPLC.Main.event_coil_w0', 0)])"
[2021-06-24 10:30:50][thread_sync: 82][SyncOPCUARedis][[1;37mINFO[0m] "keys_data: OrderedDict([('ST_20033-10_SMBPLC.Main.ser_id', 0), ('ST_20033-10_SMBPLC.Main.digital_input_w0', 0), ('ST_20033-10_SMBPLC.Main.digital_output_w0', 0), ('ST_20033-10_SMBPLC.Main.event_coil_w0', 0)])"
[2021-06-24 10:50:55][thread_sync: 82][SyncOPCUARedis][[1;37mINFO[0m] "keys_data: OrderedDict([('ST_20033-10_SMBPLC.Main.ser_id', 0), ('ST_20033-10_SMBPLC.Main.digital_input_w0', 0), ('ST_20033-10_SMBPLC.Main.digital_output_w0', 0), ('ST_20033-10_SMBPLC.Main.event_coil_w0', 0)])"
[2021-06-24 10:57:28][thread_sync: 82][SyncOPCUARedis][[1;37mINFO[0m] "keys_data: OrderedDict([('ST_20033-10_SMBPLC.Main.ser_id', 0), ('ST_20033-10_SMBPLC.Main.digital_input_w0', 0), ('ST_20033-10_SMBPLC.Main.digital_output_w0', 0), ('ST_20033-10_SMBPLC.Main.event_coil_w0', 0)])"
[2021-06-24 11:09:28][thread_sync: 82][SyncOPCUARedis][[1;37mINFO[0m] "keys_data: OrderedDict([('ST_20033-10_SMBPLC.Main.ser_id', 0), ('ST_20033-10_SMBPLC.Main.digital_input_w0', 0), ('ST_20033-10_SMBPLC.Main.digital_output_w0', 0), ('ST_20033-10_SMBPLC.Main.event_coil_w0', 0)])"
[2021-06-24 11:10:13][thread_sync: 82][SyncOPCUARedis][[1;37mINFO[0m] "keys_data: OrderedDict([('ST_20033-13_SMBPLC.Main.ser_id', None), ('ST_20033-13_SMBPLC.Main.digital_input_w0', None), ('ST_20033-13_SMBPLC.Main.digital_output_w0', None), ('ST_20033-13_SMBPLC.Main.event_coil_w0', None)])"
[2021-06-24 11:10:30][thread_sync: 82][SyncOPCUARedis][[1;37mINFO[0m] "keys_data: OrderedDict([('ST_20033-11_SMBPLC.Main.ser_id', None), ('ST_20033-11_SMBPLC.Main.digital_input_w0', None), ('ST_20033-11_SMBPLC.Main.digital_output_w0', None), ('ST_20033-11_SMBPLC.Main.event_coil_w0', None)])"
[2021-06-24 11:14:34][thread_sync: 82][SyncOPCUARedis][[1;37mINFO[0m] "keys_data: OrderedDict([('ST_20033-10_SMBPLC.Main.ser_id', 0), ('ST_20033-10_SMBPLC.Main.digital_input_w0', 0), ('ST_20033-10_SMBPLC.Main.digital_output_w0', 0), ('ST_20033-10_SMBPLC.Main.event_coil_w0', 0)])"
[2021-06-24 11:14:47][thread_sync: 82][SyncOPCUARedis][[1;37mINFO[0m] "keys_data: OrderedDict([('ST_20033-13_SMBPLC.Main.ser_id', None), ('ST_20033-13_SMBPLC.Main.digital_input_w0', None), ('ST_20033-13_SMBPLC.Main.digital_output_w0', None), ('ST_20033-13_SMBPLC.Main.event_coil_w0', None)])"
[2021-06-24 11:17:14][thread_sync: 82][SyncOPCUARedis][[1;37mINFO[0m] "keys_data: OrderedDict([('ST_20033-10_SMBPLC.Main.ser_id', 0), ('ST_20033-10_SMBPLC.Main.digital_input_w0', 0), ('ST_20033-10_SMBPLC.Main.digital_output_w0', 0), ('ST_20033-10_SMBPLC.Main.event_coil_w0', 0)])"
[2021-06-24 11:17:14][thread_sync: 82][SyncOPCUARedis][[1;37mINFO[0m] "keys_data: OrderedDict([('ST_20033-10_SMBPLC.Main.ser_id', 0), ('ST_20033-10_SMBPLC.Main.digital_input_w0', 0), ('ST_20033-10_SMBPLC.Main.digital_output_w0', 0), ('ST_20033-10_SMBPLC.Main.event_coil_w0', 0)])"
[2021-06-24 11:26:08][thread_sync: 82][SyncOPCUARedis][[1;37mINFO[0m] "keys_data: OrderedDict([('BU_20033-1-3_SMBPLC.Main.ser_id', None), ('BU_20033-1-3_SMBPLC.Main.digital_input_w0', None), ('BU_20033-1-3_SMBPLC.Main.digital_output_w0', None), ('BU_20033-1-3_SMBPLC.Main.event_coil_w0', None)])"
[2021-06-24 11:26:13][thread_sync: 82][SyncOPCUARedis][[1;37mINFO[0m] "keys_data: OrderedDict([('ST_20033-10_SMBPLC.Main.ser_id', 0), ('ST_20033-10_SMBPLC.Main.digital_input_w0', 0), ('ST_20033-10_SMBPLC.Main.digital_output_w0', 0), ('ST_20033-10_SMBPLC.Main.event_coil_w0', 0)])"
[2021-06-24 11:43:58][thread_sync: 82][SyncOPCUARedis][[1;37mINFO[0m] "keys_data: OrderedDict([('ST_20033-10_SMBPLC.Main.ser_id', 0), ('ST_20033-10_SMBPLC.Main.digital_input_w0', 0), ('ST_20033-10_SMBPLC.Main.digital_output_w0', 0), ('ST_20033-10_SMBPLC.Main.event_coil_w0', 0)])"
[2021-06-24 11:44:04][thread_sync: 82][SyncOPCUARedis][[1;37mINFO[0m] "keys_data: OrderedDict([('ST_20033-14_SMBPLC.Main.ser_id', None), ('ST_20033-14_SMBPLC.Main.digital_input_w0', None), ('ST_20033-14_SMBPLC.Main.digital_output_w0', None), ('ST_20033-14_SMBPLC.Main.event_coil_w0', None)])"
[2021-06-24 11:44:12][thread_sync: 82][SyncOPCUARedis][[1;37mINFO[0m] "keys_data: OrderedDict([('ST_20033-10_SMBPLC.Main.ser_id', 0), ('ST_20033-10_SMBPLC.Main.digital_input_w0', 0), ('ST_20033-10_SMBPLC.Main.digital_output_w0', 0), ('ST_20033-10_SMBPLC.Main.event_coil_w0', 0)])"
[2021-06-24 11:44:39][thread_sync: 82][SyncOPCUARedis][[1;37mINFO[0m] "keys_data: OrderedDict([('ST_20033-15_SMBPLC.Main.ser_id', None), ('ST_20033-15_SMBPLC.Main.digital_input_w0', None), ('ST_20033-15_SMBPLC.Main.digital_output_w0', None), ('ST_20033-15_SMBPLC.Main.event_coil_w0', None)])"
[2021-06-24 13:41:38][thread_sync: 82][SyncOPCUARedis][[1;37mINFO[0m] "keys_data: OrderedDict([('ST_20033-10_SMBPLC.Main.ser_id', 0), ('ST_20033-10_SMBPLC.Main.digital_input_w0', 0), ('ST_20033-10_SMBPLC.Main.digital_output_w0', 0), ('ST_20033-10_SMBPLC.Main.event_coil_w0', 0)])"
[2021-06-24 14:05:57][thread_sync: 82][SyncOPCUARedis][[1;37mINFO[0m] "keys_data: OrderedDict([('ST_20033-10_SMBPLC.Main.ser_id', 0), ('ST_20033-10_SMBPLC.Main.digital_input_w0', 0), ('ST_20033-10_SMBPLC.Main.digital_output_w0', 0), ('ST_20033-10_SMBPLC.Main.event_coil_w0', 0)])"
[2021-06-24 14:05:57][thread_sync: 82][SyncOPCUARedis][[1;37mINFO[0m] "keys_data: OrderedDict([('ST_20033-10_SMBPLC.Main.ser_id', 0), ('ST_20033-10_SMBPLC.Main.digital_input_w0', 0), ('ST_20033-10_SMBPLC.Main.digital_output_w0', 0), ('ST_20033-10_SMBPLC.Main.event_coil_w0', 0)])"
[2021-06-24 14:06:09][thread_sync: 82][SyncOPCUARedis][[1;37mINFO[0m] "keys_data: OrderedDict([('ST_20033-12_SMBPLC.Main.ser_id', None), ('ST_20033-12_SMBPLC.Main.digital_input_w0', None), ('ST_20033-12_SMBPLC.Main.digital_output_w0', None), ('ST_20033-12_SMBPLC.Main.event_coil_w0', None)])"
[2021-06-24 14:06:09][thread_sync: 82][SyncOPCUARedis][[1;37mINFO[0m] "keys_data: OrderedDict([('ST_20033-12_SMBPLC.Main.ser_id', None), ('ST_20033-12_SMBPLC.Main.digital_input_w0', None), ('ST_20033-12_SMBPLC.Main.digital_output_w0', None), ('ST_20033-12_SMBPLC.Main.event_coil_w0', None)])"
[2021-06-24 14:09:29][thread_sync: 82][SyncOPCUARedis][[1;37mINFO[0m] "keys_data: OrderedDict([('ST_20033-10_SMBPLC.Main.ser_id', 0), ('ST_20033-10_SMBPLC.Main.digital_input_w0', 0), ('ST_20033-10_SMBPLC.Main.digital_output_w0', 0), ('ST_20033-10_SMBPLC.Main.event_coil_w0', 0)])"
[2021-06-24 14:09:32][thread_sync: 82][SyncOPCUARedis][[1;37mINFO[0m] "keys_data: OrderedDict([('ST_20033-10_SMBPLC.Main.ser_id', 0), ('ST_20033-10_SMBPLC.Main.digital_input_w0', 0), ('ST_20033-10_SMBPLC.Main.digital_output_w0', 0), ('ST_20033-10_SMBPLC.Main.event_coil_w0', 0)])"
[2021-06-24 14:09:41][thread_sync: 82][SyncOPCUARedis][[1;37mINFO[0m] "keys_data: OrderedDict([('ST_20033-13_SMBPLC.Main.ser_id', None), ('ST_20033-13_SMBPLC.Main.digital_input_w0', None), ('ST_20033-13_SMBPLC.Main.digital_output_w0', None), ('ST_20033-13_SMBPLC.Main.event_coil_w0', None)])"
[2021-06-24 14:09:44][thread_sync: 82][SyncOPCUARedis][[1;37mINFO[0m] "keys_data: OrderedDict([('ST_20033-13_SMBPLC.Main.ser_id', None), ('ST_20033-13_SMBPLC.Main.digital_input_w0', None), ('ST_20033-13_SMBPLC.Main.digital_output_w0', None), ('ST_20033-13_SMBPLC.Main.event_coil_w0', None)])"
[2021-06-24 14:11:02][thread_sync: 82][SyncOPCUARedis][[1;37mINFO[0m] "keys_data: OrderedDict([('ST_20033-10_SMBPLC.Main.ser_id', 0), ('ST_20033-10_SMBPLC.Main.digital_input_w0', 0), ('ST_20033-10_SMBPLC.Main.digital_output_w0', 0), ('ST_20033-10_SMBPLC.Main.event_coil_w0', 0)])"
[2021-06-24 14:11:05][thread_sync: 82][SyncOPCUARedis][[1;37mINFO[0m] "keys_data: OrderedDict([('ST_20033-10_SMBPLC.Main.ser_id', 0), ('ST_20033-10_SMBPLC.Main.digital_input_w0', 0), ('ST_20033-10_SMBPLC.Main.digital_output_w0', 0), ('ST_20033-10_SMBPLC.Main.event_coil_w0', 0)])"
[2021-06-24 14:11:26][thread_sync: 82][SyncOPCUARedis][[1;37mINFO[0m] "keys_data: OrderedDict([('ST_20033-13_SMBPLC.Main.ser_id', None), ('ST_20033-13_SMBPLC.Main.digital_input_w0', None), ('ST_20033-13_SMBPLC.Main.digital_output_w0', None), ('ST_20033-13_SMBPLC.Main.event_coil_w0', None)])"
[2021-06-24 14:11:29][thread_sync: 82][SyncOPCUARedis][[1;37mINFO[0m] "keys_data: OrderedDict([('ST_20033-13_SMBPLC.Main.ser_id', None), ('ST_20033-13_SMBPLC.Main.digital_input_w0', None), ('ST_20033-13_SMBPLC.Main.digital_output_w0', None), ('ST_20033-13_SMBPLC.Main.event_coil_w0', None)])"
[2021-06-24 14:11:56][thread_sync: 82][SyncOPCUARedis][[1;37mINFO[0m] "keys_data: OrderedDict([('ST_20033-11_SMBPLC.Main.ser_id', None), ('ST_20033-11_SMBPLC.Main.digital_input_w0', None), ('ST_20033-11_SMBPLC.Main.digital_output_w0', None), ('ST_20033-11_SMBPLC.Main.event_coil_w0', None)])"
[2021-06-24 14:11:59][thread_sync: 82][SyncOPCUARedis][[1;37mINFO[0m] "keys_data: OrderedDict([('ST_20033-11_SMBPLC.Main.ser_id', None), ('ST_20033-11_SMBPLC.Main.digital_input_w0', None), ('ST_20033-11_SMBPLC.Main.digital_output_w0', None), ('ST_20033-11_SMBPLC.Main.event_coil_w0', None)])"
[2021-06-24 14:17:12][thread_sync: 82][SyncOPCUARedis][[1;37mINFO[0m] "keys_data: OrderedDict([('ST_20033-10_SMBPLC.Main.ser_id', 0), ('ST_20033-10_SMBPLC.Main.digital_input_w0', 0), ('ST_20033-10_SMBPLC.Main.digital_output_w0', 0), ('ST_20033-10_SMBPLC.Main.event_coil_w0', 0)])"
[2021-06-24 14:17:28][thread_sync: 82][SyncOPCUARedis][[1;37mINFO[0m] "keys_data: OrderedDict([('ST_20033-12_SMBPLC.Main.ser_id', None), ('ST_20033-12_SMBPLC.Main.digital_input_w0', None), ('ST_20033-12_SMBPLC.Main.digital_output_w0', None), ('ST_20033-12_SMBPLC.Main.event_coil_w0', None)])"
[2021-06-24 14:17:49][thread_sync: 82][SyncOPCUARedis][[1;37mINFO[0m] "keys_data: OrderedDict([('ST_20033-10_SMBPLC.Main.ser_id', 0), ('ST_20033-10_SMBPLC.Main.digital_input_w0', 0), ('ST_20033-10_SMBPLC.Main.digital_output_w0', 0), ('ST_20033-10_SMBPLC.Main.event_coil_w0', 0)])"
[2021-06-28 11:05:20][thread_sync: 82][SyncOPCUARedis][[1;37mINFO[0m] "keys_data: OrderedDict([('ST_20033-10_SMBPLC.Main.ser_id', 0), ('ST_20033-10_SMBPLC.Main.digital_input_w0', 0), ('ST_20033-10_SMBPLC.Main.digital_output_w0', 0), ('ST_20033-10_SMBPLC.Main.event_coil_w0', 0)])"
[2021-06-28 11:05:50][thread_sync: 82][SyncOPCUARedis][[1;37mINFO[0m] "keys_data: OrderedDict([('ST_20033-10_SMBPLC.Main.ser_id', 0), ('ST_20033-10_SMBPLC.Main.digital_input_w0', 0), ('ST_20033-10_SMBPLC.Main.digital_output_w0', 0), ('ST_20033-10_SMBPLC.Main.event_coil_w0', 0)])"
