[2021-06-18 09:02:44][ua_config_parser: 77][UAConfigParser][[1;34mDEBUG[0m] "namespaces{'st_smb_main': 'PNR OPC UA Server'}"
[2021-06-18 09:02:44][ua_config_parser: 77][UAConfigParser][[1;34mDEBUG[0m] "namespaces{'st_smb_main': 'PNR OPC UA Server'}"
[2021-06-18 09:02:44][ua_config_parser: 77][UAConfigParser][[1;34mDEBUG[0m] "namespaces{'st_smb_main': 'PNR OPC UA Server'}"
[2021-06-18 09:02:44][ua_config_parser: 77][UAConfigParser][[1;34mDEBUG[0m] "namespaces{'st_smb_main': 'PNR OPC UA Server'}"
[2021-06-18 09:02:44][ua_config_parser: 77][UAConfigParser][[1;34mDEBUG[0m] "namespaces{'st_smb_main': 'PNR OPC UA Server'}"
[2021-06-18 09:02:44][ua_config_parser: 77][UAConfigParser][[1;34mDEBUG[0m] "namespaces{'st_smb_main': 'PNR OPC UA Server', 'tc1': 'PNR OPC UA Server'}"
[2021-06-18 09:02:44][ua_config_parser: 77][UAConfigParser][[1;34mDEBUG[0m] "namespaces{'st_smb_main': 'PNR OPC UA Server', 'tc1': 'PNR OPC UA Server'}"
[2021-06-18 09:02:44][ua_config_parser: 77][UAConfigParser][[1;34mDEBUG[0m] "namespaces{'st_smb_main': 'PNR OPC UA Server', 'tc1': 'PNR OPC UA Server'}"
[2021-06-18 09:02:44][ua_config_parser: 77][UAConfigParser][[1;34mDEBUG[0m] "namespaces{'st_smb_main': 'PNR OPC UA Server', 'tc1': 'PNR OPC UA Server', 'tc2': 'PNR OPC UA Server'}"
[2021-06-18 09:02:44][ua_config_parser: 77][UAConfigParser][[1;34mDEBUG[0m] "namespaces{'st_smb_main': 'PNR OPC UA Server', 'tc1': 'PNR OPC UA Server', 'tc2': 'PNR OPC UA Server'}"
[2021-06-18 09:02:44][ua_config_parser: 77][UAConfigParser][[1;34mDEBUG[0m] "namespaces{'st_smb_main': 'PNR OPC UA Server', 'tc1': 'PNR OPC UA Server', 'tc2': 'PNR OPC UA Server'}"
[2021-06-18 09:02:44][ua_config_parser: 77][UAConfigParser][[1;34mDEBUG[0m] "namespaces{'st_smb_main': 'PNR OPC UA Server', 'tc1': 'PNR OPC UA Server', 'tc2': 'PNR OPC UA Server', 'ex_main': 'PNR OPC UA Server'}"
[2021-06-18 09:02:44][ua_config_parser: 77][UAConfigParser][[1;34mDEBUG[0m] "namespaces{'st_smb_main': 'PNR OPC UA Server', 'tc1': 'PNR OPC UA Server', 'tc2': 'PNR OPC UA Server', 'ex_main': 'PNR OPC UA Server'}"
[2021-06-18 09:02:44][ua_config_parser: 77][UAConfigParser][[1;34mDEBUG[0m] "namespaces{'st_smb_main': 'PNR OPC UA Server', 'tc1': 'PNR OPC UA Server', 'tc2': 'PNR OPC UA Server', 'ex_main': 'PNR OPC UA Server'}"
[2021-06-18 09:02:44][ua_config_parser: 77][UAConfigParser][[1;34mDEBUG[0m] "namespaces{'st_smb_main': 'PNR OPC UA Server', 'tc1': 'PNR OPC UA Server', 'tc2': 'PNR OPC UA Server', 'ex_main': 'PNR OPC UA Server', 'ex_smb_main': 'PNR OPC UA Server'}"
[2021-06-18 09:02:44][ua_config_parser: 77][UAConfigParser][[1;34mDEBUG[0m] "namespaces{'st_smb_main': 'PNR OPC UA Server', 'tc1': 'PNR OPC UA Server', 'tc2': 'PNR OPC UA Server', 'ex_main': 'PNR OPC UA Server', 'ex_smb_main': 'PNR OPC UA Server'}"
[2021-06-18 09:02:44][ua_config_parser: 77][UAConfigParser][[1;34mDEBUG[0m] "namespaces{'st_smb_main': 'PNR OPC UA Server', 'tc1': 'PNR OPC UA Server', 'tc2': 'PNR OPC UA Server', 'ex_main': 'PNR OPC UA Server', 'ex_smb_main': 'PNR OPC UA Server'}"
[2021-06-18 09:02:44][ua_config_parser: 91][UAConfigParser][[1;34mDEBUG[0m] "namespaces_uris:['PNR OPC UA Server']"
[2021-06-18 09:02:44][ua_config_parser: 145][UAConfigParser][[1;34mDEBUG[0m] "node_object_fresh: ns=2;s=st_20033-40_smbplc.main i=85"
[2021-06-18 09:02:44][ua_config_parser: 145][UAConfigParser][[1;34mDEBUG[0m] "node_object_fresh: ns=2;s=st_20033-40_smbplc.main.ser_id ns=2;s=st_20033-40_smbplc.main"
[2021-06-18 09:02:44][ua_config_parser: 145][UAConfigParser][[1;34mDEBUG[0m] "node_object_fresh: ns=2;s=st_20033-40_smbplc.main.digital_input_w0 ns=2;s=st_20033-40_smbplc.main"
[2021-06-18 09:02:44][ua_config_parser: 145][UAConfigParser][[1;34mDEBUG[0m] "node_object_fresh: ns=2;s=ex_20033-35_smbplc.tc1 i=85"
[2021-06-18 09:02:44][ua_config_parser: 145][UAConfigParser][[1;34mDEBUG[0m] "node_object_fresh: ns=2;s=ex_20033-18_smbplc.tc2 i=85"
[2021-06-18 09:02:44][ua_config_parser: 145][UAConfigParser][[1;34mDEBUG[0m] "node_object_fresh: ns=2;s=ex_20029_main.main i=85"
[2021-06-18 09:02:44][ua_config_parser: 145][UAConfigParser][[1;34mDEBUG[0m] "node_object_fresh: ns=2;s=ex_20033-35_smbplc.main i=85"
[2021-06-18 09:08:48][ua_config_parser: 77][UAConfigParser][[1;34mDEBUG[0m] "namespaces{'st_smb_main': 'PNR OPC UA Server'}"
[2021-06-18 09:08:48][ua_config_parser: 77][UAConfigParser][[1;34mDEBUG[0m] "namespaces{'st_smb_main': 'PNR OPC UA Server'}"
[2021-06-18 09:08:48][ua_config_parser: 77][UAConfigParser][[1;34mDEBUG[0m] "namespaces{'st_smb_main': 'PNR OPC UA Server'}"
[2021-06-18 09:08:48][ua_config_parser: 77][UAConfigParser][[1;34mDEBUG[0m] "namespaces{'st_smb_main': 'PNR OPC UA Server'}"
[2021-06-18 09:08:48][ua_config_parser: 77][UAConfigParser][[1;34mDEBUG[0m] "namespaces{'st_smb_main': 'PNR OPC UA Server'}"
[2021-06-18 09:08:48][ua_config_parser: 77][UAConfigParser][[1;34mDEBUG[0m] "namespaces{'st_smb_main': 'PNR OPC UA Server', 'tc1': 'PNR OPC UA Server'}"
[2021-06-18 09:08:48][ua_config_parser: 77][UAConfigParser][[1;34mDEBUG[0m] "namespaces{'st_smb_main': 'PNR OPC UA Server', 'tc1': 'PNR OPC UA Server'}"
[2021-06-18 09:08:48][ua_config_parser: 77][UAConfigParser][[1;34mDEBUG[0m] "namespaces{'st_smb_main': 'PNR OPC UA Server', 'tc1': 'PNR OPC UA Server'}"
[2021-06-18 09:08:48][ua_config_parser: 77][UAConfigParser][[1;34mDEBUG[0m] "namespaces{'st_smb_main': 'PNR OPC UA Server', 'tc1': 'PNR OPC UA Server', 'tc2': 'PNR OPC UA Server'}"
[2021-06-18 09:08:48][ua_config_parser: 77][UAConfigParser][[1;34mDEBUG[0m] "namespaces{'st_smb_main': 'PNR OPC UA Server', 'tc1': 'PNR OPC UA Server', 'tc2': 'PNR OPC UA Server'}"
[2021-06-18 09:08:48][ua_config_parser: 77][UAConfigParser][[1;34mDEBUG[0m] "namespaces{'st_smb_main': 'PNR OPC UA Server', 'tc1': 'PNR OPC UA Server', 'tc2': 'PNR OPC UA Server'}"
[2021-06-18 09:08:48][ua_config_parser: 77][UAConfigParser][[1;34mDEBUG[0m] "namespaces{'st_smb_main': 'PNR OPC UA Server', 'tc1': 'PNR OPC UA Server', 'tc2': 'PNR OPC UA Server', 'ex_main': 'PNR OPC UA Server'}"
[2021-06-18 09:08:48][ua_config_parser: 77][UAConfigParser][[1;34mDEBUG[0m] "namespaces{'st_smb_main': 'PNR OPC UA Server', 'tc1': 'PNR OPC UA Server', 'tc2': 'PNR OPC UA Server', 'ex_main': 'PNR OPC UA Server'}"
[2021-06-18 09:08:48][ua_config_parser: 77][UAConfigParser][[1;34mDEBUG[0m] "namespaces{'st_smb_main': 'PNR OPC UA Server', 'tc1': 'PNR OPC UA Server', 'tc2': 'PNR OPC UA Server', 'ex_main': 'PNR OPC UA Server'}"
[2021-06-18 09:08:48][ua_config_parser: 77][UAConfigParser][[1;34mDEBUG[0m] "namespaces{'st_smb_main': 'PNR OPC UA Server', 'tc1': 'PNR OPC UA Server', 'tc2': 'PNR OPC UA Server', 'ex_main': 'PNR OPC UA Server', 'ex_smb_main': 'PNR OPC UA Server'}"
[2021-06-18 09:08:48][ua_config_parser: 77][UAConfigParser][[1;34mDEBUG[0m] "namespaces{'st_smb_main': 'PNR OPC UA Server', 'tc1': 'PNR OPC UA Server', 'tc2': 'PNR OPC UA Server', 'ex_main': 'PNR OPC UA Server', 'ex_smb_main': 'PNR OPC UA Server'}"
[2021-06-18 09:08:48][ua_config_parser: 77][UAConfigParser][[1;34mDEBUG[0m] "namespaces{'st_smb_main': 'PNR OPC UA Server', 'tc1': 'PNR OPC UA Server', 'tc2': 'PNR OPC UA Server', 'ex_main': 'PNR OPC UA Server', 'ex_smb_main': 'PNR OPC UA Server'}"
[2021-06-18 09:08:48][ua_config_parser: 91][UAConfigParser][[1;34mDEBUG[0m] "namespaces_uris:['PNR OPC UA Server']"
[2021-06-18 09:08:48][ua_config_parser: 145][UAConfigParser][[1;34mDEBUG[0m] "node_object_fresh: ns=2;s=st_20033-40_smbplc.main i=85"
[2021-06-18 09:08:48][ua_config_parser: 145][UAConfigParser][[1;34mDEBUG[0m] "node_object_fresh: ns=2;s=st_20033-40_smbplc.main.ser_id ns=2;s=st_20033-40_smbplc.main"
[2021-06-18 09:08:48][ua_config_parser: 145][UAConfigParser][[1;34mDEBUG[0m] "node_object_fresh: ns=2;s=st_20033-40_smbplc.main.digital_input_w0 ns=2;s=st_20033-40_smbplc.main"
[2021-06-18 09:08:48][ua_config_parser: 145][UAConfigParser][[1;34mDEBUG[0m] "node_object_fresh: ns=2;s=ex_20033-35_smbplc.tc1 i=85"
[2021-06-18 09:08:48][ua_config_parser: 145][UAConfigParser][[1;34mDEBUG[0m] "node_object_fresh: ns=2;s=ex_20033-18_smbplc.tc2 i=85"
[2021-06-18 09:08:48][ua_config_parser: 145][UAConfigParser][[1;34mDEBUG[0m] "node_object_fresh: ns=2;s=ex_20029_main.main i=85"
[2021-06-18 09:08:48][ua_config_parser: 145][UAConfigParser][[1;34mDEBUG[0m] "node_object_fresh: ns=2;s=ex_20033-35_smbplc.main i=85"
[2021-06-18 09:14:34][ua_config_parser: 77][UAConfigParser][[1;34mDEBUG[0m] "namespaces{'st_smb_main': 'PNR OPC UA Server'}"
[2021-06-18 09:14:34][ua_config_parser: 77][UAConfigParser][[1;34mDEBUG[0m] "namespaces{'st_smb_main': 'PNR OPC UA Server'}"
[2021-06-18 09:14:34][ua_config_parser: 77][UAConfigParser][[1;34mDEBUG[0m] "namespaces{'st_smb_main': 'PNR OPC UA Server'}"
[2021-06-18 09:14:34][ua_config_parser: 77][UAConfigParser][[1;34mDEBUG[0m] "namespaces{'st_smb_main': 'PNR OPC UA Server'}"
[2021-06-18 09:14:34][ua_config_parser: 77][UAConfigParser][[1;34mDEBUG[0m] "namespaces{'st_smb_main': 'PNR OPC UA Server'}"
[2021-06-18 09:14:34][ua_config_parser: 77][UAConfigParser][[1;34mDEBUG[0m] "namespaces{'st_smb_main': 'PNR OPC UA Server', 'tc1': 'PNR OPC UA Server'}"
[2021-06-18 09:14:34][ua_config_parser: 77][UAConfigParser][[1;34mDEBUG[0m] "namespaces{'st_smb_main': 'PNR OPC UA Server', 'tc1': 'PNR OPC UA Server'}"
[2021-06-18 09:14:34][ua_config_parser: 77][UAConfigParser][[1;34mDEBUG[0m] "namespaces{'st_smb_main': 'PNR OPC UA Server', 'tc1': 'PNR OPC UA Server'}"
[2021-06-18 09:14:34][ua_config_parser: 77][UAConfigParser][[1;34mDEBUG[0m] "namespaces{'st_smb_main': 'PNR OPC UA Server', 'tc1': 'PNR OPC UA Server', 'tc2': 'PNR OPC UA Server'}"
[2021-06-18 09:14:34][ua_config_parser: 77][UAConfigParser][[1;34mDEBUG[0m] "namespaces{'st_smb_main': 'PNR OPC UA Server', 'tc1': 'PNR OPC UA Server', 'tc2': 'PNR OPC UA Server'}"
[2021-06-18 09:14:34][ua_config_parser: 77][UAConfigParser][[1;34mDEBUG[0m] "namespaces{'st_smb_main': 'PNR OPC UA Server', 'tc1': 'PNR OPC UA Server', 'tc2': 'PNR OPC UA Server'}"
[2021-06-18 09:14:34][ua_config_parser: 77][UAConfigParser][[1;34mDEBUG[0m] "namespaces{'st_smb_main': 'PNR OPC UA Server', 'tc1': 'PNR OPC UA Server', 'tc2': 'PNR OPC UA Server', 'ex_main': 'PNR OPC UA Server'}"
[2021-06-18 09:14:34][ua_config_parser: 77][UAConfigParser][[1;34mDEBUG[0m] "namespaces{'st_smb_main': 'PNR OPC UA Server', 'tc1': 'PNR OPC UA Server', 'tc2': 'PNR OPC UA Server', 'ex_main': 'PNR OPC UA Server'}"
[2021-06-18 09:14:34][ua_config_parser: 77][UAConfigParser][[1;34mDEBUG[0m] "namespaces{'st_smb_main': 'PNR OPC UA Server', 'tc1': 'PNR OPC UA Server', 'tc2': 'PNR OPC UA Server', 'ex_main': 'PNR OPC UA Server'}"
[2021-06-18 09:14:34][ua_config_parser: 77][UAConfigParser][[1;34mDEBUG[0m] "namespaces{'st_smb_main': 'PNR OPC UA Server', 'tc1': 'PNR OPC UA Server', 'tc2': 'PNR OPC UA Server', 'ex_main': 'PNR OPC UA Server', 'ex_smb_main': 'PNR OPC UA Server'}"
[2021-06-18 09:14:34][ua_config_parser: 77][UAConfigParser][[1;34mDEBUG[0m] "namespaces{'st_smb_main': 'PNR OPC UA Server', 'tc1': 'PNR OPC UA Server', 'tc2': 'PNR OPC UA Server', 'ex_main': 'PNR OPC UA Server', 'ex_smb_main': 'PNR OPC UA Server'}"
[2021-06-18 09:14:34][ua_config_parser: 77][UAConfigParser][[1;34mDEBUG[0m] "namespaces{'st_smb_main': 'PNR OPC UA Server', 'tc1': 'PNR OPC UA Server', 'tc2': 'PNR OPC UA Server', 'ex_main': 'PNR OPC UA Server', 'ex_smb_main': 'PNR OPC UA Server'}"
[2021-06-18 09:14:34][ua_config_parser: 91][UAConfigParser][[1;34mDEBUG[0m] "namespaces_uris:['PNR OPC UA Server']"
[2021-06-18 09:14:34][ua_config_parser: 145][UAConfigParser][[1;34mDEBUG[0m] "node_object_fresh: ns=2;s=st_20033-40_smbplc.main i=85"
[2021-06-18 09:14:34][ua_config_parser: 145][UAConfigParser][[1;34mDEBUG[0m] "node_object_fresh: ns=2;s=st_20033-40_smbplc.main.ser_id ns=2;s=st_20033-40_smbplc.main"
[2021-06-18 09:14:34][ua_config_parser: 145][UAConfigParser][[1;34mDEBUG[0m] "node_object_fresh: ns=2;s=st_20033-40_smbplc.main.digital_input_w0 ns=2;s=st_20033-40_smbplc.main"
[2021-06-18 09:14:34][ua_config_parser: 145][UAConfigParser][[1;34mDEBUG[0m] "node_object_fresh: ns=2;s=ex_20033-35_smbplc.tc1 i=85"
[2021-06-18 09:14:34][ua_config_parser: 145][UAConfigParser][[1;34mDEBUG[0m] "node_object_fresh: ns=2;s=ex_20033-18_smbplc.tc2 i=85"
[2021-06-18 09:14:34][ua_config_parser: 145][UAConfigParser][[1;34mDEBUG[0m] "node_object_fresh: ns=2;s=ex_20029_main.main i=85"
[2021-06-18 09:14:34][ua_config_parser: 145][UAConfigParser][[1;34mDEBUG[0m] "node_object_fresh: ns=2;s=ex_20033-35_smbplc.main i=85"
[2021-06-18 09:16:38][ua_config_parser: 77][UAConfigParser][[1;34mDEBUG[0m] "namespaces{'st_smb_main': 'PNR OPC UA Server'}"
[2021-06-18 09:16:38][ua_config_parser: 77][UAConfigParser][[1;34mDEBUG[0m] "namespaces{'st_smb_main': 'PNR OPC UA Server'}"
[2021-06-18 09:16:38][ua_config_parser: 77][UAConfigParser][[1;34mDEBUG[0m] "namespaces{'st_smb_main': 'PNR OPC UA Server'}"
[2021-06-18 09:16:38][ua_config_parser: 77][UAConfigParser][[1;34mDEBUG[0m] "namespaces{'st_smb_main': 'PNR OPC UA Server'}"
[2021-06-18 09:16:38][ua_config_parser: 77][UAConfigParser][[1;34mDEBUG[0m] "namespaces{'st_smb_main': 'PNR OPC UA Server'}"
[2021-06-18 09:16:38][ua_config_parser: 77][UAConfigParser][[1;34mDEBUG[0m] "namespaces{'st_smb_main': 'PNR OPC UA Server', 'tc1': 'PNR OPC UA Server'}"
[2021-06-18 09:16:38][ua_config_parser: 77][UAConfigParser][[1;34mDEBUG[0m] "namespaces{'st_smb_main': 'PNR OPC UA Server', 'tc1': 'PNR OPC UA Server'}"
[2021-06-18 09:16:38][ua_config_parser: 77][UAConfigParser][[1;34mDEBUG[0m] "namespaces{'st_smb_main': 'PNR OPC UA Server', 'tc1': 'PNR OPC UA Server'}"
[2021-06-18 09:16:38][ua_config_parser: 77][UAConfigParser][[1;34mDEBUG[0m] "namespaces{'st_smb_main': 'PNR OPC UA Server', 'tc1': 'PNR OPC UA Server', 'tc2': 'PNR OPC UA Server'}"
[2021-06-18 09:16:38][ua_config_parser: 77][UAConfigParser][[1;34mDEBUG[0m] "namespaces{'st_smb_main': 'PNR OPC UA Server', 'tc1': 'PNR OPC UA Server', 'tc2': 'PNR OPC UA Server'}"
[2021-06-18 09:16:38][ua_config_parser: 77][UAConfigParser][[1;34mDEBUG[0m] "namespaces{'st_smb_main': 'PNR OPC UA Server', 'tc1': 'PNR OPC UA Server', 'tc2': 'PNR OPC UA Server'}"
[2021-06-18 09:16:38][ua_config_parser: 77][UAConfigParser][[1;34mDEBUG[0m] "namespaces{'st_smb_main': 'PNR OPC UA Server', 'tc1': 'PNR OPC UA Server', 'tc2': 'PNR OPC UA Server', 'ex_main': 'PNR OPC UA Server'}"
[2021-06-18 09:16:38][ua_config_parser: 77][UAConfigParser][[1;34mDEBUG[0m] "namespaces{'st_smb_main': 'PNR OPC UA Server', 'tc1': 'PNR OPC UA Server', 'tc2': 'PNR OPC UA Server', 'ex_main': 'PNR OPC UA Server'}"
[2021-06-18 09:16:38][ua_config_parser: 77][UAConfigParser][[1;34mDEBUG[0m] "namespaces{'st_smb_main': 'PNR OPC UA Server', 'tc1': 'PNR OPC UA Server', 'tc2': 'PNR OPC UA Server', 'ex_main': 'PNR OPC UA Server'}"
[2021-06-18 09:16:38][ua_config_parser: 77][UAConfigParser][[1;34mDEBUG[0m] "namespaces{'st_smb_main': 'PNR OPC UA Server', 'tc1': 'PNR OPC UA Server', 'tc2': 'PNR OPC UA Server', 'ex_main': 'PNR OPC UA Server', 'ex_smb_main': 'PNR OPC UA Server'}"
[2021-06-18 09:16:38][ua_config_parser: 77][UAConfigParser][[1;34mDEBUG[0m] "namespaces{'st_smb_main': 'PNR OPC UA Server', 'tc1': 'PNR OPC UA Server', 'tc2': 'PNR OPC UA Server', 'ex_main': 'PNR OPC UA Server', 'ex_smb_main': 'PNR OPC UA Server'}"
[2021-06-18 09:16:38][ua_config_parser: 77][UAConfigParser][[1;34mDEBUG[0m] "namespaces{'st_smb_main': 'PNR OPC UA Server', 'tc1': 'PNR OPC UA Server', 'tc2': 'PNR OPC UA Server', 'ex_main': 'PNR OPC UA Server', 'ex_smb_main': 'PNR OPC UA Server'}"
[2021-06-18 09:16:38][ua_config_parser: 91][UAConfigParser][[1;34mDEBUG[0m] "namespaces_uris:['PNR OPC UA Server']"
[2021-06-18 09:16:38][ua_config_parser: 145][UAConfigParser][[1;34mDEBUG[0m] "node_object_fresh: ns=2;s=st_20033-40_smbplc.main ns=2;i=1"
[2021-06-18 09:16:38][ua_config_parser: 145][UAConfigParser][[1;34mDEBUG[0m] "node_object_fresh: ns=2;s=st_20033-40_smbplc.main.ser_id ns=2;s=st_20033-40_smbplc.main"
[2021-06-18 09:16:38][ua_config_parser: 145][UAConfigParser][[1;34mDEBUG[0m] "node_object_fresh: ns=2;s=st_20033-40_smbplc.main.digital_input_w0 ns=2;s=st_20033-40_smbplc.main"
[2021-06-18 09:16:38][ua_config_parser: 145][UAConfigParser][[1;34mDEBUG[0m] "node_object_fresh: ns=2;s=ex_20033-35_smbplc.tc1 ns=2;i=1"
[2021-06-18 09:16:38][ua_config_parser: 145][UAConfigParser][[1;34mDEBUG[0m] "node_object_fresh: ns=2;s=ex_20033-18_smbplc.tc2 ns=2;i=1"
[2021-06-18 09:16:38][ua_config_parser: 145][UAConfigParser][[1;34mDEBUG[0m] "node_object_fresh: ns=2;s=ex_20029_main.main ns=2;i=1"
[2021-06-18 09:16:38][ua_config_parser: 145][UAConfigParser][[1;34mDEBUG[0m] "node_object_fresh: ns=2;s=ex_20033-35_smbplc.main ns=2;i=1"
[2021-06-18 09:18:07][ua_config_parser: 77][UAConfigParser][[1;34mDEBUG[0m] "namespaces{'st_smb_main': 'PNR OPC UA Server'}"
[2021-06-18 09:18:07][ua_config_parser: 77][UAConfigParser][[1;34mDEBUG[0m] "namespaces{'st_smb_main': 'PNR OPC UA Server'}"
[2021-06-18 09:18:07][ua_config_parser: 77][UAConfigParser][[1;34mDEBUG[0m] "namespaces{'st_smb_main': 'PNR OPC UA Server'}"
[2021-06-18 09:18:07][ua_config_parser: 77][UAConfigParser][[1;34mDEBUG[0m] "namespaces{'st_smb_main': 'PNR OPC UA Server'}"
[2021-06-18 09:18:07][ua_config_parser: 77][UAConfigParser][[1;34mDEBUG[0m] "namespaces{'st_smb_main': 'PNR OPC UA Server'}"
[2021-06-18 09:18:07][ua_config_parser: 77][UAConfigParser][[1;34mDEBUG[0m] "namespaces{'st_smb_main': 'PNR OPC UA Server', 'tc1': 'PNR OPC UA Server'}"
[2021-06-18 09:18:07][ua_config_parser: 77][UAConfigParser][[1;34mDEBUG[0m] "namespaces{'st_smb_main': 'PNR OPC UA Server', 'tc1': 'PNR OPC UA Server'}"
[2021-06-18 09:18:07][ua_config_parser: 77][UAConfigParser][[1;34mDEBUG[0m] "namespaces{'st_smb_main': 'PNR OPC UA Server', 'tc1': 'PNR OPC UA Server'}"
[2021-06-18 09:18:07][ua_config_parser: 77][UAConfigParser][[1;34mDEBUG[0m] "namespaces{'st_smb_main': 'PNR OPC UA Server', 'tc1': 'PNR OPC UA Server', 'tc2': 'PNR OPC UA Server'}"
[2021-06-18 09:18:07][ua_config_parser: 77][UAConfigParser][[1;34mDEBUG[0m] "namespaces{'st_smb_main': 'PNR OPC UA Server', 'tc1': 'PNR OPC UA Server', 'tc2': 'PNR OPC UA Server'}"
[2021-06-18 09:18:07][ua_config_parser: 77][UAConfigParser][[1;34mDEBUG[0m] "namespaces{'st_smb_main': 'PNR OPC UA Server', 'tc1': 'PNR OPC UA Server', 'tc2': 'PNR OPC UA Server'}"
[2021-06-18 09:18:07][ua_config_parser: 77][UAConfigParser][[1;34mDEBUG[0m] "namespaces{'st_smb_main': 'PNR OPC UA Server', 'tc1': 'PNR OPC UA Server', 'tc2': 'PNR OPC UA Server', 'ex_main': 'PNR OPC UA Server'}"
[2021-06-18 09:18:07][ua_config_parser: 77][UAConfigParser][[1;34mDEBUG[0m] "namespaces{'st_smb_main': 'PNR OPC UA Server', 'tc1': 'PNR OPC UA Server', 'tc2': 'PNR OPC UA Server', 'ex_main': 'PNR OPC UA Server'}"
[2021-06-18 09:18:07][ua_config_parser: 77][UAConfigParser][[1;34mDEBUG[0m] "namespaces{'st_smb_main': 'PNR OPC UA Server', 'tc1': 'PNR OPC UA Server', 'tc2': 'PNR OPC UA Server', 'ex_main': 'PNR OPC UA Server'}"
[2021-06-18 09:18:07][ua_config_parser: 77][UAConfigParser][[1;34mDEBUG[0m] "namespaces{'st_smb_main': 'PNR OPC UA Server', 'tc1': 'PNR OPC UA Server', 'tc2': 'PNR OPC UA Server', 'ex_main': 'PNR OPC UA Server', 'ex_smb_main': 'PNR OPC UA Server'}"
[2021-06-18 09:18:07][ua_config_parser: 77][UAConfigParser][[1;34mDEBUG[0m] "namespaces{'st_smb_main': 'PNR OPC UA Server', 'tc1': 'PNR OPC UA Server', 'tc2': 'PNR OPC UA Server', 'ex_main': 'PNR OPC UA Server', 'ex_smb_main': 'PNR OPC UA Server'}"
[2021-06-18 09:18:07][ua_config_parser: 77][UAConfigParser][[1;34mDEBUG[0m] "namespaces{'st_smb_main': 'PNR OPC UA Server', 'tc1': 'PNR OPC UA Server', 'tc2': 'PNR OPC UA Server', 'ex_main': 'PNR OPC UA Server', 'ex_smb_main': 'PNR OPC UA Server'}"
[2021-06-18 09:18:07][ua_config_parser: 91][UAConfigParser][[1;34mDEBUG[0m] "namespaces_uris:['PNR OPC UA Server']"
[2021-06-18 09:18:07][ua_config_parser: 145][UAConfigParser][[1;34mDEBUG[0m] "node_object_fresh: ns=2;s=st_20033-40_smbplc.main ns=2;i=1"
[2021-06-18 09:18:07][ua_config_parser: 145][UAConfigParser][[1;34mDEBUG[0m] "node_object_fresh: ns=2;s=st_20033-40_smbplc.main.ser_id ns=2;s=st_20033-40_smbplc.main"
[2021-06-18 09:18:07][ua_config_parser: 145][UAConfigParser][[1;34mDEBUG[0m] "node_object_fresh: ns=2;s=st_20033-40_smbplc.main.digital_input_w0 ns=2;s=st_20033-40_smbplc.main"
[2021-06-18 09:18:07][ua_config_parser: 145][UAConfigParser][[1;34mDEBUG[0m] "node_object_fresh: ns=2;s=ex_20033-35_smbplc.tc1 ns=2;i=1"
[2021-06-18 09:18:07][ua_config_parser: 145][UAConfigParser][[1;34mDEBUG[0m] "node_object_fresh: ns=2;s=ex_20033-18_smbplc.tc2 ns=2;i=1"
[2021-06-18 09:18:07][ua_config_parser: 145][UAConfigParser][[1;34mDEBUG[0m] "node_object_fresh: ns=2;s=ex_20029_main.main ns=2;i=1"
[2021-06-18 09:18:07][ua_config_parser: 145][UAConfigParser][[1;34mDEBUG[0m] "node_object_fresh: ns=2;s=ex_20033-35_smbplc.main ns=2;i=1"
[2021-06-18 09:20:27][ua_config_parser: 77][UAConfigParser][[1;34mDEBUG[0m] "namespaces{'st_smb_main': 'PNR OPC UA Server'}"
[2021-06-18 09:20:27][ua_config_parser: 77][UAConfigParser][[1;34mDEBUG[0m] "namespaces{'st_smb_main': 'PNR OPC UA Server'}"
[2021-06-18 09:20:27][ua_config_parser: 77][UAConfigParser][[1;34mDEBUG[0m] "namespaces{'st_smb_main': 'PNR OPC UA Server'}"
[2021-06-18 09:20:27][ua_config_parser: 77][UAConfigParser][[1;34mDEBUG[0m] "namespaces{'st_smb_main': 'PNR OPC UA Server'}"
[2021-06-18 09:20:27][ua_config_parser: 77][UAConfigParser][[1;34mDEBUG[0m] "namespaces{'st_smb_main': 'PNR OPC UA Server'}"
[2021-06-18 09:20:27][ua_config_parser: 77][UAConfigParser][[1;34mDEBUG[0m] "namespaces{'st_smb_main': 'PNR OPC UA Server', 'tc1': 'PNR OPC UA Server'}"
[2021-06-18 09:20:27][ua_config_parser: 77][UAConfigParser][[1;34mDEBUG[0m] "namespaces{'st_smb_main': 'PNR OPC UA Server', 'tc1': 'PNR OPC UA Server'}"
[2021-06-18 09:20:27][ua_config_parser: 77][UAConfigParser][[1;34mDEBUG[0m] "namespaces{'st_smb_main': 'PNR OPC UA Server', 'tc1': 'PNR OPC UA Server'}"
[2021-06-18 09:20:27][ua_config_parser: 77][UAConfigParser][[1;34mDEBUG[0m] "namespaces{'st_smb_main': 'PNR OPC UA Server', 'tc1': 'PNR OPC UA Server', 'tc2': 'PNR OPC UA Server'}"
[2021-06-18 09:20:27][ua_config_parser: 77][UAConfigParser][[1;34mDEBUG[0m] "namespaces{'st_smb_main': 'PNR OPC UA Server', 'tc1': 'PNR OPC UA Server', 'tc2': 'PNR OPC UA Server'}"
[2021-06-18 09:20:27][ua_config_parser: 77][UAConfigParser][[1;34mDEBUG[0m] "namespaces{'st_smb_main': 'PNR OPC UA Server', 'tc1': 'PNR OPC UA Server', 'tc2': 'PNR OPC UA Server'}"
[2021-06-18 09:20:27][ua_config_parser: 77][UAConfigParser][[1;34mDEBUG[0m] "namespaces{'st_smb_main': 'PNR OPC UA Server', 'tc1': 'PNR OPC UA Server', 'tc2': 'PNR OPC UA Server', 'ex_main': 'PNR OPC UA Server'}"
[2021-06-18 09:20:27][ua_config_parser: 77][UAConfigParser][[1;34mDEBUG[0m] "namespaces{'st_smb_main': 'PNR OPC UA Server', 'tc1': 'PNR OPC UA Server', 'tc2': 'PNR OPC UA Server', 'ex_main': 'PNR OPC UA Server'}"
[2021-06-18 09:20:27][ua_config_parser: 77][UAConfigParser][[1;34mDEBUG[0m] "namespaces{'st_smb_main': 'PNR OPC UA Server', 'tc1': 'PNR OPC UA Server', 'tc2': 'PNR OPC UA Server', 'ex_main': 'PNR OPC UA Server'}"
[2021-06-18 09:20:27][ua_config_parser: 77][UAConfigParser][[1;34mDEBUG[0m] "namespaces{'st_smb_main': 'PNR OPC UA Server', 'tc1': 'PNR OPC UA Server', 'tc2': 'PNR OPC UA Server', 'ex_main': 'PNR OPC UA Server', 'ex_smb_main': 'PNR OPC UA Server'}"
[2021-06-18 09:20:27][ua_config_parser: 77][UAConfigParser][[1;34mDEBUG[0m] "namespaces{'st_smb_main': 'PNR OPC UA Server', 'tc1': 'PNR OPC UA Server', 'tc2': 'PNR OPC UA Server', 'ex_main': 'PNR OPC UA Server', 'ex_smb_main': 'PNR OPC UA Server'}"
[2021-06-18 09:20:27][ua_config_parser: 77][UAConfigParser][[1;34mDEBUG[0m] "namespaces{'st_smb_main': 'PNR OPC UA Server', 'tc1': 'PNR OPC UA Server', 'tc2': 'PNR OPC UA Server', 'ex_main': 'PNR OPC UA Server', 'ex_smb_main': 'PNR OPC UA Server'}"
[2021-06-18 09:20:27][ua_config_parser: 91][UAConfigParser][[1;34mDEBUG[0m] "namespaces_uris:['PNR OPC UA Server']"
[2021-06-18 09:20:27][ua_config_parser: 147][UAConfigParser][[1;34mDEBUG[0m] "node_object_fresh: ns=2;s=st_20033-40_smbplc.main ns=2;i=1"
[2021-06-18 09:20:27][ua_config_parser: 147][UAConfigParser][[1;34mDEBUG[0m] "node_object_fresh: ns=2;s=st_20033-40_smbplc.main.ser_id ns=2;s=st_20033-40_smbplc.main"
[2021-06-18 09:20:27][ua_config_parser: 147][UAConfigParser][[1;34mDEBUG[0m] "node_object_fresh: ns=2;s=st_20033-40_smbplc.main.digital_input_w0 ns=2;s=st_20033-40_smbplc.main"
[2021-06-18 09:20:27][ua_config_parser: 147][UAConfigParser][[1;34mDEBUG[0m] "node_object_fresh: ns=2;s=ex_20033-35_smbplc.tc1 ns=2;i=1"
[2021-06-18 09:20:27][ua_config_parser: 147][UAConfigParser][[1;34mDEBUG[0m] "node_object_fresh: ns=2;s=ex_20033-18_smbplc.tc2 ns=2;i=1"
[2021-06-18 09:20:27][ua_config_parser: 147][UAConfigParser][[1;34mDEBUG[0m] "node_object_fresh: ns=2;s=ex_20029_main.main ns=2;i=1"
[2021-06-18 09:20:27][ua_config_parser: 147][UAConfigParser][[1;34mDEBUG[0m] "node_object_fresh: ns=2;s=ex_20033-35_smbplc.main ns=2;i=1"
[2021-06-18 09:22:03][ua_config_parser: 77][UAConfigParser][[1;34mDEBUG[0m] "namespaces{'st_smb_main': 'PNR OPC UA Server'}"
[2021-06-18 09:22:03][ua_config_parser: 77][UAConfigParser][[1;34mDEBUG[0m] "namespaces{'st_smb_main': 'PNR OPC UA Server'}"
[2021-06-18 09:22:03][ua_config_parser: 77][UAConfigParser][[1;34mDEBUG[0m] "namespaces{'st_smb_main': 'PNR OPC UA Server'}"
[2021-06-18 09:22:03][ua_config_parser: 77][UAConfigParser][[1;34mDEBUG[0m] "namespaces{'st_smb_main': 'PNR OPC UA Server'}"
[2021-06-18 09:22:03][ua_config_parser: 77][UAConfigParser][[1;34mDEBUG[0m] "namespaces{'st_smb_main': 'PNR OPC UA Server'}"
[2021-06-18 09:22:03][ua_config_parser: 77][UAConfigParser][[1;34mDEBUG[0m] "namespaces{'st_smb_main': 'PNR OPC UA Server', 'tc1': 'PNR OPC UA Server'}"
[2021-06-18 09:22:03][ua_config_parser: 77][UAConfigParser][[1;34mDEBUG[0m] "namespaces{'st_smb_main': 'PNR OPC UA Server', 'tc1': 'PNR OPC UA Server'}"
[2021-06-18 09:22:03][ua_config_parser: 77][UAConfigParser][[1;34mDEBUG[0m] "namespaces{'st_smb_main': 'PNR OPC UA Server', 'tc1': 'PNR OPC UA Server'}"
[2021-06-18 09:22:03][ua_config_parser: 77][UAConfigParser][[1;34mDEBUG[0m] "namespaces{'st_smb_main': 'PNR OPC UA Server', 'tc1': 'PNR OPC UA Server', 'tc2': 'PNR OPC UA Server'}"
[2021-06-18 09:22:03][ua_config_parser: 77][UAConfigParser][[1;34mDEBUG[0m] "namespaces{'st_smb_main': 'PNR OPC UA Server', 'tc1': 'PNR OPC UA Server', 'tc2': 'PNR OPC UA Server'}"
[2021-06-18 09:22:03][ua_config_parser: 77][UAConfigParser][[1;34mDEBUG[0m] "namespaces{'st_smb_main': 'PNR OPC UA Server', 'tc1': 'PNR OPC UA Server', 'tc2': 'PNR OPC UA Server'}"
[2021-06-18 09:22:03][ua_config_parser: 77][UAConfigParser][[1;34mDEBUG[0m] "namespaces{'st_smb_main': 'PNR OPC UA Server', 'tc1': 'PNR OPC UA Server', 'tc2': 'PNR OPC UA Server', 'ex_main': 'PNR OPC UA Server'}"
[2021-06-18 09:22:03][ua_config_parser: 77][UAConfigParser][[1;34mDEBUG[0m] "namespaces{'st_smb_main': 'PNR OPC UA Server', 'tc1': 'PNR OPC UA Server', 'tc2': 'PNR OPC UA Server', 'ex_main': 'PNR OPC UA Server'}"
[2021-06-18 09:22:03][ua_config_parser: 77][UAConfigParser][[1;34mDEBUG[0m] "namespaces{'st_smb_main': 'PNR OPC UA Server', 'tc1': 'PNR OPC UA Server', 'tc2': 'PNR OPC UA Server', 'ex_main': 'PNR OPC UA Server'}"
[2021-06-18 09:22:03][ua_config_parser: 77][UAConfigParser][[1;34mDEBUG[0m] "namespaces{'st_smb_main': 'PNR OPC UA Server', 'tc1': 'PNR OPC UA Server', 'tc2': 'PNR OPC UA Server', 'ex_main': 'PNR OPC UA Server', 'ex_smb_main': 'PNR OPC UA Server'}"
[2021-06-18 09:22:03][ua_config_parser: 77][UAConfigParser][[1;34mDEBUG[0m] "namespaces{'st_smb_main': 'PNR OPC UA Server', 'tc1': 'PNR OPC UA Server', 'tc2': 'PNR OPC UA Server', 'ex_main': 'PNR OPC UA Server', 'ex_smb_main': 'PNR OPC UA Server'}"
[2021-06-18 09:22:03][ua_config_parser: 77][UAConfigParser][[1;34mDEBUG[0m] "namespaces{'st_smb_main': 'PNR OPC UA Server', 'tc1': 'PNR OPC UA Server', 'tc2': 'PNR OPC UA Server', 'ex_main': 'PNR OPC UA Server', 'ex_smb_main': 'PNR OPC UA Server'}"
[2021-06-18 09:22:03][ua_config_parser: 91][UAConfigParser][[1;34mDEBUG[0m] "namespaces_uris:['PNR OPC UA Server']"
[2021-06-18 09:22:03][ua_config_parser: 145][UAConfigParser][[1;34mDEBUG[0m] "node_object_fresh: ns=2;s=st_20033-40_smbplc.main ns=2;i=1"
[2021-06-18 09:22:03][ua_config_parser: 145][UAConfigParser][[1;34mDEBUG[0m] "node_object_fresh: ns=2;s=st_20033-40_smbplc.main.ser_id ns=2;s=st_20033-40_smbplc.main"
[2021-06-18 09:22:03][ua_config_parser: 145][UAConfigParser][[1;34mDEBUG[0m] "node_object_fresh: ns=2;s=st_20033-40_smbplc.main.digital_input_w0 ns=2;s=st_20033-40_smbplc.main"
[2021-06-18 09:22:03][ua_config_parser: 145][UAConfigParser][[1;34mDEBUG[0m] "node_object_fresh: ns=2;s=ex_20033-35_smbplc.tc1 ns=2;i=1"
[2021-06-18 09:22:03][ua_config_parser: 145][UAConfigParser][[1;34mDEBUG[0m] "node_object_fresh: ns=2;s=ex_20033-18_smbplc.tc2 ns=2;i=1"
[2021-06-18 09:22:03][ua_config_parser: 145][UAConfigParser][[1;34mDEBUG[0m] "node_object_fresh: ns=2;s=ex_20029_main.main ns=2;i=1"
[2021-06-18 09:22:03][ua_config_parser: 145][UAConfigParser][[1;34mDEBUG[0m] "node_object_fresh: ns=2;s=ex_20033-35_smbplc.main ns=2;i=1"
[2021-06-18 09:30:22][ua_config_parser: 77][UAConfigParser][[1;34mDEBUG[0m] "namespaces{'st_smb_main': 'PNR OPC UA Server'}"
[2021-06-18 09:30:22][ua_config_parser: 77][UAConfigParser][[1;34mDEBUG[0m] "namespaces{'st_smb_main': 'PNR OPC UA Server'}"
[2021-06-18 09:30:22][ua_config_parser: 77][UAConfigParser][[1;34mDEBUG[0m] "namespaces{'st_smb_main': 'PNR OPC UA Server'}"
[2021-06-18 09:30:22][ua_config_parser: 77][UAConfigParser][[1;34mDEBUG[0m] "namespaces{'st_smb_main': 'PNR OPC UA Server'}"
[2021-06-18 09:30:22][ua_config_parser: 77][UAConfigParser][[1;34mDEBUG[0m] "namespaces{'st_smb_main': 'PNR OPC UA Server'}"
[2021-06-18 09:30:22][ua_config_parser: 77][UAConfigParser][[1;34mDEBUG[0m] "namespaces{'st_smb_main': 'PNR OPC UA Server', 'tc1': 'PNR OPC UA Server'}"
[2021-06-18 09:30:22][ua_config_parser: 77][UAConfigParser][[1;34mDEBUG[0m] "namespaces{'st_smb_main': 'PNR OPC UA Server', 'tc1': 'PNR OPC UA Server'}"
[2021-06-18 09:30:22][ua_config_parser: 77][UAConfigParser][[1;34mDEBUG[0m] "namespaces{'st_smb_main': 'PNR OPC UA Server', 'tc1': 'PNR OPC UA Server'}"
[2021-06-18 09:30:22][ua_config_parser: 77][UAConfigParser][[1;34mDEBUG[0m] "namespaces{'st_smb_main': 'PNR OPC UA Server', 'tc1': 'PNR OPC UA Server', 'tc2': 'PNR OPC UA Server'}"
[2021-06-18 09:30:22][ua_config_parser: 77][UAConfigParser][[1;34mDEBUG[0m] "namespaces{'st_smb_main': 'PNR OPC UA Server', 'tc1': 'PNR OPC UA Server', 'tc2': 'PNR OPC UA Server'}"
[2021-06-18 09:30:22][ua_config_parser: 77][UAConfigParser][[1;34mDEBUG[0m] "namespaces{'st_smb_main': 'PNR OPC UA Server', 'tc1': 'PNR OPC UA Server', 'tc2': 'PNR OPC UA Server'}"
[2021-06-18 09:30:22][ua_config_parser: 77][UAConfigParser][[1;34mDEBUG[0m] "namespaces{'st_smb_main': 'PNR OPC UA Server', 'tc1': 'PNR OPC UA Server', 'tc2': 'PNR OPC UA Server', 'ex_main': 'PNR OPC UA Server'}"
[2021-06-18 09:30:22][ua_config_parser: 77][UAConfigParser][[1;34mDEBUG[0m] "namespaces{'st_smb_main': 'PNR OPC UA Server', 'tc1': 'PNR OPC UA Server', 'tc2': 'PNR OPC UA Server', 'ex_main': 'PNR OPC UA Server'}"
[2021-06-18 09:30:22][ua_config_parser: 77][UAConfigParser][[1;34mDEBUG[0m] "namespaces{'st_smb_main': 'PNR OPC UA Server', 'tc1': 'PNR OPC UA Server', 'tc2': 'PNR OPC UA Server', 'ex_main': 'PNR OPC UA Server'}"
[2021-06-18 09:30:22][ua_config_parser: 77][UAConfigParser][[1;34mDEBUG[0m] "namespaces{'st_smb_main': 'PNR OPC UA Server', 'tc1': 'PNR OPC UA Server', 'tc2': 'PNR OPC UA Server', 'ex_main': 'PNR OPC UA Server', 'ex_smb_main': 'PNR OPC UA Server'}"
[2021-06-18 09:30:22][ua_config_parser: 77][UAConfigParser][[1;34mDEBUG[0m] "namespaces{'st_smb_main': 'PNR OPC UA Server', 'tc1': 'PNR OPC UA Server', 'tc2': 'PNR OPC UA Server', 'ex_main': 'PNR OPC UA Server', 'ex_smb_main': 'PNR OPC UA Server'}"
[2021-06-18 09:30:22][ua_config_parser: 77][UAConfigParser][[1;34mDEBUG[0m] "namespaces{'st_smb_main': 'PNR OPC UA Server', 'tc1': 'PNR OPC UA Server', 'tc2': 'PNR OPC UA Server', 'ex_main': 'PNR OPC UA Server', 'ex_smb_main': 'PNR OPC UA Server'}"
[2021-06-18 09:30:22][ua_config_parser: 91][UAConfigParser][[1;34mDEBUG[0m] "namespaces_uris:['PNR OPC UA Server']"
[2021-06-18 09:30:22][ua_config_parser: 145][UAConfigParser][[1;34mDEBUG[0m] "node_object_fresh: ns=2;s=st_20033-40_smbplc.main ns=2;i=1"
[2021-06-18 09:30:22][ua_config_parser: 145][UAConfigParser][[1;34mDEBUG[0m] "node_object_fresh: ns=2;s=st_20033-40_smbplc.main.ser_id ns=2;s=st_20033-40_smbplc.main"
[2021-06-18 09:30:22][ua_config_parser: 145][UAConfigParser][[1;34mDEBUG[0m] "node_object_fresh: ns=2;s=st_20033-40_smbplc.main.digital_input_w0 ns=2;s=st_20033-40_smbplc.main"
[2021-06-18 09:30:22][ua_config_parser: 145][UAConfigParser][[1;34mDEBUG[0m] "node_object_fresh: ns=2;s=ex_20033-35_smbplc.tc1 ns=2;i=1"
[2021-06-18 09:30:22][ua_config_parser: 145][UAConfigParser][[1;34mDEBUG[0m] "node_object_fresh: ns=2;s=ex_20033-18_smbplc.tc2 ns=2;i=1"
[2021-06-18 09:30:22][ua_config_parser: 145][UAConfigParser][[1;34mDEBUG[0m] "node_object_fresh: ns=2;s=ex_20029_main.main ns=2;i=1"
[2021-06-18 09:30:22][ua_config_parser: 145][UAConfigParser][[1;34mDEBUG[0m] "node_object_fresh: ns=2;s=ex_20033-35_smbplc.main ns=2;i=1"
[2021-06-18 09:35:31][ua_config_parser: 77][UAConfigParser][[1;34mDEBUG[0m] "namespaces{'st_smb_main': 'PNR OPC UA Server'}"
[2021-06-18 09:35:31][ua_config_parser: 77][UAConfigParser][[1;34mDEBUG[0m] "namespaces{'st_smb_main': 'PNR OPC UA Server'}"
[2021-06-18 09:35:31][ua_config_parser: 77][UAConfigParser][[1;34mDEBUG[0m] "namespaces{'st_smb_main': 'PNR OPC UA Server'}"
[2021-06-18 09:35:31][ua_config_parser: 77][UAConfigParser][[1;34mDEBUG[0m] "namespaces{'st_smb_main': 'PNR OPC UA Server'}"
[2021-06-18 09:35:31][ua_config_parser: 77][UAConfigParser][[1;34mDEBUG[0m] "namespaces{'st_smb_main': 'PNR OPC UA Server'}"
[2021-06-18 09:35:31][ua_config_parser: 77][UAConfigParser][[1;34mDEBUG[0m] "namespaces{'st_smb_main': 'PNR OPC UA Server', 'tc1': 'PNR OPC UA Server'}"
[2021-06-18 09:35:31][ua_config_parser: 77][UAConfigParser][[1;34mDEBUG[0m] "namespaces{'st_smb_main': 'PNR OPC UA Server', 'tc1': 'PNR OPC UA Server'}"
[2021-06-18 09:35:31][ua_config_parser: 77][UAConfigParser][[1;34mDEBUG[0m] "namespaces{'st_smb_main': 'PNR OPC UA Server', 'tc1': 'PNR OPC UA Server'}"
[2021-06-18 09:35:31][ua_config_parser: 77][UAConfigParser][[1;34mDEBUG[0m] "namespaces{'st_smb_main': 'PNR OPC UA Server', 'tc1': 'PNR OPC UA Server', 'tc2': 'PNR OPC UA Server'}"
[2021-06-18 09:35:31][ua_config_parser: 77][UAConfigParser][[1;34mDEBUG[0m] "namespaces{'st_smb_main': 'PNR OPC UA Server', 'tc1': 'PNR OPC UA Server', 'tc2': 'PNR OPC UA Server'}"
[2021-06-18 09:35:31][ua_config_parser: 77][UAConfigParser][[1;34mDEBUG[0m] "namespaces{'st_smb_main': 'PNR OPC UA Server', 'tc1': 'PNR OPC UA Server', 'tc2': 'PNR OPC UA Server'}"
[2021-06-18 09:35:31][ua_config_parser: 77][UAConfigParser][[1;34mDEBUG[0m] "namespaces{'st_smb_main': 'PNR OPC UA Server', 'tc1': 'PNR OPC UA Server', 'tc2': 'PNR OPC UA Server', 'ex_main': 'PNR OPC UA Server'}"
[2021-06-18 09:35:31][ua_config_parser: 77][UAConfigParser][[1;34mDEBUG[0m] "namespaces{'st_smb_main': 'PNR OPC UA Server', 'tc1': 'PNR OPC UA Server', 'tc2': 'PNR OPC UA Server', 'ex_main': 'PNR OPC UA Server'}"
[2021-06-18 09:35:31][ua_config_parser: 77][UAConfigParser][[1;34mDEBUG[0m] "namespaces{'st_smb_main': 'PNR OPC UA Server', 'tc1': 'PNR OPC UA Server', 'tc2': 'PNR OPC UA Server', 'ex_main': 'PNR OPC UA Server'}"
[2021-06-18 09:35:31][ua_config_parser: 77][UAConfigParser][[1;34mDEBUG[0m] "namespaces{'st_smb_main': 'PNR OPC UA Server', 'tc1': 'PNR OPC UA Server', 'tc2': 'PNR OPC UA Server', 'ex_main': 'PNR OPC UA Server', 'ex_smb_main': 'PNR OPC UA Server'}"
[2021-06-18 09:35:31][ua_config_parser: 77][UAConfigParser][[1;34mDEBUG[0m] "namespaces{'st_smb_main': 'PNR OPC UA Server', 'tc1': 'PNR OPC UA Server', 'tc2': 'PNR OPC UA Server', 'ex_main': 'PNR OPC UA Server', 'ex_smb_main': 'PNR OPC UA Server'}"
[2021-06-18 09:35:31][ua_config_parser: 77][UAConfigParser][[1;34mDEBUG[0m] "namespaces{'st_smb_main': 'PNR OPC UA Server', 'tc1': 'PNR OPC UA Server', 'tc2': 'PNR OPC UA Server', 'ex_main': 'PNR OPC UA Server', 'ex_smb_main': 'PNR OPC UA Server'}"
[2021-06-18 09:35:31][ua_config_parser: 91][UAConfigParser][[1;34mDEBUG[0m] "namespaces_uris:['PNR OPC UA Server']"
[2021-06-18 09:35:31][ua_config_parser: 145][UAConfigParser][[1;34mDEBUG[0m] "node_object_fresh: ns=2;s=st_20033-40_smbplc.main ns=2;i=1"
[2021-06-18 09:35:31][ua_config_parser: 145][UAConfigParser][[1;34mDEBUG[0m] "node_object_fresh: ns=2;s=st_20033-40_smbplc.main.ser_id ns=2;s=st_20033-40_smbplc.main"
[2021-06-18 09:35:31][ua_config_parser: 145][UAConfigParser][[1;34mDEBUG[0m] "node_object_fresh: ns=2;s=st_20033-40_smbplc.main.digital_input_w0 ns=2;s=st_20033-40_smbplc.main"
[2021-06-18 09:35:31][ua_config_parser: 145][UAConfigParser][[1;34mDEBUG[0m] "node_object_fresh: ns=2;s=ex_20033-35_smbplc.tc1 ns=2;i=1"
[2021-06-18 09:35:31][ua_config_parser: 145][UAConfigParser][[1;34mDEBUG[0m] "node_object_fresh: ns=2;s=ex_20033-18_smbplc.tc2 ns=2;i=1"
[2021-06-18 09:35:31][ua_config_parser: 145][UAConfigParser][[1;34mDEBUG[0m] "node_object_fresh: ns=2;s=ex_20029_main.main ns=2;i=1"
[2021-06-18 09:35:31][ua_config_parser: 145][UAConfigParser][[1;34mDEBUG[0m] "node_object_fresh: ns=2;s=ex_20033-35_smbplc.main ns=2;i=1"
[2021-06-18 09:41:16][ua_config_parser: 77][UAConfigParser][[1;34mDEBUG[0m] "namespaces{'st_smb_main': 'PNR OPC UA Server'}"
[2021-06-18 09:41:16][ua_config_parser: 77][UAConfigParser][[1;34mDEBUG[0m] "namespaces{'st_smb_main': 'PNR OPC UA Server'}"
[2021-06-18 09:41:16][ua_config_parser: 77][UAConfigParser][[1;34mDEBUG[0m] "namespaces{'st_smb_main': 'PNR OPC UA Server'}"
[2021-06-18 09:41:16][ua_config_parser: 77][UAConfigParser][[1;34mDEBUG[0m] "namespaces{'st_smb_main': 'PNR OPC UA Server'}"
[2021-06-18 09:41:16][ua_config_parser: 77][UAConfigParser][[1;34mDEBUG[0m] "namespaces{'st_smb_main': 'PNR OPC UA Server'}"
[2021-06-18 09:41:16][ua_config_parser: 77][UAConfigParser][[1;34mDEBUG[0m] "namespaces{'st_smb_main': 'PNR OPC UA Server', 'tc1': 'PNR OPC UA Server'}"
[2021-06-18 09:41:16][ua_config_parser: 77][UAConfigParser][[1;34mDEBUG[0m] "namespaces{'st_smb_main': 'PNR OPC UA Server', 'tc1': 'PNR OPC UA Server'}"
[2021-06-18 09:41:16][ua_config_parser: 77][UAConfigParser][[1;34mDEBUG[0m] "namespaces{'st_smb_main': 'PNR OPC UA Server', 'tc1': 'PNR OPC UA Server'}"
[2021-06-18 09:41:16][ua_config_parser: 77][UAConfigParser][[1;34mDEBUG[0m] "namespaces{'st_smb_main': 'PNR OPC UA Server', 'tc1': 'PNR OPC UA Server', 'tc2': 'PNR OPC UA Server'}"
[2021-06-18 09:41:16][ua_config_parser: 77][UAConfigParser][[1;34mDEBUG[0m] "namespaces{'st_smb_main': 'PNR OPC UA Server', 'tc1': 'PNR OPC UA Server', 'tc2': 'PNR OPC UA Server'}"
[2021-06-18 09:41:16][ua_config_parser: 77][UAConfigParser][[1;34mDEBUG[0m] "namespaces{'st_smb_main': 'PNR OPC UA Server', 'tc1': 'PNR OPC UA Server', 'tc2': 'PNR OPC UA Server'}"
[2021-06-18 09:41:16][ua_config_parser: 77][UAConfigParser][[1;34mDEBUG[0m] "namespaces{'st_smb_main': 'PNR OPC UA Server', 'tc1': 'PNR OPC UA Server', 'tc2': 'PNR OPC UA Server', 'ex_main': 'PNR OPC UA Server'}"
[2021-06-18 09:41:16][ua_config_parser: 77][UAConfigParser][[1;34mDEBUG[0m] "namespaces{'st_smb_main': 'PNR OPC UA Server', 'tc1': 'PNR OPC UA Server', 'tc2': 'PNR OPC UA Server', 'ex_main': 'PNR OPC UA Server'}"
[2021-06-18 09:41:16][ua_config_parser: 77][UAConfigParser][[1;34mDEBUG[0m] "namespaces{'st_smb_main': 'PNR OPC UA Server', 'tc1': 'PNR OPC UA Server', 'tc2': 'PNR OPC UA Server', 'ex_main': 'PNR OPC UA Server'}"
[2021-06-18 09:41:16][ua_config_parser: 77][UAConfigParser][[1;34mDEBUG[0m] "namespaces{'st_smb_main': 'PNR OPC UA Server', 'tc1': 'PNR OPC UA Server', 'tc2': 'PNR OPC UA Server', 'ex_main': 'PNR OPC UA Server', 'ex_smb_main': 'PNR OPC UA Server'}"
[2021-06-18 09:41:16][ua_config_parser: 77][UAConfigParser][[1;34mDEBUG[0m] "namespaces{'st_smb_main': 'PNR OPC UA Server', 'tc1': 'PNR OPC UA Server', 'tc2': 'PNR OPC UA Server', 'ex_main': 'PNR OPC UA Server', 'ex_smb_main': 'PNR OPC UA Server'}"
[2021-06-18 09:41:16][ua_config_parser: 77][UAConfigParser][[1;34mDEBUG[0m] "namespaces{'st_smb_main': 'PNR OPC UA Server', 'tc1': 'PNR OPC UA Server', 'tc2': 'PNR OPC UA Server', 'ex_main': 'PNR OPC UA Server', 'ex_smb_main': 'PNR OPC UA Server'}"
[2021-06-18 09:41:16][ua_config_parser: 91][UAConfigParser][[1;34mDEBUG[0m] "namespaces_uris:['PNR OPC UA Server']"
[2021-06-18 09:41:16][ua_config_parser: 145][UAConfigParser][[1;34mDEBUG[0m] "node_object_fresh: ns=2;s=st_20033-40_smbplc.main ns=2;i=1"
[2021-06-18 09:41:16][ua_config_parser: 145][UAConfigParser][[1;34mDEBUG[0m] "node_object_fresh: ns=2;s=st_20033-40_smbplc.main.ser_id ns=2;s=st_20033-40_smbplc.main"
[2021-06-18 09:41:16][ua_config_parser: 145][UAConfigParser][[1;34mDEBUG[0m] "node_object_fresh: ns=2;s=st_20033-40_smbplc.main.digital_input_w0 ns=2;s=st_20033-40_smbplc.main"
[2021-06-18 09:41:16][ua_config_parser: 145][UAConfigParser][[1;34mDEBUG[0m] "node_object_fresh: ns=2;s=ex_20033-35_smbplc.tc1 ns=2;i=1"
[2021-06-18 09:41:16][ua_config_parser: 145][UAConfigParser][[1;34mDEBUG[0m] "node_object_fresh: ns=2;s=ex_20033-18_smbplc.tc2 ns=2;i=1"
[2021-06-18 09:41:16][ua_config_parser: 145][UAConfigParser][[1;34mDEBUG[0m] "node_object_fresh: ns=2;s=ex_20029_main.main ns=2;i=1"
[2021-06-18 09:41:16][ua_config_parser: 145][UAConfigParser][[1;34mDEBUG[0m] "node_object_fresh: ns=2;s=ex_20033-35_smbplc.main ns=2;i=1"
[2021-06-18 09:47:52][ua_config_parser: 77][UAConfigParser][[1;34mDEBUG[0m] "namespaces{'st_smb_main': 'PNR OPC UA Server'}"
[2021-06-18 09:47:52][ua_config_parser: 77][UAConfigParser][[1;34mDEBUG[0m] "namespaces{'st_smb_main': 'PNR OPC UA Server'}"
[2021-06-18 09:47:52][ua_config_parser: 77][UAConfigParser][[1;34mDEBUG[0m] "namespaces{'st_smb_main': 'PNR OPC UA Server'}"
[2021-06-18 09:47:52][ua_config_parser: 77][UAConfigParser][[1;34mDEBUG[0m] "namespaces{'st_smb_main': 'PNR OPC UA Server'}"
[2021-06-18 09:47:52][ua_config_parser: 77][UAConfigParser][[1;34mDEBUG[0m] "namespaces{'st_smb_main': 'PNR OPC UA Server'}"
[2021-06-18 09:47:52][ua_config_parser: 77][UAConfigParser][[1;34mDEBUG[0m] "namespaces{'st_smb_main': 'PNR OPC UA Server', 'tc1': 'PNR OPC UA Server'}"
[2021-06-18 09:47:52][ua_config_parser: 77][UAConfigParser][[1;34mDEBUG[0m] "namespaces{'st_smb_main': 'PNR OPC UA Server', 'tc1': 'PNR OPC UA Server'}"
[2021-06-18 09:47:52][ua_config_parser: 77][UAConfigParser][[1;34mDEBUG[0m] "namespaces{'st_smb_main': 'PNR OPC UA Server', 'tc1': 'PNR OPC UA Server'}"
[2021-06-18 09:47:52][ua_config_parser: 77][UAConfigParser][[1;34mDEBUG[0m] "namespaces{'st_smb_main': 'PNR OPC UA Server', 'tc1': 'PNR OPC UA Server', 'tc2': 'PNR OPC UA Server'}"
[2021-06-18 09:47:52][ua_config_parser: 77][UAConfigParser][[1;34mDEBUG[0m] "namespaces{'st_smb_main': 'PNR OPC UA Server', 'tc1': 'PNR OPC UA Server', 'tc2': 'PNR OPC UA Server'}"
[2021-06-18 09:47:52][ua_config_parser: 77][UAConfigParser][[1;34mDEBUG[0m] "namespaces{'st_smb_main': 'PNR OPC UA Server', 'tc1': 'PNR OPC UA Server', 'tc2': 'PNR OPC UA Server'}"
[2021-06-18 09:47:52][ua_config_parser: 77][UAConfigParser][[1;34mDEBUG[0m] "namespaces{'st_smb_main': 'PNR OPC UA Server', 'tc1': 'PNR OPC UA Server', 'tc2': 'PNR OPC UA Server', 'ex_main': 'PNR OPC UA Server'}"
[2021-06-18 09:47:52][ua_config_parser: 77][UAConfigParser][[1;34mDEBUG[0m] "namespaces{'st_smb_main': 'PNR OPC UA Server', 'tc1': 'PNR OPC UA Server', 'tc2': 'PNR OPC UA Server', 'ex_main': 'PNR OPC UA Server'}"
[2021-06-18 09:47:52][ua_config_parser: 77][UAConfigParser][[1;34mDEBUG[0m] "namespaces{'st_smb_main': 'PNR OPC UA Server', 'tc1': 'PNR OPC UA Server', 'tc2': 'PNR OPC UA Server', 'ex_main': 'PNR OPC UA Server'}"
[2021-06-18 09:47:52][ua_config_parser: 77][UAConfigParser][[1;34mDEBUG[0m] "namespaces{'st_smb_main': 'PNR OPC UA Server', 'tc1': 'PNR OPC UA Server', 'tc2': 'PNR OPC UA Server', 'ex_main': 'PNR OPC UA Server', 'ex_smb_main': 'PNR OPC UA Server'}"
[2021-06-18 09:47:52][ua_config_parser: 77][UAConfigParser][[1;34mDEBUG[0m] "namespaces{'st_smb_main': 'PNR OPC UA Server', 'tc1': 'PNR OPC UA Server', 'tc2': 'PNR OPC UA Server', 'ex_main': 'PNR OPC UA Server', 'ex_smb_main': 'PNR OPC UA Server'}"
[2021-06-18 09:47:52][ua_config_parser: 77][UAConfigParser][[1;34mDEBUG[0m] "namespaces{'st_smb_main': 'PNR OPC UA Server', 'tc1': 'PNR OPC UA Server', 'tc2': 'PNR OPC UA Server', 'ex_main': 'PNR OPC UA Server', 'ex_smb_main': 'PNR OPC UA Server'}"
[2021-06-18 09:47:52][ua_config_parser: 91][UAConfigParser][[1;34mDEBUG[0m] "namespaces_uris:['PNR OPC UA Server']"
[2021-06-18 09:47:52][ua_config_parser: 145][UAConfigParser][[1;34mDEBUG[0m] "node_object_fresh: ns=2;s=st_20033-40_smbplc.main ns=2;i=1"
[2021-06-18 09:47:52][ua_config_parser: 145][UAConfigParser][[1;34mDEBUG[0m] "node_object_fresh: ns=2;s=st_20033-40_smbplc.main.ser_id ns=2;s=st_20033-40_smbplc.main"
[2021-06-18 09:47:52][ua_config_parser: 145][UAConfigParser][[1;34mDEBUG[0m] "node_object_fresh: ns=2;s=st_20033-40_smbplc.main.digital_input_w0 ns=2;s=st_20033-40_smbplc.main"
[2021-06-18 09:47:52][ua_config_parser: 145][UAConfigParser][[1;34mDEBUG[0m] "node_object_fresh: ns=2;s=ex_20033-35_smbplc.tc1 ns=2;i=1"
[2021-06-18 09:47:52][ua_config_parser: 145][UAConfigParser][[1;34mDEBUG[0m] "node_object_fresh: ns=2;s=ex_20033-18_smbplc.tc2 ns=2;i=1"
[2021-06-18 09:47:52][ua_config_parser: 145][UAConfigParser][[1;34mDEBUG[0m] "node_object_fresh: ns=2;s=ex_20029_main.main ns=2;i=1"
[2021-06-18 09:47:52][ua_config_parser: 145][UAConfigParser][[1;34mDEBUG[0m] "node_object_fresh: ns=2;s=ex_20033-35_smbplc.main ns=2;i=1"
[2021-06-18 09:50:14][ua_config_parser: 77][UAConfigParser][[1;34mDEBUG[0m] "namespaces{'st_smb_main': 'PNR OPC UA Server'}"
[2021-06-18 09:50:14][ua_config_parser: 77][UAConfigParser][[1;34mDEBUG[0m] "namespaces{'st_smb_main': 'PNR OPC UA Server'}"
[2021-06-18 09:50:14][ua_config_parser: 77][UAConfigParser][[1;34mDEBUG[0m] "namespaces{'st_smb_main': 'PNR OPC UA Server'}"
[2021-06-18 09:50:14][ua_config_parser: 77][UAConfigParser][[1;34mDEBUG[0m] "namespaces{'st_smb_main': 'PNR OPC UA Server'}"
[2021-06-18 09:50:14][ua_config_parser: 77][UAConfigParser][[1;34mDEBUG[0m] "namespaces{'st_smb_main': 'PNR OPC UA Server'}"
[2021-06-18 09:50:14][ua_config_parser: 77][UAConfigParser][[1;34mDEBUG[0m] "namespaces{'st_smb_main': 'PNR OPC UA Server', 'tc1': 'PNR OPC UA Server'}"
[2021-06-18 09:50:14][ua_config_parser: 77][UAConfigParser][[1;34mDEBUG[0m] "namespaces{'st_smb_main': 'PNR OPC UA Server', 'tc1': 'PNR OPC UA Server'}"
[2021-06-18 09:50:14][ua_config_parser: 77][UAConfigParser][[1;34mDEBUG[0m] "namespaces{'st_smb_main': 'PNR OPC UA Server', 'tc1': 'PNR OPC UA Server'}"
[2021-06-18 09:50:14][ua_config_parser: 77][UAConfigParser][[1;34mDEBUG[0m] "namespaces{'st_smb_main': 'PNR OPC UA Server', 'tc1': 'PNR OPC UA Server', 'tc2': 'PNR OPC UA Server'}"
[2021-06-18 09:50:14][ua_config_parser: 77][UAConfigParser][[1;34mDEBUG[0m] "namespaces{'st_smb_main': 'PNR OPC UA Server', 'tc1': 'PNR OPC UA Server', 'tc2': 'PNR OPC UA Server'}"
[2021-06-18 09:50:14][ua_config_parser: 77][UAConfigParser][[1;34mDEBUG[0m] "namespaces{'st_smb_main': 'PNR OPC UA Server', 'tc1': 'PNR OPC UA Server', 'tc2': 'PNR OPC UA Server'}"
[2021-06-18 09:50:14][ua_config_parser: 77][UAConfigParser][[1;34mDEBUG[0m] "namespaces{'st_smb_main': 'PNR OPC UA Server', 'tc1': 'PNR OPC UA Server', 'tc2': 'PNR OPC UA Server', 'ex_main': 'PNR OPC UA Server'}"
[2021-06-18 09:50:14][ua_config_parser: 77][UAConfigParser][[1;34mDEBUG[0m] "namespaces{'st_smb_main': 'PNR OPC UA Server', 'tc1': 'PNR OPC UA Server', 'tc2': 'PNR OPC UA Server', 'ex_main': 'PNR OPC UA Server'}"
[2021-06-18 09:50:14][ua_config_parser: 77][UAConfigParser][[1;34mDEBUG[0m] "namespaces{'st_smb_main': 'PNR OPC UA Server', 'tc1': 'PNR OPC UA Server', 'tc2': 'PNR OPC UA Server', 'ex_main': 'PNR OPC UA Server'}"
[2021-06-18 09:50:14][ua_config_parser: 77][UAConfigParser][[1;34mDEBUG[0m] "namespaces{'st_smb_main': 'PNR OPC UA Server', 'tc1': 'PNR OPC UA Server', 'tc2': 'PNR OPC UA Server', 'ex_main': 'PNR OPC UA Server', 'ex_smb_main': 'PNR OPC UA Server'}"
[2021-06-18 09:50:14][ua_config_parser: 77][UAConfigParser][[1;34mDEBUG[0m] "namespaces{'st_smb_main': 'PNR OPC UA Server', 'tc1': 'PNR OPC UA Server', 'tc2': 'PNR OPC UA Server', 'ex_main': 'PNR OPC UA Server', 'ex_smb_main': 'PNR OPC UA Server'}"
[2021-06-18 09:50:14][ua_config_parser: 77][UAConfigParser][[1;34mDEBUG[0m] "namespaces{'st_smb_main': 'PNR OPC UA Server', 'tc1': 'PNR OPC UA Server', 'tc2': 'PNR OPC UA Server', 'ex_main': 'PNR OPC UA Server', 'ex_smb_main': 'PNR OPC UA Server'}"
[2021-06-18 09:50:14][ua_config_parser: 91][UAConfigParser][[1;34mDEBUG[0m] "namespaces_uris:['PNR OPC UA Server']"
[2021-06-18 09:50:14][ua_config_parser: 145][UAConfigParser][[1;34mDEBUG[0m] "node_object_fresh: ns=2;s=st_20033-40_smbplc.main ns=2;i=1"
[2021-06-18 09:50:14][ua_config_parser: 145][UAConfigParser][[1;34mDEBUG[0m] "node_object_fresh: ns=2;s=st_20033-40_smbplc.main.ser_id ns=2;s=st_20033-40_smbplc.main"
[2021-06-18 09:50:14][ua_config_parser: 145][UAConfigParser][[1;34mDEBUG[0m] "node_object_fresh: ns=2;s=st_20033-40_smbplc.main.digital_input_w0 ns=2;s=st_20033-40_smbplc.main"
[2021-06-18 09:50:14][ua_config_parser: 145][UAConfigParser][[1;34mDEBUG[0m] "node_object_fresh: ns=2;s=ex_20033-35_smbplc.tc1 ns=2;i=1"
[2021-06-18 09:50:14][ua_config_parser: 145][UAConfigParser][[1;34mDEBUG[0m] "node_object_fresh: ns=2;s=ex_20033-18_smbplc.tc2 ns=2;i=1"
[2021-06-18 09:50:14][ua_config_parser: 145][UAConfigParser][[1;34mDEBUG[0m] "node_object_fresh: ns=2;s=ex_20029_main.main ns=2;i=1"
[2021-06-18 09:50:14][ua_config_parser: 145][UAConfigParser][[1;34mDEBUG[0m] "node_object_fresh: ns=2;s=ex_20033-35_smbplc.main ns=2;i=1"
[2021-06-18 09:51:37][ua_config_parser: 77][UAConfigParser][[1;34mDEBUG[0m] "namespaces{'st_smb_main': 'PNR OPC UA Server'}"
[2021-06-18 09:51:37][ua_config_parser: 77][UAConfigParser][[1;34mDEBUG[0m] "namespaces{'st_smb_main': 'PNR OPC UA Server'}"
[2021-06-18 09:51:37][ua_config_parser: 77][UAConfigParser][[1;34mDEBUG[0m] "namespaces{'st_smb_main': 'PNR OPC UA Server'}"
[2021-06-18 09:51:37][ua_config_parser: 77][UAConfigParser][[1;34mDEBUG[0m] "namespaces{'st_smb_main': 'PNR OPC UA Server'}"
[2021-06-18 09:51:37][ua_config_parser: 77][UAConfigParser][[1;34mDEBUG[0m] "namespaces{'st_smb_main': 'PNR OPC UA Server'}"
[2021-06-18 09:51:37][ua_config_parser: 77][UAConfigParser][[1;34mDEBUG[0m] "namespaces{'st_smb_main': 'PNR OPC UA Server', 'tc1': 'PNR OPC UA Server'}"
[2021-06-18 09:51:37][ua_config_parser: 77][UAConfigParser][[1;34mDEBUG[0m] "namespaces{'st_smb_main': 'PNR OPC UA Server', 'tc1': 'PNR OPC UA Server'}"
[2021-06-18 09:51:37][ua_config_parser: 77][UAConfigParser][[1;34mDEBUG[0m] "namespaces{'st_smb_main': 'PNR OPC UA Server', 'tc1': 'PNR OPC UA Server'}"
[2021-06-18 09:51:37][ua_config_parser: 77][UAConfigParser][[1;34mDEBUG[0m] "namespaces{'st_smb_main': 'PNR OPC UA Server', 'tc1': 'PNR OPC UA Server', 'tc2': 'PNR OPC UA Server'}"
[2021-06-18 09:51:37][ua_config_parser: 77][UAConfigParser][[1;34mDEBUG[0m] "namespaces{'st_smb_main': 'PNR OPC UA Server', 'tc1': 'PNR OPC UA Server', 'tc2': 'PNR OPC UA Server'}"
[2021-06-18 09:51:37][ua_config_parser: 77][UAConfigParser][[1;34mDEBUG[0m] "namespaces{'st_smb_main': 'PNR OPC UA Server', 'tc1': 'PNR OPC UA Server', 'tc2': 'PNR OPC UA Server'}"
[2021-06-18 09:51:37][ua_config_parser: 77][UAConfigParser][[1;34mDEBUG[0m] "namespaces{'st_smb_main': 'PNR OPC UA Server', 'tc1': 'PNR OPC UA Server', 'tc2': 'PNR OPC UA Server', 'ex_main': 'PNR OPC UA Server'}"
[2021-06-18 09:51:37][ua_config_parser: 77][UAConfigParser][[1;34mDEBUG[0m] "namespaces{'st_smb_main': 'PNR OPC UA Server', 'tc1': 'PNR OPC UA Server', 'tc2': 'PNR OPC UA Server', 'ex_main': 'PNR OPC UA Server'}"
[2021-06-18 09:51:37][ua_config_parser: 77][UAConfigParser][[1;34mDEBUG[0m] "namespaces{'st_smb_main': 'PNR OPC UA Server', 'tc1': 'PNR OPC UA Server', 'tc2': 'PNR OPC UA Server', 'ex_main': 'PNR OPC UA Server'}"
[2021-06-18 09:51:37][ua_config_parser: 77][UAConfigParser][[1;34mDEBUG[0m] "namespaces{'st_smb_main': 'PNR OPC UA Server', 'tc1': 'PNR OPC UA Server', 'tc2': 'PNR OPC UA Server', 'ex_main': 'PNR OPC UA Server', 'ex_smb_main': 'PNR OPC UA Server'}"
[2021-06-18 09:51:37][ua_config_parser: 77][UAConfigParser][[1;34mDEBUG[0m] "namespaces{'st_smb_main': 'PNR OPC UA Server', 'tc1': 'PNR OPC UA Server', 'tc2': 'PNR OPC UA Server', 'ex_main': 'PNR OPC UA Server', 'ex_smb_main': 'PNR OPC UA Server'}"
[2021-06-18 09:51:37][ua_config_parser: 77][UAConfigParser][[1;34mDEBUG[0m] "namespaces{'st_smb_main': 'PNR OPC UA Server', 'tc1': 'PNR OPC UA Server', 'tc2': 'PNR OPC UA Server', 'ex_main': 'PNR OPC UA Server', 'ex_smb_main': 'PNR OPC UA Server'}"
[2021-06-18 09:51:37][ua_config_parser: 91][UAConfigParser][[1;34mDEBUG[0m] "namespaces_uris:['PNR OPC UA Server']"
[2021-06-18 09:51:37][ua_config_parser: 145][UAConfigParser][[1;34mDEBUG[0m] "node_object_fresh: ns=2;s=st_20033-40_smbplc.main ns=2;i=1"
[2021-06-18 09:51:37][ua_config_parser: 145][UAConfigParser][[1;34mDEBUG[0m] "node_object_fresh: ns=2;s=st_20033-40_smbplc.main.ser_id ns=2;s=st_20033-40_smbplc.main"
[2021-06-18 09:51:37][ua_config_parser: 145][UAConfigParser][[1;34mDEBUG[0m] "node_object_fresh: ns=2;s=st_20033-40_smbplc.main.digital_input_w0 ns=2;s=st_20033-40_smbplc.main"
[2021-06-18 09:51:37][ua_config_parser: 145][UAConfigParser][[1;34mDEBUG[0m] "node_object_fresh: ns=2;s=ex_20033-35_smbplc.tc1 ns=2;i=1"
[2021-06-18 09:51:37][ua_config_parser: 145][UAConfigParser][[1;34mDEBUG[0m] "node_object_fresh: ns=2;s=ex_20033-18_smbplc.tc2 ns=2;i=1"
[2021-06-18 09:51:37][ua_config_parser: 145][UAConfigParser][[1;34mDEBUG[0m] "node_object_fresh: ns=2;s=ex_20029_main.main ns=2;i=1"
[2021-06-18 09:51:37][ua_config_parser: 145][UAConfigParser][[1;34mDEBUG[0m] "node_object_fresh: ns=2;s=ex_20033-35_smbplc.main ns=2;i=1"
[2021-06-18 09:57:18][ua_config_parser: 77][UAConfigParser][[1;34mDEBUG[0m] "namespaces{'st_smb_main': 'PNR OPC UA Server'}"
[2021-06-18 09:57:18][ua_config_parser: 77][UAConfigParser][[1;34mDEBUG[0m] "namespaces{'st_smb_main': 'PNR OPC UA Server'}"
[2021-06-18 09:57:18][ua_config_parser: 77][UAConfigParser][[1;34mDEBUG[0m] "namespaces{'st_smb_main': 'PNR OPC UA Server'}"
[2021-06-18 09:57:18][ua_config_parser: 77][UAConfigParser][[1;34mDEBUG[0m] "namespaces{'st_smb_main': 'PNR OPC UA Server'}"
[2021-06-18 09:57:18][ua_config_parser: 77][UAConfigParser][[1;34mDEBUG[0m] "namespaces{'st_smb_main': 'PNR OPC UA Server'}"
[2021-06-18 09:57:18][ua_config_parser: 77][UAConfigParser][[1;34mDEBUG[0m] "namespaces{'st_smb_main': 'PNR OPC UA Server', 'tc1': 'PNR OPC UA Server'}"
[2021-06-18 09:57:18][ua_config_parser: 77][UAConfigParser][[1;34mDEBUG[0m] "namespaces{'st_smb_main': 'PNR OPC UA Server', 'tc1': 'PNR OPC UA Server'}"
[2021-06-18 09:57:18][ua_config_parser: 77][UAConfigParser][[1;34mDEBUG[0m] "namespaces{'st_smb_main': 'PNR OPC UA Server', 'tc1': 'PNR OPC UA Server'}"
[2021-06-18 09:57:18][ua_config_parser: 77][UAConfigParser][[1;34mDEBUG[0m] "namespaces{'st_smb_main': 'PNR OPC UA Server', 'tc1': 'PNR OPC UA Server', 'tc2': 'PNR OPC UA Server'}"
[2021-06-18 09:57:18][ua_config_parser: 77][UAConfigParser][[1;34mDEBUG[0m] "namespaces{'st_smb_main': 'PNR OPC UA Server', 'tc1': 'PNR OPC UA Server', 'tc2': 'PNR OPC UA Server'}"
[2021-06-18 09:57:18][ua_config_parser: 77][UAConfigParser][[1;34mDEBUG[0m] "namespaces{'st_smb_main': 'PNR OPC UA Server', 'tc1': 'PNR OPC UA Server', 'tc2': 'PNR OPC UA Server'}"
[2021-06-18 09:57:18][ua_config_parser: 77][UAConfigParser][[1;34mDEBUG[0m] "namespaces{'st_smb_main': 'PNR OPC UA Server', 'tc1': 'PNR OPC UA Server', 'tc2': 'PNR OPC UA Server', 'ex_main': 'PNR OPC UA Server'}"
[2021-06-18 09:57:18][ua_config_parser: 77][UAConfigParser][[1;34mDEBUG[0m] "namespaces{'st_smb_main': 'PNR OPC UA Server', 'tc1': 'PNR OPC UA Server', 'tc2': 'PNR OPC UA Server', 'ex_main': 'PNR OPC UA Server'}"
[2021-06-18 09:57:18][ua_config_parser: 77][UAConfigParser][[1;34mDEBUG[0m] "namespaces{'st_smb_main': 'PNR OPC UA Server', 'tc1': 'PNR OPC UA Server', 'tc2': 'PNR OPC UA Server', 'ex_main': 'PNR OPC UA Server'}"
[2021-06-18 09:57:18][ua_config_parser: 77][UAConfigParser][[1;34mDEBUG[0m] "namespaces{'st_smb_main': 'PNR OPC UA Server', 'tc1': 'PNR OPC UA Server', 'tc2': 'PNR OPC UA Server', 'ex_main': 'PNR OPC UA Server', 'ex_smb_main': 'PNR OPC UA Server'}"
[2021-06-18 09:57:18][ua_config_parser: 77][UAConfigParser][[1;34mDEBUG[0m] "namespaces{'st_smb_main': 'PNR OPC UA Server', 'tc1': 'PNR OPC UA Server', 'tc2': 'PNR OPC UA Server', 'ex_main': 'PNR OPC UA Server', 'ex_smb_main': 'PNR OPC UA Server'}"
[2021-06-18 09:57:18][ua_config_parser: 77][UAConfigParser][[1;34mDEBUG[0m] "namespaces{'st_smb_main': 'PNR OPC UA Server', 'tc1': 'PNR OPC UA Server', 'tc2': 'PNR OPC UA Server', 'ex_main': 'PNR OPC UA Server', 'ex_smb_main': 'PNR OPC UA Server'}"
[2021-06-18 09:57:18][ua_config_parser: 91][UAConfigParser][[1;34mDEBUG[0m] "namespaces_uris:['PNR OPC UA Server']"
[2021-06-18 09:57:18][ua_config_parser: 145][UAConfigParser][[1;34mDEBUG[0m] "node_object_fresh: ns=2;s=st_20033-40_smbplc.main ns=2;i=1"
[2021-06-18 09:57:18][ua_config_parser: 145][UAConfigParser][[1;34mDEBUG[0m] "node_object_fresh: ns=2;s=st_20033-40_smbplc.main.ser_id ns=2;s=st_20033-40_smbplc.main"
[2021-06-18 09:57:18][ua_config_parser: 145][UAConfigParser][[1;34mDEBUG[0m] "node_object_fresh: ns=2;s=st_20033-40_smbplc.main.digital_input_w0 ns=2;s=st_20033-40_smbplc.main"
[2021-06-18 09:57:18][ua_config_parser: 145][UAConfigParser][[1;34mDEBUG[0m] "node_object_fresh: ns=2;s=ex_20033-35_smbplc.tc1 ns=2;i=1"
[2021-06-18 09:57:18][ua_config_parser: 145][UAConfigParser][[1;34mDEBUG[0m] "node_object_fresh: ns=2;s=ex_20033-18_smbplc.tc2 ns=2;i=1"
[2021-06-18 09:57:18][ua_config_parser: 145][UAConfigParser][[1;34mDEBUG[0m] "node_object_fresh: ns=2;s=ex_20029_main.main ns=2;i=1"
[2021-06-18 09:57:18][ua_config_parser: 145][UAConfigParser][[1;34mDEBUG[0m] "node_object_fresh: ns=2;s=ex_20033-35_smbplc.main ns=2;i=1"
[2021-06-18 10:10:50][ua_config_parser: 142][UAConfigParser][[1;34mDEBUG[0m] "node_object_fresh: ns=2;s=st_20033-40_smbplc.main ns=2;i=1"
[2021-06-18 10:10:50][ua_config_parser: 142][UAConfigParser][[1;34mDEBUG[0m] "node_object_fresh: ns=2;s=st_20033-40_smbplc.main.ser_id ns=2;s=st_20033-40_smbplc.main"
[2021-06-18 10:10:50][ua_config_parser: 142][UAConfigParser][[1;34mDEBUG[0m] "node_object_fresh: ns=2;s=st_20033-40_smbplc.main.digital_input_w0 ns=2;s=st_20033-40_smbplc.main"
[2021-06-18 10:10:50][ua_config_parser: 142][UAConfigParser][[1;34mDEBUG[0m] "node_object_fresh: ns=2;s=ex_20033-35_smbplc.tc1 ns=2;i=1"
[2021-06-18 10:10:50][ua_config_parser: 142][UAConfigParser][[1;34mDEBUG[0m] "node_object_fresh: ns=2;s=ex_20033-18_smbplc.tc2 ns=2;i=1"
[2021-06-18 10:10:50][ua_config_parser: 142][UAConfigParser][[1;34mDEBUG[0m] "node_object_fresh: ns=2;s=ex_20029_main.main ns=2;i=1"
[2021-06-18 10:10:50][ua_config_parser: 142][UAConfigParser][[1;34mDEBUG[0m] "node_object_fresh: ns=2;s=ex_20033-35_smbplc.main ns=2;i=1"
[2021-06-18 10:12:02][ua_config_parser: 142][UAConfigParser][[1;34mDEBUG[0m] "node_object_fresh: ns=2;s=st_20033-40_smbplc.main ns=2;i=1"
[2021-06-18 10:12:02][ua_config_parser: 142][UAConfigParser][[1;34mDEBUG[0m] "node_object_fresh: ns=2;s=st_20033-40_smbplc.main.ser_id ns=2;s=st_20033-40_smbplc.main"
[2021-06-18 10:12:02][ua_config_parser: 142][UAConfigParser][[1;34mDEBUG[0m] "node_object_fresh: ns=2;s=st_20033-40_smbplc.main.digital_input_w0 ns=2;s=st_20033-40_smbplc.main"
[2021-06-18 10:12:02][ua_config_parser: 142][UAConfigParser][[1;34mDEBUG[0m] "node_object_fresh: ns=2;s=ex_20033-35_smbplc.tc1 ns=2;i=1"
[2021-06-18 10:12:02][ua_config_parser: 142][UAConfigParser][[1;34mDEBUG[0m] "node_object_fresh: ns=2;s=ex_20033-18_smbplc.tc2 ns=2;i=1"
[2021-06-18 10:12:02][ua_config_parser: 142][UAConfigParser][[1;34mDEBUG[0m] "node_object_fresh: ns=2;s=ex_20029_main.main ns=2;i=1"
[2021-06-18 10:12:02][ua_config_parser: 142][UAConfigParser][[1;34mDEBUG[0m] "node_object_fresh: ns=2;s=ex_20033-35_smbplc.main ns=2;i=1"
[2021-06-18 10:13:38][ua_config_parser: 142][UAConfigParser][[1;34mDEBUG[0m] "node_object_fresh: ns=2;s=st_20033-40_smbplc.main ns=2;i=1"
[2021-06-18 10:13:38][ua_config_parser: 142][UAConfigParser][[1;34mDEBUG[0m] "node_object_fresh: ns=2;s=st_20033-40_smbplc.main.ser_id ns=2;s=st_20033-40_smbplc.main"
[2021-06-18 10:13:38][ua_config_parser: 142][UAConfigParser][[1;34mDEBUG[0m] "node_object_fresh: ns=2;s=st_20033-40_smbplc.main.digital_input_w0 ns=2;s=st_20033-40_smbplc.main"
[2021-06-18 10:13:38][ua_config_parser: 142][UAConfigParser][[1;34mDEBUG[0m] "node_object_fresh: ns=2;s=ex_20033-35_smbplc.tc1 ns=2;i=1"
[2021-06-18 10:13:38][ua_config_parser: 142][UAConfigParser][[1;34mDEBUG[0m] "node_object_fresh: ns=2;s=ex_20033-18_smbplc.tc2 ns=2;i=1"
[2021-06-18 10:13:38][ua_config_parser: 142][UAConfigParser][[1;34mDEBUG[0m] "node_object_fresh: ns=2;s=ex_20029_main.main ns=2;i=1"
[2021-06-18 10:13:38][ua_config_parser: 142][UAConfigParser][[1;34mDEBUG[0m] "node_object_fresh: ns=2;s=ex_20033-35_smbplc.main ns=2;i=1"
[2021-06-18 10:20:05][ua_config_parser: 142][UAConfigParser][[1;34mDEBUG[0m] "node_object_fresh: ns=2;s=st_20033-40_smbplc.main ns=2;i=1"
[2021-06-18 10:20:05][ua_config_parser: 142][UAConfigParser][[1;34mDEBUG[0m] "node_object_fresh: ns=2;s=st_20033-40_smbplc.main.ser_id ns=2;s=st_20033-40_smbplc.main"
[2021-06-18 10:20:05][ua_config_parser: 142][UAConfigParser][[1;34mDEBUG[0m] "node_object_fresh: ns=2;s=st_20033-40_smbplc.main.digital_input_w0 ns=2;s=st_20033-40_smbplc.main"
[2021-06-18 10:20:05][ua_config_parser: 142][UAConfigParser][[1;34mDEBUG[0m] "node_object_fresh: ns=2;s=ex_20033-35_smbplc.tc1 ns=2;i=1"
[2021-06-18 10:20:05][ua_config_parser: 142][UAConfigParser][[1;34mDEBUG[0m] "node_object_fresh: ns=2;s=ex_20033-18_smbplc.tc2 ns=2;i=1"
[2021-06-18 10:20:05][ua_config_parser: 142][UAConfigParser][[1;34mDEBUG[0m] "node_object_fresh: ns=2;s=ex_20029_main.main ns=2;i=1"
[2021-06-18 10:20:05][ua_config_parser: 142][UAConfigParser][[1;34mDEBUG[0m] "node_object_fresh: ns=2;s=ex_20033-35_smbplc.main ns=2;i=1"
[2021-06-18 10:22:37][ua_config_parser: 142][UAConfigParser][[1;34mDEBUG[0m] "node_object_fresh: ns=2;s=st_20033-40_smbplc.main ns=2;i=1"
[2021-06-18 10:22:37][ua_config_parser: 142][UAConfigParser][[1;34mDEBUG[0m] "node_object_fresh: ns=2;s=st_20033-40_smbplc.main.ser_id ns=2;s=st_20033-40_smbplc.main"
[2021-06-18 10:22:37][ua_config_parser: 142][UAConfigParser][[1;34mDEBUG[0m] "node_object_fresh: ns=2;s=st_20033-40_smbplc.main.digital_input_w0 ns=2;s=st_20033-40_smbplc.main"
[2021-06-18 10:22:37][ua_config_parser: 142][UAConfigParser][[1;34mDEBUG[0m] "node_object_fresh: ns=2;s=ex_20033-35_smbplc.tc1 ns=2;i=1"
[2021-06-18 10:22:37][ua_config_parser: 142][UAConfigParser][[1;34mDEBUG[0m] "node_object_fresh: ns=2;s=ex_20033-18_smbplc.tc2 ns=2;i=1"
[2021-06-18 10:22:37][ua_config_parser: 142][UAConfigParser][[1;34mDEBUG[0m] "node_object_fresh: ns=2;s=ex_20029_main.main ns=2;i=1"
[2021-06-18 10:22:37][ua_config_parser: 142][UAConfigParser][[1;34mDEBUG[0m] "node_object_fresh: ns=2;s=ex_20033-35_smbplc.main ns=2;i=1"
[2021-06-18 10:23:26][ua_config_parser: 142][UAConfigParser][[1;34mDEBUG[0m] "node_object_fresh: ns=2;s=st_20033-40_smbplc.main ns=2;i=1"
[2021-06-18 10:23:26][ua_config_parser: 142][UAConfigParser][[1;34mDEBUG[0m] "node_object_fresh: ns=2;s=st_20033-40_smbplc.main.ser_id ns=2;s=st_20033-40_smbplc.main"
[2021-06-18 10:23:26][ua_config_parser: 142][UAConfigParser][[1;34mDEBUG[0m] "node_object_fresh: ns=2;s=st_20033-40_smbplc.main.digital_input_w0 ns=2;s=st_20033-40_smbplc.main"
[2021-06-18 10:23:26][ua_config_parser: 142][UAConfigParser][[1;34mDEBUG[0m] "node_object_fresh: ns=2;s=ex_20033-35_smbplc.tc1 ns=2;i=1"
[2021-06-18 10:23:26][ua_config_parser: 142][UAConfigParser][[1;34mDEBUG[0m] "node_object_fresh: ns=2;s=ex_20033-18_smbplc.tc2 ns=2;i=1"
[2021-06-18 10:23:26][ua_config_parser: 142][UAConfigParser][[1;34mDEBUG[0m] "node_object_fresh: ns=2;s=ex_20029_main.main ns=2;i=1"
[2021-06-18 10:23:26][ua_config_parser: 142][UAConfigParser][[1;34mDEBUG[0m] "node_object_fresh: ns=2;s=ex_20033-35_smbplc.main ns=2;i=1"
[2021-06-18 10:24:39][ua_config_parser: 142][UAConfigParser][[1;34mDEBUG[0m] "node_object_fresh: ns=2;s=st_20033-40_smbplc.main ns=2;i=1"
[2021-06-18 10:24:39][ua_config_parser: 142][UAConfigParser][[1;34mDEBUG[0m] "node_object_fresh: ns=2;s=st_20033-40_smbplc.main.ser_id ns=2;s=st_20033-40_smbplc.main"
[2021-06-18 10:24:39][ua_config_parser: 142][UAConfigParser][[1;34mDEBUG[0m] "node_object_fresh: ns=2;s=st_20033-40_smbplc.main.digital_input_w0 ns=2;s=st_20033-40_smbplc.main"
[2021-06-18 10:24:39][ua_config_parser: 142][UAConfigParser][[1;34mDEBUG[0m] "node_object_fresh: ns=2;s=ex_20033-35_smbplc.tc1 ns=2;i=1"
[2021-06-18 10:24:39][ua_config_parser: 142][UAConfigParser][[1;34mDEBUG[0m] "node_object_fresh: ns=2;s=ex_20033-18_smbplc.tc2 ns=2;i=1"
[2021-06-18 10:24:39][ua_config_parser: 142][UAConfigParser][[1;34mDEBUG[0m] "node_object_fresh: ns=2;s=ex_20029_main.main ns=2;i=1"
[2021-06-18 10:24:39][ua_config_parser: 142][UAConfigParser][[1;34mDEBUG[0m] "node_object_fresh: ns=2;s=ex_20033-35_smbplc.main ns=2;i=1"
[2021-06-18 10:27:05][ua_config_parser: 142][UAConfigParser][[1;34mDEBUG[0m] "node_object_fresh: ns=2;s=st_20033-40_smbplc.main ns=2;i=1"
[2021-06-18 10:27:05][ua_config_parser: 142][UAConfigParser][[1;34mDEBUG[0m] "node_object_fresh: ns=2;s=st_20033-40_smbplc.main.ser_id ns=2;s=st_20033-40_smbplc.main"
[2021-06-18 10:27:05][ua_config_parser: 142][UAConfigParser][[1;34mDEBUG[0m] "node_object_fresh: ns=2;s=st_20033-40_smbplc.main.digital_input_w0 ns=2;s=st_20033-40_smbplc.main"
[2021-06-18 10:27:05][ua_config_parser: 142][UAConfigParser][[1;34mDEBUG[0m] "node_object_fresh: ns=2;s=ex_20033-35_smbplc.tc1 ns=2;i=1"
[2021-06-18 10:27:05][ua_config_parser: 142][UAConfigParser][[1;34mDEBUG[0m] "node_object_fresh: ns=2;s=ex_20033-18_smbplc.tc2 ns=2;i=1"
[2021-06-18 10:27:05][ua_config_parser: 142][UAConfigParser][[1;34mDEBUG[0m] "node_object_fresh: ns=2;s=ex_20029_main.main ns=2;i=1"
[2021-06-18 10:27:05][ua_config_parser: 142][UAConfigParser][[1;34mDEBUG[0m] "node_object_fresh: ns=2;s=ex_20033-35_smbplc.main ns=2;i=1"
[2021-06-18 10:46:48][ua_config_parser: 144][UAConfigParser][[1;34mDEBUG[0m] "node_object_fresh: ns=2;s=st_20033-40_smbplc.main ns=2;i=1"
[2021-06-18 10:46:48][ua_config_parser: 144][UAConfigParser][[1;34mDEBUG[0m] "node_object_fresh: ns=2;s=st_20033-40_smbplc.main.ser_id ns=2;s=st_20033-40_smbplc.main"
[2021-06-18 10:46:48][ua_config_parser: 144][UAConfigParser][[1;34mDEBUG[0m] "node_object_fresh: ns=2;s=st_20033-40_smbplc.main.digital_input_w0 ns=2;s=st_20033-40_smbplc.main"
[2021-06-18 10:46:48][ua_config_parser: 144][UAConfigParser][[1;34mDEBUG[0m] "node_object_fresh: ns=2;s=ex_20033-35_smbplc.tc1 ns=2;i=1"
[2021-06-18 10:46:48][ua_config_parser: 144][UAConfigParser][[1;34mDEBUG[0m] "node_object_fresh: ns=2;s=ex_20033-18_smbplc.tc2 ns=2;i=1"
[2021-06-18 10:46:48][ua_config_parser: 144][UAConfigParser][[1;34mDEBUG[0m] "node_object_fresh: ns=2;s=ex_20029_main.main ns=2;i=1"
[2021-06-18 10:46:48][ua_config_parser: 144][UAConfigParser][[1;34mDEBUG[0m] "node_object_fresh: ns=2;s=ex_20033-35_smbplc.main ns=2;i=1"
[2021-06-18 10:48:07][ua_config_parser: 144][UAConfigParser][[1;34mDEBUG[0m] "node_object_fresh: ns=2;s=st_20033-40_smbplc.main ns=2;i=1"
[2021-06-18 10:48:07][ua_config_parser: 144][UAConfigParser][[1;34mDEBUG[0m] "node_object_fresh: ns=2;s=st_20033-40_smbplc.main.ser_id ns=2;s=st_20033-40_smbplc.main"
[2021-06-18 10:48:07][ua_config_parser: 144][UAConfigParser][[1;34mDEBUG[0m] "node_object_fresh: ns=2;s=st_20033-40_smbplc.main.digital_input_w0 ns=2;s=st_20033-40_smbplc.main"
[2021-06-18 10:48:07][ua_config_parser: 144][UAConfigParser][[1;34mDEBUG[0m] "node_object_fresh: ns=2;s=ex_20033-35_smbplc.tc1 ns=2;i=1"
[2021-06-18 10:48:07][ua_config_parser: 144][UAConfigParser][[1;34mDEBUG[0m] "node_object_fresh: ns=2;s=ex_20033-18_smbplc.tc2 ns=2;i=1"
[2021-06-18 10:48:07][ua_config_parser: 144][UAConfigParser][[1;34mDEBUG[0m] "node_object_fresh: ns=2;s=ex_20029_main.main ns=2;i=1"
[2021-06-18 10:48:07][ua_config_parser: 144][UAConfigParser][[1;34mDEBUG[0m] "node_object_fresh: ns=2;s=ex_20033-35_smbplc.main ns=2;i=1"
[2021-06-18 10:54:12][ua_config_parser: 144][UAConfigParser][[1;34mDEBUG[0m] "node_object_fresh: ns=2;s=st_20033-40_smbplc.main ns=2;i=1"
[2021-06-18 10:54:12][ua_config_parser: 144][UAConfigParser][[1;34mDEBUG[0m] "node_object_fresh: ns=2;s=st_20033-40_smbplc.main.ser_id ns=2;s=st_20033-40_smbplc.main"
[2021-06-18 10:54:12][ua_config_parser: 144][UAConfigParser][[1;34mDEBUG[0m] "node_object_fresh: ns=2;s=st_20033-40_smbplc.main.digital_input_w0 ns=2;s=st_20033-40_smbplc.main"
[2021-06-18 10:54:12][ua_config_parser: 144][UAConfigParser][[1;34mDEBUG[0m] "node_object_fresh: ns=2;s=ex_20033-35_smbplc.tc1 ns=2;i=1"
[2021-06-18 10:54:12][ua_config_parser: 144][UAConfigParser][[1;34mDEBUG[0m] "node_object_fresh: ns=2;s=ex_20033-18_smbplc.tc2 ns=2;i=1"
[2021-06-18 10:54:12][ua_config_parser: 144][UAConfigParser][[1;34mDEBUG[0m] "node_object_fresh: ns=2;s=ex_20029_main.main ns=2;i=1"
[2021-06-18 10:54:12][ua_config_parser: 144][UAConfigParser][[1;34mDEBUG[0m] "node_object_fresh: ns=2;s=ex_20033-35_smbplc.main ns=2;i=1"
[2021-06-18 11:04:08][ua_config_parser: 144][UAConfigParser][[1;34mDEBUG[0m] "node_object_fresh: ns=2;s=st_20033-40_smbplc.main ns=2;i=1"
[2021-06-18 11:04:08][ua_config_parser: 144][UAConfigParser][[1;34mDEBUG[0m] "node_object_fresh: ns=2;s=st_20033-40_smbplc.main.ser_id ns=2;s=st_20033-40_smbplc.main"
[2021-06-18 11:04:08][ua_config_parser: 144][UAConfigParser][[1;34mDEBUG[0m] "node_object_fresh: ns=2;s=st_20033-40_smbplc.main.digital_input_w0 ns=2;s=st_20033-40_smbplc.main"
[2021-06-18 11:04:08][ua_config_parser: 144][UAConfigParser][[1;34mDEBUG[0m] "node_object_fresh: ns=2;s=ex_20033-35_smbplc.tc1 ns=2;i=1"
[2021-06-18 11:04:08][ua_config_parser: 144][UAConfigParser][[1;34mDEBUG[0m] "node_object_fresh: ns=2;s=ex_20033-18_smbplc.tc2 ns=2;i=1"
[2021-06-18 11:04:08][ua_config_parser: 144][UAConfigParser][[1;34mDEBUG[0m] "node_object_fresh: ns=2;s=ex_20029_main.main ns=2;i=1"
[2021-06-18 11:04:08][ua_config_parser: 144][UAConfigParser][[1;34mDEBUG[0m] "node_object_fresh: ns=2;s=ex_20033-35_smbplc.main ns=2;i=1"
[2021-06-18 11:28:53][ua_config_parser: 144][UAConfigParser][[1;34mDEBUG[0m] "node_object_fresh: ns=2;s=st_20033-40_smbplc.main ns=2;i=1"
[2021-06-18 11:28:53][ua_config_parser: 144][UAConfigParser][[1;34mDEBUG[0m] "node_object_fresh: ns=2;s=st_20033-40_smbplc.main.ser_id ns=2;s=st_20033-40_smbplc.main"
[2021-06-18 11:28:53][ua_config_parser: 144][UAConfigParser][[1;34mDEBUG[0m] "node_object_fresh: ns=2;s=st_20033-40_smbplc.main.digital_input_w0 ns=2;s=st_20033-40_smbplc.main"
[2021-06-18 11:28:53][ua_config_parser: 144][UAConfigParser][[1;34mDEBUG[0m] "node_object_fresh: ns=2;s=ex_20033-35_smbplc.tc1 ns=2;i=1"
[2021-06-18 11:28:53][ua_config_parser: 144][UAConfigParser][[1;34mDEBUG[0m] "node_object_fresh: ns=2;s=ex_20033-18_smbplc.tc2 ns=2;i=1"
[2021-06-18 11:28:53][ua_config_parser: 144][UAConfigParser][[1;34mDEBUG[0m] "node_object_fresh: ns=2;s=ex_20029_main.main ns=2;i=1"
[2021-06-18 11:28:53][ua_config_parser: 144][UAConfigParser][[1;34mDEBUG[0m] "node_object_fresh: ns=2;s=ex_20033-35_smbplc.main ns=2;i=1"
[2021-06-18 11:30:00][ua_config_parser: 144][UAConfigParser][[1;34mDEBUG[0m] "node_object_fresh: ns=2;s=st_20033-40_smbplc.main ns=2;i=1"
[2021-06-18 11:30:00][ua_config_parser: 144][UAConfigParser][[1;34mDEBUG[0m] "node_object_fresh: ns=2;s=st_20033-40_smbplc.main.ser_id ns=2;s=st_20033-40_smbplc.main"
[2021-06-18 11:30:00][ua_config_parser: 144][UAConfigParser][[1;34mDEBUG[0m] "node_object_fresh: ns=2;s=st_20033-40_smbplc.main.digital_input_w0 ns=2;s=st_20033-40_smbplc.main"
[2021-06-18 11:30:00][ua_config_parser: 144][UAConfigParser][[1;34mDEBUG[0m] "node_object_fresh: ns=2;s=ex_20033-35_smbplc.tc1 ns=2;i=1"
[2021-06-18 11:30:00][ua_config_parser: 144][UAConfigParser][[1;34mDEBUG[0m] "node_object_fresh: ns=2;s=ex_20033-18_smbplc.tc2 ns=2;i=1"
[2021-06-18 11:30:00][ua_config_parser: 144][UAConfigParser][[1;34mDEBUG[0m] "node_object_fresh: ns=2;s=ex_20029_main.main ns=2;i=1"
[2021-06-18 11:30:00][ua_config_parser: 144][UAConfigParser][[1;34mDEBUG[0m] "node_object_fresh: ns=2;s=ex_20033-35_smbplc.main ns=2;i=1"
[2021-06-18 11:31:37][ua_config_parser: 144][UAConfigParser][[1;34mDEBUG[0m] "node_object_fresh: ns=2;s=st_20033-40_smbplc.main ns=2;i=1"
[2021-06-18 11:31:37][ua_config_parser: 144][UAConfigParser][[1;34mDEBUG[0m] "node_object_fresh: ns=2;s=st_20033-40_smbplc.main.ser_id ns=2;s=st_20033-40_smbplc.main"
[2021-06-18 11:31:37][ua_config_parser: 144][UAConfigParser][[1;34mDEBUG[0m] "node_object_fresh: ns=2;s=st_20033-40_smbplc.main.digital_input_w0 ns=2;s=st_20033-40_smbplc.main"
[2021-06-18 11:31:37][ua_config_parser: 144][UAConfigParser][[1;34mDEBUG[0m] "node_object_fresh: ns=2;s=ex_20033-35_smbplc.tc1 ns=2;i=1"
[2021-06-18 11:31:37][ua_config_parser: 144][UAConfigParser][[1;34mDEBUG[0m] "node_object_fresh: ns=2;s=ex_20033-18_smbplc.tc2 ns=2;i=1"
[2021-06-18 11:31:37][ua_config_parser: 144][UAConfigParser][[1;34mDEBUG[0m] "node_object_fresh: ns=2;s=ex_20029_main.main ns=2;i=1"
[2021-06-18 11:31:37][ua_config_parser: 144][UAConfigParser][[1;34mDEBUG[0m] "node_object_fresh: ns=2;s=ex_20033-35_smbplc.main ns=2;i=1"
[2021-06-18 11:33:18][ua_config_parser: 144][UAConfigParser][[1;34mDEBUG[0m] "node_object_fresh: ns=2;s=st_20033-40_smbplc.main ns=2;i=1"
[2021-06-18 11:33:18][ua_config_parser: 144][UAConfigParser][[1;34mDEBUG[0m] "node_object_fresh: ns=2;s=st_20033-40_smbplc.main.ser_id ns=2;s=st_20033-40_smbplc.main"
[2021-06-18 11:33:18][ua_config_parser: 144][UAConfigParser][[1;34mDEBUG[0m] "node_object_fresh: ns=2;s=st_20033-40_smbplc.main.digital_input_w0 ns=2;s=st_20033-40_smbplc.main"
[2021-06-18 11:33:18][ua_config_parser: 144][UAConfigParser][[1;34mDEBUG[0m] "node_object_fresh: ns=2;s=ex_20033-35_smbplc.tc1 ns=2;i=1"
[2021-06-18 11:33:18][ua_config_parser: 144][UAConfigParser][[1;34mDEBUG[0m] "node_object_fresh: ns=2;s=ex_20033-18_smbplc.tc2 ns=2;i=1"
[2021-06-18 11:33:18][ua_config_parser: 144][UAConfigParser][[1;34mDEBUG[0m] "node_object_fresh: ns=2;s=ex_20029_main.main ns=2;i=1"
[2021-06-18 11:33:18][ua_config_parser: 144][UAConfigParser][[1;34mDEBUG[0m] "node_object_fresh: ns=2;s=ex_20033-35_smbplc.main ns=2;i=1"
[2021-06-18 11:37:51][ua_config_parser: 144][UAConfigParser][[1;34mDEBUG[0m] "node_object_fresh: ns=2;s=st_20033-40_smbplc.main ns=2;i=1"
[2021-06-18 11:37:51][ua_config_parser: 144][UAConfigParser][[1;34mDEBUG[0m] "node_object_fresh: ns=2;s=st_20033-40_smbplc.main.ser_id ns=2;s=st_20033-40_smbplc.main"
[2021-06-18 11:37:51][ua_config_parser: 144][UAConfigParser][[1;34mDEBUG[0m] "node_object_fresh: ns=2;s=st_20033-40_smbplc.main.digital_input_w0 ns=2;s=st_20033-40_smbplc.main"
[2021-06-18 11:37:51][ua_config_parser: 144][UAConfigParser][[1;34mDEBUG[0m] "node_object_fresh: ns=2;s=ex_20033-35_smbplc.tc1 ns=2;i=1"
[2021-06-18 11:37:51][ua_config_parser: 144][UAConfigParser][[1;34mDEBUG[0m] "node_object_fresh: ns=2;s=ex_20033-18_smbplc.tc2 ns=2;i=1"
[2021-06-18 11:37:51][ua_config_parser: 144][UAConfigParser][[1;34mDEBUG[0m] "node_object_fresh: ns=2;s=ex_20029_main.main ns=2;i=1"
[2021-06-18 11:37:51][ua_config_parser: 144][UAConfigParser][[1;34mDEBUG[0m] "node_object_fresh: ns=2;s=ex_20033-35_smbplc.main ns=2;i=1"
[2021-06-18 11:56:23][ua_config_parser: 144][UAConfigParser][[1;34mDEBUG[0m] "node_object_fresh: ns=2;s=st_20033-40_smbplc.main ns=2;i=1"
[2021-06-18 11:56:23][ua_config_parser: 144][UAConfigParser][[1;34mDEBUG[0m] "node_object_fresh: ns=2;s=st_20033-40_smbplc.main.ser_id ns=2;s=st_20033-40_smbplc.main"
[2021-06-18 11:56:23][ua_config_parser: 144][UAConfigParser][[1;34mDEBUG[0m] "node_object_fresh: ns=2;s=st_20033-40_smbplc.main.digital_input_w0 ns=2;s=st_20033-40_smbplc.main"
[2021-06-18 11:56:23][ua_config_parser: 144][UAConfigParser][[1;34mDEBUG[0m] "node_object_fresh: ns=2;s=ex_20033-35_smbplc.tc1 ns=2;i=1"
[2021-06-18 11:56:23][ua_config_parser: 144][UAConfigParser][[1;34mDEBUG[0m] "node_object_fresh: ns=2;s=ex_20033-18_smbplc.tc2 ns=2;i=1"
[2021-06-18 11:56:23][ua_config_parser: 144][UAConfigParser][[1;34mDEBUG[0m] "node_object_fresh: ns=2;s=ex_20029_main.main ns=2;i=1"
[2021-06-18 11:56:23][ua_config_parser: 144][UAConfigParser][[1;34mDEBUG[0m] "node_object_fresh: ns=2;s=ex_20033-35_smbplc.main ns=2;i=1"
[2021-06-18 12:43:37][ua_config_parser: 144][UAConfigParser][[1;34mDEBUG[0m] "node_object_fresh: ns=2;s=st_20033-40_smbplc.main ns=2;i=1"
[2021-06-18 12:43:37][ua_config_parser: 144][UAConfigParser][[1;34mDEBUG[0m] "node_object_fresh: ns=2;s=st_20033-40_smbplc.main.ser_id ns=2;s=st_20033-40_smbplc.main"
[2021-06-18 12:43:37][ua_config_parser: 144][UAConfigParser][[1;34mDEBUG[0m] "node_object_fresh: ns=2;s=st_20033-40_smbplc.main.digital_input_w0 ns=2;s=st_20033-40_smbplc.main"
[2021-06-18 12:43:37][ua_config_parser: 144][UAConfigParser][[1;34mDEBUG[0m] "node_object_fresh: ns=2;s=ex_20033-35_smbplc.tc1 ns=2;i=1"
[2021-06-18 12:43:37][ua_config_parser: 144][UAConfigParser][[1;34mDEBUG[0m] "node_object_fresh: ns=2;s=ex_20033-18_smbplc.tc2 ns=2;i=1"
[2021-06-18 12:43:37][ua_config_parser: 144][UAConfigParser][[1;34mDEBUG[0m] "node_object_fresh: ns=2;s=ex_20029_main.main ns=2;i=1"
[2021-06-18 12:43:37][ua_config_parser: 144][UAConfigParser][[1;34mDEBUG[0m] "node_object_fresh: ns=2;s=ex_20033-35_smbplc.main ns=2;i=1"
[2021-06-18 12:45:10][ua_config_parser: 144][UAConfigParser][[1;34mDEBUG[0m] "node_object_fresh: ns=2;s=st_20033-40_smbplc.main ns=2;i=1"
[2021-06-18 12:45:10][ua_config_parser: 144][UAConfigParser][[1;34mDEBUG[0m] "node_object_fresh: ns=2;s=st_20033-40_smbplc.main.ser_id ns=2;s=st_20033-40_smbplc.main"
[2021-06-18 12:45:10][ua_config_parser: 144][UAConfigParser][[1;34mDEBUG[0m] "node_object_fresh: ns=2;s=st_20033-40_smbplc.main.digital_input_w0 ns=2;s=st_20033-40_smbplc.main"
[2021-06-18 12:45:10][ua_config_parser: 144][UAConfigParser][[1;34mDEBUG[0m] "node_object_fresh: ns=2;s=ex_20033-35_smbplc.tc1 ns=2;i=1"
[2021-06-18 12:45:10][ua_config_parser: 144][UAConfigParser][[1;34mDEBUG[0m] "node_object_fresh: ns=2;s=ex_20033-18_smbplc.tc2 ns=2;i=1"
[2021-06-18 12:45:10][ua_config_parser: 144][UAConfigParser][[1;34mDEBUG[0m] "node_object_fresh: ns=2;s=ex_20029_main.main ns=2;i=1"
[2021-06-18 12:45:10][ua_config_parser: 144][UAConfigParser][[1;34mDEBUG[0m] "node_object_fresh: ns=2;s=ex_20033-35_smbplc.main ns=2;i=1"
[2021-06-18 12:47:56][ua_config_parser: 144][UAConfigParser][[1;34mDEBUG[0m] "node_object_fresh: ns=2;s=st_20033-40_smbplc.main ns=2;i=1"
[2021-06-18 12:47:56][ua_config_parser: 144][UAConfigParser][[1;34mDEBUG[0m] "node_object_fresh: ns=2;s=st_20033-40_smbplc.main.ser_id ns=2;s=st_20033-40_smbplc.main"
[2021-06-18 12:47:56][ua_config_parser: 144][UAConfigParser][[1;34mDEBUG[0m] "node_object_fresh: ns=2;s=st_20033-40_smbplc.main.digital_input_w0 ns=2;s=st_20033-40_smbplc.main"
[2021-06-18 12:47:56][ua_config_parser: 144][UAConfigParser][[1;34mDEBUG[0m] "node_object_fresh: ns=2;s=ex_20033-35_smbplc.tc1 ns=2;i=1"
[2021-06-18 12:47:56][ua_config_parser: 144][UAConfigParser][[1;34mDEBUG[0m] "node_object_fresh: ns=2;s=ex_20033-18_smbplc.tc2 ns=2;i=1"
[2021-06-18 12:47:56][ua_config_parser: 144][UAConfigParser][[1;34mDEBUG[0m] "node_object_fresh: ns=2;s=ex_20029_main.main ns=2;i=1"
[2021-06-18 12:47:56][ua_config_parser: 144][UAConfigParser][[1;34mDEBUG[0m] "node_object_fresh: ns=2;s=ex_20033-35_smbplc.main ns=2;i=1"
[2021-06-18 12:50:51][ua_config_parser: 144][UAConfigParser][[1;34mDEBUG[0m] "node_object_fresh: ns=2;s=st_20033-40_smbplc.main ns=2;i=1"
[2021-06-18 12:50:51][ua_config_parser: 144][UAConfigParser][[1;34mDEBUG[0m] "node_object_fresh: ns=2;s=st_20033-40_smbplc.main.ser_id ns=2;s=st_20033-40_smbplc.main"
[2021-06-18 12:50:51][ua_config_parser: 144][UAConfigParser][[1;34mDEBUG[0m] "node_object_fresh: ns=2;s=st_20033-40_smbplc.main.digital_input_w0 ns=2;s=st_20033-40_smbplc.main"
[2021-06-18 12:50:51][ua_config_parser: 144][UAConfigParser][[1;34mDEBUG[0m] "node_object_fresh: ns=2;s=ex_20033-35_smbplc.tc1 ns=2;i=1"
[2021-06-18 12:50:51][ua_config_parser: 144][UAConfigParser][[1;34mDEBUG[0m] "node_object_fresh: ns=2;s=ex_20033-18_smbplc.tc2 ns=2;i=1"
[2021-06-18 12:50:51][ua_config_parser: 144][UAConfigParser][[1;34mDEBUG[0m] "node_object_fresh: ns=2;s=ex_20029_main.main ns=2;i=1"
[2021-06-18 12:50:51][ua_config_parser: 144][UAConfigParser][[1;34mDEBUG[0m] "node_object_fresh: ns=2;s=ex_20033-35_smbplc.main ns=2;i=1"
[2021-06-18 12:58:39][ua_config_parser: 144][UAConfigParser][[1;34mDEBUG[0m] "node_object_fresh: ns=2;s=st_20033-40_smbplc.main ns=2;i=1"
[2021-06-18 12:58:39][ua_config_parser: 144][UAConfigParser][[1;34mDEBUG[0m] "node_object_fresh: ns=2;s=st_20033-40_smbplc.main.ser_id ns=2;s=st_20033-40_smbplc.main"
[2021-06-18 12:58:39][ua_config_parser: 144][UAConfigParser][[1;34mDEBUG[0m] "node_object_fresh: ns=2;s=st_20033-40_smbplc.main.digital_input_w0 ns=2;s=st_20033-40_smbplc.main"
[2021-06-18 12:58:39][ua_config_parser: 144][UAConfigParser][[1;34mDEBUG[0m] "node_object_fresh: ns=2;s=ex_20033-35_smbplc.tc1 ns=2;i=1"
[2021-06-18 12:58:39][ua_config_parser: 144][UAConfigParser][[1;34mDEBUG[0m] "node_object_fresh: ns=2;s=ex_20033-18_smbplc.tc2 ns=2;i=1"
[2021-06-18 12:58:39][ua_config_parser: 144][UAConfigParser][[1;34mDEBUG[0m] "node_object_fresh: ns=2;s=ex_20029_main.main ns=2;i=1"
[2021-06-18 12:58:39][ua_config_parser: 144][UAConfigParser][[1;34mDEBUG[0m] "node_object_fresh: ns=2;s=ex_20033-35_smbplc.main ns=2;i=1"
[2021-06-18 12:59:17][ua_config_parser: 144][UAConfigParser][[1;34mDEBUG[0m] "node_object_fresh: ns=2;s=st_20033-40_smbplc.main ns=2;i=1"
[2021-06-18 12:59:17][ua_config_parser: 144][UAConfigParser][[1;34mDEBUG[0m] "node_object_fresh: ns=2;s=st_20033-40_smbplc.main.ser_id ns=2;s=st_20033-40_smbplc.main"
[2021-06-18 12:59:17][ua_config_parser: 144][UAConfigParser][[1;34mDEBUG[0m] "node_object_fresh: ns=2;s=st_20033-40_smbplc.main.digital_input_w0 ns=2;s=st_20033-40_smbplc.main"
[2021-06-18 12:59:17][ua_config_parser: 144][UAConfigParser][[1;34mDEBUG[0m] "node_object_fresh: ns=2;s=ex_20033-35_smbplc.tc1 ns=2;i=1"
[2021-06-18 12:59:17][ua_config_parser: 144][UAConfigParser][[1;34mDEBUG[0m] "node_object_fresh: ns=2;s=ex_20033-18_smbplc.tc2 ns=2;i=1"
[2021-06-18 12:59:17][ua_config_parser: 144][UAConfigParser][[1;34mDEBUG[0m] "node_object_fresh: ns=2;s=ex_20029_main.main ns=2;i=1"
[2021-06-18 12:59:17][ua_config_parser: 144][UAConfigParser][[1;34mDEBUG[0m] "node_object_fresh: ns=2;s=ex_20033-35_smbplc.main ns=2;i=1"
[2021-06-18 13:02:11][ua_config_parser: 144][UAConfigParser][[1;34mDEBUG[0m] "node_object_fresh: ns=2;s=st_20033-40_smbplc.main ns=2;i=1"
[2021-06-18 13:02:11][ua_config_parser: 144][UAConfigParser][[1;34mDEBUG[0m] "node_object_fresh: ns=2;s=st_20033-40_smbplc.main.ser_id ns=2;s=st_20033-40_smbplc.main"
[2021-06-18 13:02:11][ua_config_parser: 144][UAConfigParser][[1;34mDEBUG[0m] "node_object_fresh: ns=2;s=st_20033-40_smbplc.main.digital_input_w0 ns=2;s=st_20033-40_smbplc.main"
[2021-06-18 13:02:11][ua_config_parser: 144][UAConfigParser][[1;34mDEBUG[0m] "node_object_fresh: ns=2;s=ex_20033-35_smbplc.tc1 ns=2;i=1"
[2021-06-18 13:02:11][ua_config_parser: 144][UAConfigParser][[1;34mDEBUG[0m] "node_object_fresh: ns=2;s=ex_20033-18_smbplc.tc2 ns=2;i=1"
[2021-06-18 13:02:11][ua_config_parser: 144][UAConfigParser][[1;34mDEBUG[0m] "node_object_fresh: ns=2;s=ex_20029_main.main ns=2;i=1"
[2021-06-18 13:02:11][ua_config_parser: 144][UAConfigParser][[1;34mDEBUG[0m] "node_object_fresh: ns=2;s=ex_20033-35_smbplc.main ns=2;i=1"
[2021-06-18 13:08:29][ua_config_parser: 144][UAConfigParser][[1;34mDEBUG[0m] "node_object_fresh: ns=2;s=st_20033-40_smbplc.main ns=2;i=1"
[2021-06-18 13:08:29][ua_config_parser: 144][UAConfigParser][[1;34mDEBUG[0m] "node_object_fresh: ns=2;s=st_20033-40_smbplc.main.ser_id ns=2;s=st_20033-40_smbplc.main"
[2021-06-18 13:08:29][ua_config_parser: 144][UAConfigParser][[1;34mDEBUG[0m] "node_object_fresh: ns=2;s=st_20033-40_smbplc.main.digital_input_w0 ns=2;s=st_20033-40_smbplc.main"
[2021-06-18 13:08:29][ua_config_parser: 144][UAConfigParser][[1;34mDEBUG[0m] "node_object_fresh: ns=2;s=ex_20033-35_smbplc.tc1 ns=2;i=1"
[2021-06-18 13:08:29][ua_config_parser: 144][UAConfigParser][[1;34mDEBUG[0m] "node_object_fresh: ns=2;s=ex_20033-18_smbplc.tc2 ns=2;i=1"
[2021-06-18 13:08:29][ua_config_parser: 144][UAConfigParser][[1;34mDEBUG[0m] "node_object_fresh: ns=2;s=ex_20029_main.main ns=2;i=1"
[2021-06-18 13:08:29][ua_config_parser: 144][UAConfigParser][[1;34mDEBUG[0m] "node_object_fresh: ns=2;s=ex_20033-35_smbplc.main ns=2;i=1"
[2021-06-18 13:09:40][ua_config_parser: 144][UAConfigParser][[1;34mDEBUG[0m] "node_object_fresh: ns=2;s=st_20033-40_smbplc.main ns=2;i=1"
[2021-06-18 13:09:40][ua_config_parser: 144][UAConfigParser][[1;34mDEBUG[0m] "node_object_fresh: ns=2;s=st_20033-40_smbplc.main.ser_id ns=2;s=st_20033-40_smbplc.main"
[2021-06-18 13:09:40][ua_config_parser: 144][UAConfigParser][[1;34mDEBUG[0m] "node_object_fresh: ns=2;s=st_20033-40_smbplc.main.digital_input_w0 ns=2;s=st_20033-40_smbplc.main"
[2021-06-18 13:09:40][ua_config_parser: 144][UAConfigParser][[1;34mDEBUG[0m] "node_object_fresh: ns=2;s=ex_20033-35_smbplc.tc1 ns=2;i=1"
[2021-06-18 13:09:40][ua_config_parser: 144][UAConfigParser][[1;34mDEBUG[0m] "node_object_fresh: ns=2;s=ex_20033-18_smbplc.tc2 ns=2;i=1"
[2021-06-18 13:09:40][ua_config_parser: 144][UAConfigParser][[1;34mDEBUG[0m] "node_object_fresh: ns=2;s=ex_20029_main.main ns=2;i=1"
[2021-06-18 13:09:40][ua_config_parser: 144][UAConfigParser][[1;34mDEBUG[0m] "node_object_fresh: ns=2;s=ex_20033-35_smbplc.main ns=2;i=1"
[2021-06-18 13:10:32][ua_config_parser: 144][UAConfigParser][[1;34mDEBUG[0m] "node_object_fresh: ns=2;s=st_20033-40_smbplc.main ns=2;i=1"
[2021-06-18 13:10:32][ua_config_parser: 144][UAConfigParser][[1;34mDEBUG[0m] "node_object_fresh: ns=2;s=st_20033-40_smbplc.main.ser_id ns=2;s=st_20033-40_smbplc.main"
[2021-06-18 13:10:32][ua_config_parser: 144][UAConfigParser][[1;34mDEBUG[0m] "node_object_fresh: ns=2;s=st_20033-40_smbplc.main.digital_input_w0 ns=2;s=st_20033-40_smbplc.main"
[2021-06-18 13:10:32][ua_config_parser: 144][UAConfigParser][[1;34mDEBUG[0m] "node_object_fresh: ns=2;s=ex_20033-35_smbplc.tc1 ns=2;i=1"
[2021-06-18 13:10:32][ua_config_parser: 144][UAConfigParser][[1;34mDEBUG[0m] "node_object_fresh: ns=2;s=ex_20033-18_smbplc.tc2 ns=2;i=1"
[2021-06-18 13:10:32][ua_config_parser: 144][UAConfigParser][[1;34mDEBUG[0m] "node_object_fresh: ns=2;s=ex_20029_main.main ns=2;i=1"
[2021-06-18 13:10:32][ua_config_parser: 144][UAConfigParser][[1;34mDEBUG[0m] "node_object_fresh: ns=2;s=ex_20033-35_smbplc.main ns=2;i=1"
[2021-06-18 13:26:31][ua_config_parser: 144][UAConfigParser][[1;34mDEBUG[0m] "node_object_fresh: ns=2;s=st_20033-40_smbplc.main ns=2;i=1"
[2021-06-18 13:26:31][ua_config_parser: 144][UAConfigParser][[1;34mDEBUG[0m] "node_object_fresh: ns=2;s=st_20033-40_smbplc.main.ser_id ns=2;s=st_20033-40_smbplc.main"
[2021-06-18 13:26:31][ua_config_parser: 144][UAConfigParser][[1;34mDEBUG[0m] "node_object_fresh: ns=2;s=st_20033-40_smbplc.main.digital_input_w0 ns=2;s=st_20033-40_smbplc.main"
[2021-06-18 13:26:31][ua_config_parser: 144][UAConfigParser][[1;34mDEBUG[0m] "node_object_fresh: ns=2;s=ex_20033-35_smbplc.tc1 ns=2;i=1"
[2021-06-18 13:26:31][ua_config_parser: 144][UAConfigParser][[1;34mDEBUG[0m] "node_object_fresh: ns=2;s=ex_20033-18_smbplc.tc2 ns=2;i=1"
[2021-06-18 13:26:31][ua_config_parser: 144][UAConfigParser][[1;34mDEBUG[0m] "node_object_fresh: ns=2;s=ex_20029_main.main ns=2;i=1"
[2021-06-18 13:26:31][ua_config_parser: 144][UAConfigParser][[1;34mDEBUG[0m] "node_object_fresh: ns=2;s=ex_20033-35_smbplc.main ns=2;i=1"
[2021-06-18 13:30:04][ua_config_parser: 144][UAConfigParser][[1;34mDEBUG[0m] "node_object_fresh: ns=2;s=st_20033-40_smbplc.main ns=2;i=1"
[2021-06-18 13:30:04][ua_config_parser: 144][UAConfigParser][[1;34mDEBUG[0m] "node_object_fresh: ns=2;s=st_20033-40_smbplc.main.ser_id ns=2;s=st_20033-40_smbplc.main"
[2021-06-18 13:30:04][ua_config_parser: 144][UAConfigParser][[1;34mDEBUG[0m] "node_object_fresh: ns=2;s=st_20033-40_smbplc.main.digital_input_w0 ns=2;s=st_20033-40_smbplc.main"
[2021-06-18 13:30:04][ua_config_parser: 144][UAConfigParser][[1;34mDEBUG[0m] "node_object_fresh: ns=2;s=ex_20033-35_smbplc.tc1 ns=2;i=1"
[2021-06-18 13:30:04][ua_config_parser: 144][UAConfigParser][[1;34mDEBUG[0m] "node_object_fresh: ns=2;s=ex_20033-18_smbplc.tc2 ns=2;i=1"
[2021-06-18 13:30:04][ua_config_parser: 144][UAConfigParser][[1;34mDEBUG[0m] "node_object_fresh: ns=2;s=ex_20029_main.main ns=2;i=1"
[2021-06-18 13:30:04][ua_config_parser: 144][UAConfigParser][[1;34mDEBUG[0m] "node_object_fresh: ns=2;s=ex_20033-35_smbplc.main ns=2;i=1"
[2021-06-18 13:35:32][ua_config_parser: 144][UAConfigParser][[1;34mDEBUG[0m] "node_object_fresh: ns=2;s=st_20033-40_smbplc.main ns=2;i=1"
[2021-06-18 13:35:32][ua_config_parser: 144][UAConfigParser][[1;34mDEBUG[0m] "node_object_fresh: ns=2;s=st_20033-40_smbplc.main.ser_id ns=2;s=st_20033-40_smbplc.main"
[2021-06-18 13:35:32][ua_config_parser: 144][UAConfigParser][[1;34mDEBUG[0m] "node_object_fresh: ns=2;s=st_20033-40_smbplc.main.digital_input_w0 ns=2;s=st_20033-40_smbplc.main"
[2021-06-18 13:35:32][ua_config_parser: 144][UAConfigParser][[1;34mDEBUG[0m] "node_object_fresh: ns=2;s=st_20033-40_smbplc.main.digital_output_w0 ns=2;s=st_20033-40_smbplc.main"
[2021-06-18 13:35:32][ua_config_parser: 144][UAConfigParser][[1;34mDEBUG[0m] "node_object_fresh: ns=2;s=ex_20033-35_smbplc.tc1 ns=2;i=1"
[2021-06-18 13:35:32][ua_config_parser: 144][UAConfigParser][[1;34mDEBUG[0m] "node_object_fresh: ns=2;s=ex_20033-18_smbplc.tc2 ns=2;i=1"
[2021-06-18 13:35:32][ua_config_parser: 144][UAConfigParser][[1;34mDEBUG[0m] "node_object_fresh: ns=2;s=ex_20029_main.main ns=2;i=1"
[2021-06-18 13:35:32][ua_config_parser: 144][UAConfigParser][[1;34mDEBUG[0m] "node_object_fresh: ns=2;s=ex_20033-35_smbplc.main ns=2;i=1"
